#
# There is insufficient memory for the Java Runtime Environment to continue.
# Native memory allocation (mmap) failed to map 127926272 bytes for Failed to commit area from 0x0000000091400000 to 0x0000000098e00000 of length 127926272.
# Possible reasons:
#   The system is out of physical RAM or swap space
#   The process is running with CompressedOops enabled, and the Java Heap may be blocking the growth of the native heap
# Possible solutions:
#   Reduce memory load on the system
#   Increase physical memory or swap space
#   Check if swap backing store is full
#   Decrease Java heap size (-Xmx/-Xms)
#   Decrease number of Java threads
#   Decrease Java thread stack sizes (-Xss)
#   Set larger code cache with -XX:ReservedCodeCacheSize=
#   JVM is running with Unscaled Compressed Oops mode in which the Java heap is
#     placed in the first 4GB address space. The Java Heap base address is the
#     maximum limit for the native heap growth. Please use -XX:HeapBaseMinAddress
#     to set the Java Heap base and to place the Java Heap above 4GB virtual address.
# This output file may be truncated or incomplete.
#
#  Out of Memory Error (./src/hotspot/os/windows/os_windows.cpp:3301), pid=8616, tid=7908
#
# JRE version: OpenJDK Runtime Environment (11.0.10) (build 11.0.10+0-b96-7249189)
# Java VM: OpenJDK 64-Bit Server VM (11.0.10+0-b96-7249189, mixed mode, tiered, compressed oops, g1 gc, windows-amd64)
# No core dump will be written. Minidumps are not enabled by default on client versions of Windows
#

---------------  S U M M A R Y ------------

Command Line: --add-opens=java.base/java.util=ALL-UNNAMED --add-opens=java.base/java.lang=ALL-UNNAMED --add-opens=java.base/java.lang.invoke=ALL-UNNAMED --add-opens=java.base/java.util=ALL-UNNAMED --add-opens=java.prefs/java.util.prefs=ALL-UNNAMED --add-opens=java.prefs/java.util.prefs=ALL-UNNAMED --add-opens=java.base/java.nio.charset=ALL-UNNAMED --add-opens=java.base/java.net=ALL-UNNAMED --add-opens=java.base/java.util.concurrent.atomic=ALL-UNNAMED -Xmx2048m -Dfile.encoding=UTF-8 -Duser.country=KR -Duser.language=ko -Duser.variant org.gradle.launcher.daemon.bootstrap.GradleDaemon 7.0.2

Host: Intel(R) Core(TM) i5-8250U CPU @ 1.60GHz, 8 cores, 7G,  Windows 10 , 64 bit Build 19041 (10.0.19041.1348)
Time: Mon Dec 20 10:55:01 2021 대한민국 표준시 elapsed time: 1141.640316 seconds (0d 0h 19m 1s)

---------------  T H R E A D  ---------------

Current thread (0x00000217f9309800):  VMThread "VM Thread" [stack: 0x0000006cdac00000,0x0000006cdad00000] [id=7908]

Stack: [0x0000006cdac00000,0x0000006cdad00000]
[error occurred during error reporting (printing stack bounds), id 0xc0000005, EXCEPTION_ACCESS_VIOLATION (0xc0000005) at pc=0x0000021780000f2d]

Native frames: (J=compiled Java code, j=interpreted, Vv=VM code, C=native code)
V  [jvm.dll+0x5ecfaa]
V  [jvm.dll+0x722bd5]
V  [jvm.dll+0x72412d]
V  [jvm.dll+0x724745]
V  [jvm.dll+0x7246fb]
V  [jvm.dll+0x5ec348]
V  [jvm.dll+0x5ecad8]
C  [ntdll.dll+0xa20cf]
C  [ntdll.dll+0x51454]
C  [ntdll.dll+0xa0bfe]
C  0x0000021780000f2d

VM_Operation (0x0000006cdfefc8c0): G1CollectForAllocation, mode: safepoint, requested by thread 0x00000217fecee000


---------------  P R O C E S S  ---------------

Threads class SMR info:
_java_thread_list=0x00000217fbe5bd90, length=88, elements={
0x00000217ed63e800, 0x00000217f930c000, 0x00000217f9317800, 0x00000217f9368000,
0x00000217f936a000, 0x00000217f936b000, 0x00000217f936c000, 0x00000217f936d000,
0x00000217f9377800, 0x00000217f94d4800, 0x00000217fae64000, 0x00000217fa96e800,
0x00000217f96fc800, 0x00000217fba88000, 0x00000217fba88800, 0x00000217fba86000,
0x00000217fba8a800, 0x00000217fba8b000, 0x00000217fba85800, 0x00000217fba8c000,
0x00000217fca47800, 0x00000217fca45800, 0x00000217fca4b800, 0x00000217fca4a800,
0x00000217fca49000, 0x00000217fca4c000, 0x00000217fca4d000, 0x00000217fca51000,
0x00000217fce6d800, 0x00000217fce6c000, 0x00000217fca52000, 0x0000021792da4800,
0x0000021792d99000, 0x0000021792d9d800, 0x00000217fce74000, 0x00000217fca46800,
0x00000217fca4e000, 0x00000217fca4e800, 0x00000217fca49800, 0x00000217fca54800,
0x00000217fca50800, 0x00000217fca52800, 0x00000217fca53800, 0x0000021792d9b800,
0x0000021792d9a000, 0x0000021792d9b000, 0x0000021792d97800, 0x0000021792d9c800,
0x0000021792d9e000, 0x0000021792d98800, 0x0000021792d9f000, 0x0000021792da4000,
0x0000021792da5800, 0x0000021792da0000, 0x0000021792da6800, 0x0000021792da2000,
0x0000021792da0800, 0x0000021792da3000, 0x00000217fce70000, 0x00000217fce6e800,
0x00000217fce6f800, 0x00000217fce71800, 0x00000217fce72800, 0x00000217fce6d000,
0x00000217fce77800, 0x00000217fce76000, 0x00000217fce79000, 0x00000217fce78000,
0x00000217fce75000, 0x00000217fce73800, 0x00000217fce7a000, 0x00000217fba89800,
0x0000021793013000, 0x00000217fc791800, 0x00000217fece8000, 0x00000217fecee000,
0x00000217feced000, 0x00000217fecea800, 0x00000217fecec000, 0x00000217fecee800,
0x00000217fecef800, 0x00000217fecea000, 0x00000217fecf0800, 0x00000217fecf1000,
0x00000217feceb800, 0x00000217fecf5000, 0x00000217fecf2000, 0x00000217fecf2800
}

Java Threads: ( => current thread )
  0x00000217ed63e800 JavaThread "main" [_thread_blocked, id=2216, stack(0x0000006cda600000,0x0000006cda700000)]
  0x00000217f930c000 JavaThread "Reference Handler" daemon [_thread_blocked, id=12676, stack(0x0000006cdad00000,0x0000006cdae00000)]
  0x00000217f9317800 JavaThread "Finalizer" daemon [_thread_blocked, id=5920, stack(0x0000006cdae00000,0x0000006cdaf00000)]
  0x00000217f9368000 JavaThread "Signal Dispatcher" daemon [_thread_blocked, id=4236, stack(0x0000006cdaf00000,0x0000006cdb000000)]
  0x00000217f936a000 JavaThread "Attach Listener" daemon [_thread_blocked, id=10208, stack(0x0000006cdb000000,0x0000006cdb100000)]
  0x00000217f936b000 JavaThread "Service Thread" daemon [_thread_blocked, id=8596, stack(0x0000006cdb100000,0x0000006cdb200000)]
  0x00000217f936c000 JavaThread "C2 CompilerThread0" daemon [_thread_in_native, id=10580, stack(0x0000006cdb200000,0x0000006cdb300000)]
  0x00000217f936d000 JavaThread "C1 CompilerThread0" daemon [_thread_blocked, id=13616, stack(0x0000006cdb300000,0x0000006cdb400000)]
  0x00000217f9377800 JavaThread "Sweeper thread" daemon [_thread_blocked, id=7372, stack(0x0000006cdb400000,0x0000006cdb500000)]
  0x00000217f94d4800 JavaThread "Common-Cleaner" daemon [_thread_blocked, id=8412, stack(0x0000006cdb500000,0x0000006cdb600000)]
  0x00000217fae64000 JavaThread "Daemon health stats" [_thread_blocked, id=13496, stack(0x0000006cdbb00000,0x0000006cdbc00000)]
  0x00000217fa96e800 JavaThread "Incoming local TCP Connector on port 65072" [_thread_in_native, id=5056, stack(0x0000006cdb700000,0x0000006cdb800000)]
  0x00000217f96fc800 JavaThread "Daemon periodic checks" [_thread_blocked, id=12884, stack(0x0000006cdb800000,0x0000006cdb900000)]
  0x00000217fba88000 JavaThread "Cache worker for file hash cache (C:\Users\hippo\.gradle\caches\7.0.2\fileHashes)" [_thread_blocked, id=2420, stack(0x0000006cdc800000,0x0000006cdc900000)]
  0x00000217fba88800 JavaThread "File lock request listener" [_thread_in_native, id=12648, stack(0x0000006cdc900000,0x0000006cdca00000)]
  0x00000217fba86000 JavaThread "Cache worker for journal cache (C:\Users\hippo\.gradle\caches\journal-1)" [_thread_blocked, id=3464, stack(0x0000006cdcb00000,0x0000006cdcc00000)]
  0x00000217fba8a800 JavaThread "File watcher server" daemon [_thread_blocked, id=3932, stack(0x0000006cdce00000,0x0000006cdcf00000)]
  0x00000217fba8b000 JavaThread "File watcher consumer" daemon [_thread_blocked, id=12968, stack(0x0000006cdcf00000,0x0000006cdd000000)]
  0x00000217fba85800 JavaThread "jar transforms" [_thread_blocked, id=4252, stack(0x0000006cdd000000,0x0000006cdd100000)]
  0x00000217fba8c000 JavaThread "jar transforms Thread 2" [_thread_blocked, id=11660, stack(0x0000006cdd100000,0x0000006cdd200000)]
  0x00000217fca47800 JavaThread "jar transforms Thread 3" [_thread_blocked, id=12572, stack(0x0000006cdd200000,0x0000006cdd300000)]
  0x00000217fca45800 JavaThread "jar transforms Thread 4" [_thread_blocked, id=1672, stack(0x0000006cdd300000,0x0000006cdd400000)]
  0x00000217fca4b800 JavaThread "jar transforms Thread 5" [_thread_blocked, id=12900, stack(0x0000006cdd400000,0x0000006cdd500000)]
  0x00000217fca4a800 JavaThread "jar transforms Thread 6" [_thread_blocked, id=11228, stack(0x0000006cdd500000,0x0000006cdd600000)]
  0x00000217fca49000 JavaThread "jar transforms Thread 7" [_thread_blocked, id=11548, stack(0x0000006cdd600000,0x0000006cdd700000)]
  0x00000217fca4c000 JavaThread "jar transforms Thread 8" [_thread_blocked, id=9444, stack(0x0000006cdd700000,0x0000006cdd800000)]
  0x00000217fca4d000 JavaThread "Cache worker for execution history cache (C:\Users\hippo\.gradle\caches\7.0.2\executionHistory)" [_thread_blocked, id=13988, stack(0x0000006cddb00000,0x0000006cddc00000)]
  0x00000217fca51000 JavaThread "Cache worker for file content cache (C:\Users\hippo\.gradle\caches\7.0.2\fileContent)" [_thread_blocked, id=2552, stack(0x0000006cddd00000,0x0000006cdde00000)]
  0x00000217fce6d800 JavaThread "Memory manager" [_thread_blocked, id=1608, stack(0x0000006cde800000,0x0000006cde900000)]
  0x00000217fce6c000 JavaThread "pool-3-thread-1" [_thread_blocked, id=8020, stack(0x0000006cde900000,0x0000006cdea00000)]
  0x00000217fca52000 JavaThread "pool-6-thread-1" [_thread_blocked, id=7544, stack(0x0000006cdea00000,0x0000006cdeb00000)]
  0x0000021792da4800 JavaThread "Java2D Disposer" daemon [_thread_blocked, id=8876, stack(0x0000006ce0000000,0x0000006ce0100000)]
  0x0000021792d99000 JavaThread "Daemon Thread 3" [_thread_blocked, id=10928, stack(0x0000006cda300000,0x0000006cda400000)]
  0x0000021792d9d800 JavaThread "Daemon worker Thread 3" [_thread_blocked, id=8884, stack(0x0000006cdbc00000,0x0000006cdbd00000)]
  0x00000217fce74000 JavaThread "pool-10-thread-1" [_thread_blocked, id=11696, stack(0x0000006cdeb00000,0x0000006cdec00000)]
  0x00000217fca46800 JavaThread "Handler for socket connection from /127.0.0.1:65072 to /127.0.0.1:49489" [_thread_in_native, id=7508, stack(0x0000006cda400000,0x0000006cda500000)]
  0x00000217fca4e000 JavaThread "Cancel handler" [_thread_blocked, id=11068, stack(0x0000006cda500000,0x0000006cda600000)]
  0x00000217fca4e800 JavaThread "Asynchronous log dispatcher for DefaultDaemonConnection: socket connection from /127.0.0.1:65072 to /127.0.0.1:49489" [_thread_blocked, id=11352, stack(0x0000006cdbf00000,0x0000006cdc000000)]
  0x00000217fca49800 JavaThread "Stdin handler" [_thread_blocked, id=3488, stack(0x0000006cdc000000,0x0000006cdc100000)]
  0x00000217fca54800 JavaThread "Daemon client event forwarder" [_thread_blocked, id=7868, stack(0x0000006cdc100000,0x0000006cdc200000)]
  0x00000217fca50800 JavaThread "Cache worker for file hash cache (C:\Users\hippo\AndroidStudioProjects\muscleJAVA-master\.gradle\7.0.2\fileHashes)" [_thread_blocked, id=10656, stack(0x0000006cdc200000,0x0000006cdc300000)]
  0x00000217fca52800 JavaThread "Cache worker for checksums cache (C:\Users\hippo\AndroidStudioProjects\muscleJAVA-master\.gradle\checksums)" [_thread_blocked, id=10636, stack(0x0000006cdcc00000,0x0000006cdcd00000)]
  0x00000217fca53800 JavaThread "Cache worker for cache directory md-supplier (C:\Users\hippo\.gradle\caches\7.0.2\md-supplier)" [_thread_blocked, id=2828, stack(0x0000006cdcd00000,0x0000006cdce00000)]
  0x0000021792d9b800 JavaThread "Cache worker for cache directory md-rule (C:\Users\hippo\.gradle\caches\7.0.2\md-rule)" [_thread_blocked, id=8976, stack(0x0000006cdd800000,0x0000006cdd900000)]
  0x0000021792d9a000 JavaThread "Cache worker for dependencies-accessors (C:\Users\hippo\AndroidStudioProjects\muscleJAVA-master\.gradle\7.0.2\dependencies-accessors)" [_thread_blocked, id=3848, stack(0x0000006cdd900000,0x0000006cdda00000)]
  0x0000021792d9b000 JavaThread "Cache worker for Build Output Cleanup Cache (C:\Users\hippo\AndroidStudioProjects\muscleJAVA-master\.gradle\buildOutputCleanup)" [_thread_blocked, id=6124, stack(0x0000006cdda00000,0x0000006cddb00000)]
  0x0000021792d97800 JavaThread "Build operations" [_thread_blocked, id=5752, stack(0x0000006cdde00000,0x0000006cddf00000)]
  0x0000021792d9c800 JavaThread "Build operations Thread 2" [_thread_blocked, id=12872, stack(0x0000006cddf00000,0x0000006cde000000)]
  0x0000021792d9e000 JavaThread "Build operations Thread 3" [_thread_blocked, id=6844, stack(0x0000006cde000000,0x0000006cde100000)]
  0x0000021792d98800 JavaThread "Build operations Thread 4" [_thread_blocked, id=1684, stack(0x0000006cde100000,0x0000006cde200000)]
  0x0000021792d9f000 JavaThread "Build operations Thread 5" [_thread_blocked, id=11428, stack(0x0000006cde200000,0x0000006cde300000)]
  0x0000021792da4000 JavaThread "Build operations Thread 6" [_thread_blocked, id=13588, stack(0x0000006cde300000,0x0000006cde400000)]
  0x0000021792da5800 JavaThread "Build operations Thread 7" [_thread_blocked, id=12208, stack(0x0000006cde400000,0x0000006cde500000)]
  0x0000021792da0000 JavaThread "Build operations Thread 8" [_thread_blocked, id=8116, stack(0x0000006cde500000,0x0000006cde600000)]
  0x0000021792da6800 JavaThread "build event listener" [_thread_blocked, id=13752, stack(0x0000006cde700000,0x0000006cde800000)]
  0x0000021792da2000 JavaThread "pool-14-thread-1" [_thread_blocked, id=10232, stack(0x0000006cdec00000,0x0000006cded00000)]
  0x0000021792da0800 JavaThread "build event listener" [_thread_blocked, id=13292, stack(0x0000006cded00000,0x0000006cdee00000)]
  0x0000021792da3000 JavaThread "Execution worker for ':'" [_thread_blocked, id=12800, stack(0x0000006cdee00000,0x0000006cdef00000)]
  0x00000217fce70000 JavaThread "Execution worker for ':' Thread 2" [_thread_blocked, id=1328, stack(0x0000006cdef00000,0x0000006cdf000000)]
  0x00000217fce6e800 JavaThread "Execution worker for ':' Thread 3" [_thread_blocked, id=5288, stack(0x0000006cdf000000,0x0000006cdf100000)]
  0x00000217fce6f800 JavaThread "Execution worker for ':' Thread 4" [_thread_blocked, id=6044, stack(0x0000006cdf100000,0x0000006cdf200000)]
  0x00000217fce71800 JavaThread "Execution worker for ':' Thread 5" [_thread_blocked, id=6540, stack(0x0000006cdf200000,0x0000006cdf300000)]
  0x00000217fce72800 JavaThread "Execution worker for ':' Thread 6" [_thread_blocked, id=10868, stack(0x0000006cdf300000,0x0000006cdf400000)]
  0x00000217fce6d000 JavaThread "Execution worker for ':' Thread 7" [_thread_blocked, id=9616, stack(0x0000006cdf400000,0x0000006cdf500000)]
  0x00000217fce77800 JavaThread "Cache worker for execution history cache (C:\Users\hippo\AndroidStudioProjects\muscleJAVA-master\.gradle\7.0.2\executionHistory)" [_thread_blocked, id=11744, stack(0x0000006cdf500000,0x0000006cdf600000)]
  0x00000217fce76000 JavaThread "WorkerExecutor Queue" [_thread_blocked, id=10592, stack(0x0000006cdf600000,0x0000006cdf700000)]
  0x00000217fce79000 JavaThread "WorkerExecutor Queue Thread 2" [_thread_blocked, id=3120, stack(0x0000006cdf700000,0x0000006cdf800000)]
  0x00000217fce78000 JavaThread "pool-15-thread-1" [_thread_blocked, id=6032, stack(0x0000006cdf800000,0x0000006cdf900000)]
  0x00000217fce75000 JavaThread "stderr" [_thread_in_native, id=12920, stack(0x0000006cdf900000,0x0000006cdfa00000)]
  0x00000217fce73800 JavaThread "stdout" [_thread_in_native, id=1468, stack(0x0000006cdfa00000,0x0000006cdfb00000)]
  0x00000217fce7a000 JavaThread "Cache worker for Java compile cache (C:\Users\hippo\.gradle\caches\7.0.2\javaCompile)" [_thread_blocked, id=6764, stack(0x0000006cdfb00000,0x0000006cdfc00000)]
  0x00000217fba89800 JavaThread "Cache worker for Java compile cache (C:\Users\hippo\AndroidStudioProjects\muscleJAVA-master\.gradle\7.0.2\javaCompile)" [_thread_blocked, id=7956, stack(0x0000006cdfc00000,0x0000006cdfd00000)]
  0x0000021793013000 JavaThread "C2 CompilerThread1" daemon [_thread_in_native, id=2752, stack(0x0000006cddc00000,0x0000006cddd00000)]
  0x00000217fc791800 JavaThread "C2 CompilerThread2" daemon [_thread_in_native, id=3316, stack(0x0000006cde600000,0x0000006cde700000)]
  0x00000217fece8000 JavaThread "WorkerExecutor Queue Thread 3" [_thread_blocked, id=2896, stack(0x0000006cdfd00000,0x0000006cdfe00000)]
  0x00000217fecee000 JavaThread "WorkerExecutor Queue Thread 4" [_thread_blocked, id=11632, stack(0x0000006cdfe00000,0x0000006cdff00000)]
  0x00000217feced000 JavaThread "WorkerExecutor Queue Thread 5" [_thread_blocked, id=13012, stack(0x0000006cdff00000,0x0000006ce0000000)]
  0x00000217fecea800 JavaThread "WorkerExecutor Queue Thread 6" [_thread_blocked, id=10920, stack(0x0000006ce0100000,0x0000006ce0200000)]
  0x00000217fecec000 JavaThread "WorkerExecutor Queue Thread 7" [_thread_blocked, id=8108, stack(0x0000006ce0200000,0x0000006ce0300000)]
  0x00000217fecee800 JavaThread "WorkerExecutor Queue Thread 8" [_thread_blocked, id=8716, stack(0x0000006ce0300000,0x0000006ce0400000)]
  0x00000217fecef800 JavaThread "ForkJoinPool-2-worker-3" daemon [_thread_blocked, id=5736, stack(0x0000006ce0500000,0x0000006ce0600000)]
  0x00000217fecea000 JavaThread "ForkJoinPool-2-worker-5" daemon [_thread_blocked, id=8112, stack(0x0000006ce0600000,0x0000006ce0700000)]
  0x00000217fecf0800 JavaThread "ForkJoinPool-2-worker-7" daemon [_thread_blocked, id=9724, stack(0x0000006ce0700000,0x0000006ce0800000)]
  0x00000217fecf1000 JavaThread "ForkJoinPool-2-worker-9" daemon [_thread_blocked, id=4932, stack(0x0000006ce0800000,0x0000006ce0900000)]
  0x00000217feceb800 JavaThread "ForkJoinPool-2-worker-11" daemon [_thread_blocked, id=10976, stack(0x0000006ce0900000,0x0000006ce0a00000)]
  0x00000217fecf5000 JavaThread "ForkJoinPool-2-worker-13" daemon [_thread_blocked, id=5744, stack(0x0000006ce0a00000,0x0000006ce0b00000)]
  0x00000217fecf2000 JavaThread "ForkJoinPool-2-worker-15" daemon [_thread_blocked, id=9852, stack(0x0000006ce0b00000,0x0000006ce0c00000)]
  0x00000217fecf2800 JavaThread "ForkJoinPool-2-worker-1" daemon [_thread_blocked, id=6628, stack(0x0000006ce0c00000,0x0000006ce0d00000)]

Other Threads:
=>0x00000217f9309800 VMThread "VM Thread" [stack: 0x0000006cdac00000,0x0000006cdad00000] [id=7908]
  0x00000217f9517000 WatcherThread [stack: 0x0000006cdb600000,0x0000006cdb700000] [id=7456]
  0x00000217ed656800 GCTaskThread "GC Thread#0" [stack: 0x0000006cda700000,0x0000006cda800000] [id=11756]
  0x00000217fa10c000 GCTaskThread "GC Thread#1" [stack: 0x0000006cdb900000,0x0000006cdba00000] [id=13128]
  0x00000217fa268800 GCTaskThread "GC Thread#2" [stack: 0x0000006cdba00000,0x0000006cdbb00000] [id=14096]
  0x00000217fa665800 GCTaskThread "GC Thread#3" [stack: 0x0000006cdc300000,0x0000006cdc400000] [id=10740]
  0x00000217fa455000 GCTaskThread "GC Thread#4" [stack: 0x0000006cdc400000,0x0000006cdc500000] [id=13240]
  0x00000217fc3f8800 GCTaskThread "GC Thread#5" [stack: 0x0000006cdc500000,0x0000006cdc600000] [id=4600]
  0x00000217fbbae000 GCTaskThread "GC Thread#6" [stack: 0x0000006cdc600000,0x0000006cdc700000] [id=3116]
  0x00000217fa342000 GCTaskThread "GC Thread#7" [stack: 0x0000006cdc700000,0x0000006cdc800000] [id=14216]
  0x00000217ed68a000 ConcurrentGCThread "G1 Main Marker" [stack: 0x0000006cda800000,0x0000006cda900000] [id=2112]
  0x00000217ed68b000 ConcurrentGCThread "G1 Conc#0" [stack: 0x0000006cda900000,0x0000006cdaa00000] [id=7740]
  0x00000217fabdd800 ConcurrentGCThread "G1 Conc#1" [stack: 0x0000006cdca00000,0x0000006cdcb00000] [id=6140]
  0x00000217f8932800 ConcurrentGCThread "G1 Refine#0" [stack: 0x0000006cdaa00000,0x0000006cdab00000] [id=1264]
  0x00000217fc7af000 ConcurrentGCThread "G1 Refine#1" [stack: 0x0000006ce0400000,0x0000006ce0500000] [id=14124]
  0x00000217fc7ac000 ConcurrentGCThread "G1 Refine#2" [stack: 0x0000006ce0d00000,0x0000006ce0e00000] [id=13760]
  0x00000217fc7aa000 ConcurrentGCThread "G1 Refine#3" [stack: 0x0000006ce0e00000,0x0000006ce0f00000] [id=13124]
  0x00000217f8933800 ConcurrentGCThread "G1 Young RemSet Sampling" [stack: 0x0000006cdab00000,0x0000006cdac00000] [id=2920]

Threads with active compile tasks:
C2 CompilerThread01141672 20116 %     4       com.android.tools.r8.dex.j::a @ 315 (1038 bytes)
C2 CompilerThread11141672 20208       4       com.android.tools.r8.code.w1::a (4137 bytes)
C2 CompilerThread21141672 20249       4       com.android.tools.r8.dex.j::e (654 bytes)

VM state:at safepoint (normal execution)

VM Mutex/Monitor currently owned by a thread:  ([mutex/lock_event])
[0x00000217eb4ea5a0] Threads_lock - owner thread: 0x00000217f9309800
[0x00000217eb4ea090] Heap_lock - owner thread: 0x00000217fecee000

Heap address: 0x0000000080000000, size: 2048 MB, Compressed Oops mode: 32-bit
Narrow klass base: 0x0000000000000000, Narrow klass shift: 3
Compressed class space size: 1073741824 Address: 0x0000000100000000

Heap:
 garbage-first heap   total 407552K, used 205520K [0x0000000080000000, 0x0000000100000000)
  region size 1024K, 5 young (5120K), 5 survivors (5120K)
 Metaspace       used 140470K, capacity 144793K, committed 145100K, reserved 1175552K
  class space    used 17573K, capacity 19115K, committed 19200K, reserved 1048576K
Heap Regions: E=young(eden), S=young(survivor), O=old, HS=humongous(starts), HC=humongous(continues), CS=collection set, F=free, A=archive, TAMS=top-at-mark-start (previous, next)
|   0|0x0000000080000000, 0x0000000080100000, 0x0000000080100000|100%| O|  |TAMS 0x0000000080100000, 0x0000000080000000| Untracked 
|   1|0x0000000080100000, 0x0000000080200000, 0x0000000080200000|100%| O|  |TAMS 0x0000000080200000, 0x0000000080100000| Untracked 
|   2|0x0000000080200000, 0x0000000080300000, 0x0000000080300000|100%| O|  |TAMS 0x0000000080300000, 0x0000000080200000| Untracked 
|   3|0x0000000080300000, 0x0000000080400000, 0x0000000080400000|100%|HS|  |TAMS 0x0000000080400000, 0x0000000080300000| Complete 
|   4|0x0000000080400000, 0x0000000080500000, 0x0000000080500000|100%|HC|  |TAMS 0x0000000080500000, 0x0000000080400000| Complete 
|   5|0x0000000080500000, 0x0000000080600000, 0x0000000080600000|100%|HC|  |TAMS 0x0000000080600000, 0x0000000080500000| Complete 
|   6|0x0000000080600000, 0x0000000080700000, 0x0000000080700000|100%| O|  |TAMS 0x0000000080700000, 0x0000000080600000| Untracked 
|   7|0x0000000080700000, 0x0000000080800000, 0x0000000080800000|100%| O|  |TAMS 0x0000000080800000, 0x0000000080700000| Untracked 
|   8|0x0000000080800000, 0x0000000080900000, 0x0000000080900000|100%| O|  |TAMS 0x0000000080900000, 0x0000000080800000| Untracked 
|   9|0x0000000080900000, 0x0000000080a00000, 0x0000000080a00000|100%| O|  |TAMS 0x0000000080a00000, 0x0000000080900000| Untracked 
|  10|0x0000000080a00000, 0x0000000080b00000, 0x0000000080b00000|100%| O|  |TAMS 0x0000000080b00000, 0x0000000080a00000| Untracked 
|  11|0x0000000080b00000, 0x0000000080c00000, 0x0000000080c00000|100%| O|  |TAMS 0x0000000080c00000, 0x0000000080b00000| Untracked 
|  12|0x0000000080c00000, 0x0000000080d00000, 0x0000000080d00000|100%| O|  |TAMS 0x0000000080d00000, 0x0000000080c00000| Untracked 
|  13|0x0000000080d00000, 0x0000000080e00000, 0x0000000080e00000|100%| O|  |TAMS 0x0000000080e00000, 0x0000000080d00000| Untracked 
|  14|0x0000000080e00000, 0x0000000080f00000, 0x0000000080f00000|100%| O|  |TAMS 0x0000000080f00000, 0x0000000080e00000| Untracked 
|  15|0x0000000080f00000, 0x0000000081000000, 0x0000000081000000|100%| O|  |TAMS 0x0000000081000000, 0x0000000080f00000| Untracked 
|  16|0x0000000081000000, 0x0000000081100000, 0x0000000081100000|100%|HS|  |TAMS 0x0000000081100000, 0x0000000081000000| Complete 
|  17|0x0000000081100000, 0x0000000081200000, 0x0000000081200000|100%|HC|  |TAMS 0x0000000081200000, 0x0000000081100000| Complete 
|  18|0x0000000081200000, 0x0000000081300000, 0x0000000081300000|100%|HS|  |TAMS 0x0000000081300000, 0x0000000081200000| Complete 
|  19|0x0000000081300000, 0x0000000081400000, 0x0000000081400000|100%|HC|  |TAMS 0x0000000081400000, 0x0000000081300000| Complete 
|  20|0x0000000081400000, 0x0000000081500000, 0x0000000081500000|100%|HC|  |TAMS 0x0000000081500000, 0x0000000081400000| Complete 
|  21|0x0000000081500000, 0x0000000081600000, 0x0000000081600000|100%|HS|  |TAMS 0x0000000081600000, 0x0000000081500000| Complete 
|  22|0x0000000081600000, 0x0000000081700000, 0x0000000081700000|100%|HC|  |TAMS 0x0000000081700000, 0x0000000081600000| Complete 
|  23|0x0000000081700000, 0x0000000081800000, 0x0000000081800000|100%|HC|  |TAMS 0x0000000081800000, 0x0000000081700000| Complete 
|  24|0x0000000081800000, 0x0000000081900000, 0x0000000081900000|100%|HC|  |TAMS 0x0000000081900000, 0x0000000081800000| Complete 
|  25|0x0000000081900000, 0x0000000081a00000, 0x0000000081a00000|100%|HC|  |TAMS 0x0000000081a00000, 0x0000000081900000| Complete 
|  26|0x0000000081a00000, 0x0000000081b00000, 0x0000000081b00000|100%| O|  |TAMS 0x0000000081b00000, 0x0000000081a00000| Untracked 
|  27|0x0000000081b00000, 0x0000000081c00000, 0x0000000081c00000|100%| O|  |TAMS 0x0000000081c00000, 0x0000000081b00000| Untracked 
|  28|0x0000000081c00000, 0x0000000081d00000, 0x0000000081d00000|100%| O|  |TAMS 0x0000000081d00000, 0x0000000081c00000| Untracked 
|  29|0x0000000081d00000, 0x0000000081e00000, 0x0000000081e00000|100%|HS|  |TAMS 0x0000000081e00000, 0x0000000081d00000| Complete 
|  30|0x0000000081e00000, 0x0000000081f00000, 0x0000000081f00000|100%|HC|  |TAMS 0x0000000081f00000, 0x0000000081e00000| Complete 
|  31|0x0000000081f00000, 0x0000000082000000, 0x0000000082000000|100%|HC|  |TAMS 0x0000000082000000, 0x0000000081f00000| Complete 
|  32|0x0000000082000000, 0x0000000082100000, 0x0000000082100000|100%| O|  |TAMS 0x0000000082100000, 0x0000000082000000| Untracked 
|  33|0x0000000082100000, 0x0000000082200000, 0x0000000082200000|100%| O|  |TAMS 0x0000000082200000, 0x0000000082100000| Untracked 
|  34|0x0000000082200000, 0x0000000082300000, 0x0000000082300000|100%| O|  |TAMS 0x0000000082300000, 0x0000000082200000| Untracked 
|  35|0x0000000082300000, 0x0000000082400000, 0x0000000082400000|100%|HS|  |TAMS 0x0000000082400000, 0x0000000082300000| Complete 
|  36|0x0000000082400000, 0x0000000082500000, 0x0000000082500000|100%|HC|  |TAMS 0x0000000082500000, 0x0000000082400000| Complete 
|  37|0x0000000082500000, 0x0000000082600000, 0x0000000082600000|100%|HC|  |TAMS 0x0000000082600000, 0x0000000082500000| Complete 
|  38|0x0000000082600000, 0x0000000082700000, 0x0000000082700000|100%|HC|  |TAMS 0x0000000082700000, 0x0000000082600000| Complete 
|  39|0x0000000082700000, 0x0000000082800000, 0x0000000082800000|100%|HC|  |TAMS 0x0000000082800000, 0x0000000082700000| Complete 
|  40|0x0000000082800000, 0x0000000082900000, 0x0000000082900000|100%| O|  |TAMS 0x0000000082900000, 0x0000000082800000| Untracked 
|  41|0x0000000082900000, 0x0000000082a00000, 0x0000000082a00000|100%| O|  |TAMS 0x0000000082a00000, 0x0000000082900000| Untracked 
|  42|0x0000000082a00000, 0x0000000082b00000, 0x0000000082b00000|100%| O|  |TAMS 0x0000000082b00000, 0x0000000082a00000| Untracked 
|  43|0x0000000082b00000, 0x0000000082c00000, 0x0000000082c00000|100%| O|  |TAMS 0x0000000082c00000, 0x0000000082b00000| Untracked 
|  44|0x0000000082c00000, 0x0000000082d00000, 0x0000000082d00000|100%| O|  |TAMS 0x0000000082d00000, 0x0000000082c00000| Untracked 
|  45|0x0000000082d00000, 0x0000000082e00000, 0x0000000082e00000|100%| O|  |TAMS 0x0000000082e00000, 0x0000000082d00000| Untracked 
|  46|0x0000000082e00000, 0x0000000082f00000, 0x0000000082f00000|100%| O|  |TAMS 0x0000000082f00000, 0x0000000082e00000| Untracked 
|  47|0x0000000082f00000, 0x0000000083000000, 0x0000000083000000|100%| O|  |TAMS 0x0000000083000000, 0x0000000082f00000| Untracked 
|  48|0x0000000083000000, 0x0000000083100000, 0x0000000083100000|100%| O|  |TAMS 0x0000000083100000, 0x0000000083000000| Untracked 
|  49|0x0000000083100000, 0x0000000083200000, 0x0000000083200000|100%| O|  |TAMS 0x0000000083200000, 0x0000000083100000| Untracked 
|  50|0x0000000083200000, 0x0000000083300000, 0x0000000083300000|100%|HS|  |TAMS 0x0000000083300000, 0x0000000083200000| Complete 
|  51|0x0000000083300000, 0x0000000083400000, 0x0000000083400000|100%|HS|  |TAMS 0x0000000083400000, 0x0000000083300000| Complete 
|  52|0x0000000083400000, 0x0000000083500000, 0x0000000083500000|100%|HS|  |TAMS 0x0000000083500000, 0x0000000083400000| Complete 
|  53|0x0000000083500000, 0x0000000083600000, 0x0000000083600000|100%|HC|  |TAMS 0x0000000083600000, 0x0000000083500000| Complete 
|  54|0x0000000083600000, 0x0000000083700000, 0x0000000083700000|100%| O|  |TAMS 0x0000000083700000, 0x0000000083600000| Untracked 
|  55|0x0000000083700000, 0x0000000083800000, 0x0000000083800000|100%| O|  |TAMS 0x0000000083800000, 0x0000000083700000| Untracked 
|  56|0x0000000083800000, 0x0000000083900000, 0x0000000083900000|100%| O|  |TAMS 0x0000000083900000, 0x0000000083800000| Untracked 
|  57|0x0000000083900000, 0x0000000083a00000, 0x0000000083a00000|100%| O|  |TAMS 0x0000000083a00000, 0x0000000083900000| Untracked 
|  58|0x0000000083a00000, 0x0000000083b00000, 0x0000000083b00000|100%| O|  |TAMS 0x0000000083b00000, 0x0000000083a00000| Untracked 
|  59|0x0000000083b00000, 0x0000000083c00000, 0x0000000083c00000|100%| O|  |TAMS 0x0000000083c00000, 0x0000000083b00000| Untracked 
|  60|0x0000000083c00000, 0x0000000083d00000, 0x0000000083d00000|100%| O|  |TAMS 0x0000000083d00000, 0x0000000083c00000| Untracked 
|  61|0x0000000083d00000, 0x0000000083e00000, 0x0000000083e00000|100%| O|  |TAMS 0x0000000083e00000, 0x0000000083d00000| Untracked 
|  62|0x0000000083e00000, 0x0000000083f00000, 0x0000000083f00000|100%| O|  |TAMS 0x0000000083f00000, 0x0000000083e00000| Untracked 
|  63|0x0000000083f00000, 0x0000000084000000, 0x0000000084000000|100%| O|  |TAMS 0x0000000084000000, 0x0000000083f00000| Untracked 
|  64|0x0000000084000000, 0x0000000084100000, 0x0000000084100000|100%| O|  |TAMS 0x0000000084100000, 0x0000000084000000| Untracked 
|  65|0x0000000084100000, 0x0000000084200000, 0x0000000084200000|100%| O|  |TAMS 0x0000000084200000, 0x0000000084100000| Untracked 
|  66|0x0000000084200000, 0x0000000084300000, 0x0000000084300000|100%| O|  |TAMS 0x0000000084300000, 0x0000000084200000| Untracked 
|  67|0x0000000084300000, 0x0000000084400000, 0x0000000084400000|100%| O|  |TAMS 0x0000000084400000, 0x0000000084300000| Untracked 
|  68|0x0000000084400000, 0x0000000084500000, 0x0000000084500000|100%| O|  |TAMS 0x0000000084500000, 0x0000000084400000| Untracked 
|  69|0x0000000084500000, 0x0000000084600000, 0x0000000084600000|100%| O|  |TAMS 0x0000000084600000, 0x0000000084500000| Untracked 
|  70|0x0000000084600000, 0x0000000084700000, 0x0000000084700000|100%| O|  |TAMS 0x0000000084700000, 0x0000000084600000| Untracked 
|  71|0x0000000084700000, 0x0000000084800000, 0x0000000084800000|100%| O|  |TAMS 0x0000000084800000, 0x0000000084700000| Untracked 
|  72|0x0000000084800000, 0x0000000084900000, 0x0000000084900000|100%| O|  |TAMS 0x0000000084900000, 0x0000000084800000| Untracked 
|  73|0x0000000084900000, 0x0000000084a00000, 0x0000000084a00000|100%| O|  |TAMS 0x0000000084a00000, 0x0000000084900000| Untracked 
|  74|0x0000000084a00000, 0x0000000084b00000, 0x0000000084b00000|100%| O|  |TAMS 0x0000000084b00000, 0x0000000084a00000| Untracked 
|  75|0x0000000084b00000, 0x0000000084c00000, 0x0000000084c00000|100%| O|  |TAMS 0x0000000084c00000, 0x0000000084b00000| Untracked 
|  76|0x0000000084c00000, 0x0000000084d00000, 0x0000000084d00000|100%| O|  |TAMS 0x0000000084d00000, 0x0000000084c00000| Untracked 
|  77|0x0000000084d00000, 0x0000000084e00000, 0x0000000084e00000|100%| O|  |TAMS 0x0000000084e00000, 0x0000000084d00000| Untracked 
|  78|0x0000000084e00000, 0x0000000084f00000, 0x0000000084f00000|100%| O|  |TAMS 0x0000000084f00000, 0x0000000084e00000| Untracked 
|  79|0x0000000084f00000, 0x0000000085000000, 0x0000000085000000|100%| O|  |TAMS 0x0000000085000000, 0x0000000084f00000| Untracked 
|  80|0x0000000085000000, 0x0000000085100000, 0x0000000085100000|100%| O|  |TAMS 0x0000000085100000, 0x0000000085000000| Untracked 
|  81|0x0000000085100000, 0x0000000085200000, 0x0000000085200000|100%| O|  |TAMS 0x0000000085200000, 0x0000000085100000| Untracked 
|  82|0x0000000085200000, 0x0000000085300000, 0x0000000085300000|100%| O|  |TAMS 0x0000000085300000, 0x0000000085200000| Untracked 
|  83|0x0000000085300000, 0x0000000085400000, 0x0000000085400000|100%| O|  |TAMS 0x0000000085400000, 0x0000000085300000| Untracked 
|  84|0x0000000085400000, 0x0000000085500000, 0x0000000085500000|100%| O|  |TAMS 0x0000000085500000, 0x0000000085400000| Untracked 
|  85|0x0000000085500000, 0x0000000085600000, 0x0000000085600000|100%| O|  |TAMS 0x0000000085600000, 0x0000000085500000| Untracked 
|  86|0x0000000085600000, 0x0000000085700000, 0x0000000085700000|100%| O|  |TAMS 0x0000000085700000, 0x0000000085600000| Untracked 
|  87|0x0000000085700000, 0x0000000085800000, 0x0000000085800000|100%| O|  |TAMS 0x0000000085800000, 0x0000000085700000| Untracked 
|  88|0x0000000085800000, 0x0000000085900000, 0x0000000085900000|100%| O|  |TAMS 0x0000000085900000, 0x0000000085800000| Untracked 
|  89|0x0000000085900000, 0x0000000085a00000, 0x0000000085a00000|100%| O|  |TAMS 0x0000000085a00000, 0x0000000085900000| Untracked 
|  90|0x0000000085a00000, 0x0000000085b00000, 0x0000000085b00000|100%| O|  |TAMS 0x0000000085b00000, 0x0000000085a00000| Untracked 
|  91|0x0000000085b00000, 0x0000000085c00000, 0x0000000085c00000|100%| O|  |TAMS 0x0000000085c00000, 0x0000000085b00000| Untracked 
|  92|0x0000000085c00000, 0x0000000085d00000, 0x0000000085d00000|100%| O|  |TAMS 0x0000000085d00000, 0x0000000085c00000| Untracked 
|  93|0x0000000085d00000, 0x0000000085e00000, 0x0000000085e00000|100%| O|  |TAMS 0x0000000085e00000, 0x0000000085d00000| Untracked 
|  94|0x0000000085e00000, 0x0000000085f00000, 0x0000000085f00000|100%| O|  |TAMS 0x0000000085f00000, 0x0000000085e00000| Untracked 
|  95|0x0000000085f00000, 0x0000000086000000, 0x0000000086000000|100%| O|  |TAMS 0x0000000086000000, 0x0000000085f00000| Untracked 
|  96|0x0000000086000000, 0x0000000086100000, 0x0000000086100000|100%| O|  |TAMS 0x0000000086100000, 0x0000000086000000| Untracked 
|  97|0x0000000086100000, 0x0000000086200000, 0x0000000086200000|100%| O|  |TAMS 0x0000000086200000, 0x0000000086100000| Untracked 
|  98|0x0000000086200000, 0x0000000086300000, 0x0000000086300000|100%| O|  |TAMS 0x0000000086300000, 0x0000000086200000| Untracked 
|  99|0x0000000086300000, 0x0000000086400000, 0x0000000086400000|100%| O|  |TAMS 0x0000000086400000, 0x0000000086300000| Untracked 
| 100|0x0000000086400000, 0x0000000086500000, 0x0000000086500000|100%| O|  |TAMS 0x0000000086500000, 0x0000000086400000| Untracked 
| 101|0x0000000086500000, 0x0000000086600000, 0x0000000086600000|100%| O|  |TAMS 0x0000000086600000, 0x0000000086500000| Untracked 
| 102|0x0000000086600000, 0x0000000086700000, 0x0000000086700000|100%| O|  |TAMS 0x0000000086700000, 0x0000000086600000| Untracked 
| 103|0x0000000086700000, 0x0000000086800000, 0x0000000086800000|100%| O|  |TAMS 0x0000000086800000, 0x0000000086700000| Untracked 
| 104|0x0000000086800000, 0x0000000086900000, 0x0000000086900000|100%| O|  |TAMS 0x0000000086900000, 0x0000000086800000| Untracked 
| 105|0x0000000086900000, 0x0000000086a00000, 0x0000000086a00000|100%| O|  |TAMS 0x0000000086a00000, 0x0000000086900000| Untracked 
| 106|0x0000000086a00000, 0x0000000086b00000, 0x0000000086b00000|100%| O|  |TAMS 0x0000000086b00000, 0x0000000086a00000| Untracked 
| 107|0x0000000086b00000, 0x0000000086c00000, 0x0000000086c00000|100%| O|  |TAMS 0x0000000086c00000, 0x0000000086b00000| Untracked 
| 108|0x0000000086c00000, 0x0000000086d00000, 0x0000000086d00000|100%| O|  |TAMS 0x0000000086d00000, 0x0000000086c00000| Untracked 
| 109|0x0000000086d00000, 0x0000000086e00000, 0x0000000086e00000|100%| O|  |TAMS 0x0000000086e00000, 0x0000000086d00000| Untracked 
| 110|0x0000000086e00000, 0x0000000086f00000, 0x0000000086f00000|100%| O|  |TAMS 0x0000000086e00000, 0x0000000086e00000| Untracked 
| 111|0x0000000086f00000, 0x0000000087000000, 0x0000000087000000|100%| O|  |TAMS 0x0000000087000000, 0x0000000086f00000| Untracked 
| 112|0x0000000087000000, 0x0000000087100000, 0x0000000087100000|100%| O|  |TAMS 0x0000000087100000, 0x0000000087000000| Untracked 
| 113|0x0000000087100000, 0x0000000087200000, 0x0000000087200000|100%| O|  |TAMS 0x0000000087200000, 0x0000000087100000| Untracked 
| 114|0x0000000087200000, 0x0000000087300000, 0x0000000087300000|100%| O|  |TAMS 0x0000000087200000, 0x0000000087200000| Untracked 
| 115|0x0000000087300000, 0x0000000087400000, 0x0000000087400000|100%| O|  |TAMS 0x0000000087300000, 0x0000000087300000| Untracked 
| 116|0x0000000087400000, 0x0000000087500000, 0x0000000087500000|100%| O|  |TAMS 0x0000000087500000, 0x0000000087400000| Untracked 
| 117|0x0000000087500000, 0x0000000087600000, 0x0000000087600000|100%| O|  |TAMS 0x0000000087500000, 0x0000000087500000| Untracked 
| 118|0x0000000087600000, 0x0000000087700000, 0x0000000087700000|100%| O|  |TAMS 0x0000000087700000, 0x0000000087600000| Untracked 
| 119|0x0000000087700000, 0x0000000087800000, 0x0000000087800000|100%| O|  |TAMS 0x0000000087800000, 0x0000000087700000| Untracked 
| 120|0x0000000087800000, 0x0000000087900000, 0x0000000087900000|100%| O|  |TAMS 0x0000000087900000, 0x0000000087800000| Untracked 
| 121|0x0000000087900000, 0x0000000087a00000, 0x0000000087a00000|100%| O|  |TAMS 0x0000000087900000, 0x0000000087900000| Untracked 
| 122|0x0000000087a00000, 0x0000000087b00000, 0x0000000087b00000|100%| O|  |TAMS 0x0000000087a00000, 0x0000000087a00000| Untracked 
| 123|0x0000000087b00000, 0x0000000087c00000, 0x0000000087c00000|100%| O|  |TAMS 0x0000000087c00000, 0x0000000087b00000| Untracked 
| 124|0x0000000087c00000, 0x0000000087d00000, 0x0000000087d00000|100%| O|  |TAMS 0x0000000087d00000, 0x0000000087c00000| Untracked 
| 125|0x0000000087d00000, 0x0000000087e00000, 0x0000000087e00000|100%| O|  |TAMS 0x0000000087e00000, 0x0000000087d00000| Untracked 
| 126|0x0000000087e00000, 0x0000000087f00000, 0x0000000087f00000|100%| O|  |TAMS 0x0000000087f00000, 0x0000000087e00000| Untracked 
| 127|0x0000000087f00000, 0x0000000088000000, 0x0000000088000000|100%| O|  |TAMS 0x0000000088000000, 0x0000000087f00000| Untracked 
| 128|0x0000000088000000, 0x0000000088100000, 0x0000000088100000|100%| O|  |TAMS 0x0000000088100000, 0x0000000088000000| Untracked 
| 129|0x0000000088100000, 0x0000000088200000, 0x0000000088200000|100%| O|  |TAMS 0x0000000088100000, 0x0000000088100000| Untracked 
| 130|0x0000000088200000, 0x0000000088300000, 0x0000000088300000|100%| O|  |TAMS 0x0000000088200000, 0x0000000088200000| Untracked 
| 131|0x0000000088300000, 0x0000000088400000, 0x0000000088400000|100%| O|  |TAMS 0x0000000088300000, 0x0000000088300000| Untracked 
| 132|0x0000000088400000, 0x0000000088500000, 0x0000000088500000|100%| O|  |TAMS 0x0000000088500000, 0x0000000088400000| Untracked 
| 133|0x0000000088500000, 0x0000000088600000, 0x0000000088600000|100%| O|  |TAMS 0x0000000088600000, 0x0000000088500000| Untracked 
| 134|0x0000000088600000, 0x0000000088700000, 0x0000000088700000|100%| O|  |TAMS 0x0000000088700000, 0x0000000088600000| Untracked 
| 135|0x0000000088700000, 0x0000000088800000, 0x0000000088800000|100%| O|  |TAMS 0x0000000088800000, 0x0000000088700000| Untracked 
| 136|0x0000000088800000, 0x0000000088900000, 0x0000000088900000|100%| O|  |TAMS 0x0000000088900000, 0x0000000088800000| Untracked 
| 137|0x0000000088900000, 0x0000000088a00000, 0x0000000088a00000|100%| O|  |TAMS 0x0000000088a00000, 0x0000000088900000| Untracked 
| 138|0x0000000088a00000, 0x0000000088b00000, 0x0000000088b00000|100%| O|  |TAMS 0x0000000088b00000, 0x0000000088a00000| Untracked 
| 139|0x0000000088b00000, 0x0000000088c00000, 0x0000000088c00000|100%| O|  |TAMS 0x0000000088c00000, 0x0000000088b00000| Untracked 
| 140|0x0000000088c00000, 0x0000000088d00000, 0x0000000088d00000|100%| O|  |TAMS 0x0000000088d00000, 0x0000000088c00000| Untracked 
| 141|0x0000000088d00000, 0x0000000088e00000, 0x0000000088e00000|100%| O|  |TAMS 0x0000000088e00000, 0x0000000088d00000| Untracked 
| 142|0x0000000088e00000, 0x0000000088f00000, 0x0000000088f00000|100%| O|  |TAMS 0x0000000088f00000, 0x0000000088e00000| Untracked 
| 143|0x0000000088f00000, 0x0000000089000000, 0x0000000089000000|100%| O|  |TAMS 0x0000000088f00000, 0x0000000088f00000| Untracked 
| 144|0x0000000089000000, 0x0000000089100000, 0x0000000089100000|100%| O|  |TAMS 0x0000000089000000, 0x0000000089000000| Untracked 
| 145|0x0000000089100000, 0x0000000089200000, 0x0000000089200000|100%| O|  |TAMS 0x0000000089200000, 0x0000000089100000| Untracked 
| 146|0x0000000089200000, 0x0000000089300000, 0x0000000089300000|100%| O|  |TAMS 0x0000000089300000, 0x0000000089200000| Untracked 
| 147|0x0000000089300000, 0x0000000089400000, 0x0000000089400000|100%| O|  |TAMS 0x0000000089300000, 0x0000000089300000| Untracked 
| 148|0x0000000089400000, 0x0000000089500000, 0x0000000089500000|100%| O|  |TAMS 0x0000000089500000, 0x0000000089400000| Untracked 
| 149|0x0000000089500000, 0x0000000089600000, 0x0000000089600000|100%| O|  |TAMS 0x0000000089600000, 0x0000000089500000| Untracked 
| 150|0x0000000089600000, 0x0000000089700000, 0x0000000089700000|100%| O|  |TAMS 0x0000000089700000, 0x0000000089600000| Untracked 
| 151|0x0000000089700000, 0x0000000089800000, 0x0000000089800000|100%| O|  |TAMS 0x0000000089800000, 0x0000000089700000| Untracked 
| 152|0x0000000089800000, 0x0000000089900000, 0x0000000089900000|100%| O|  |TAMS 0x0000000089900000, 0x0000000089800000| Untracked 
| 153|0x0000000089900000, 0x0000000089a00000, 0x0000000089a00000|100%| O|  |TAMS 0x0000000089a00000, 0x0000000089900000| Untracked 
| 154|0x0000000089a00000, 0x0000000089b00000, 0x0000000089b00000|100%| O|  |TAMS 0x0000000089b00000, 0x0000000089a00000| Untracked 
| 155|0x0000000089b00000, 0x0000000089c00000, 0x0000000089c00000|100%| O|  |TAMS 0x0000000089b00000, 0x0000000089b00000| Untracked 
| 156|0x0000000089c00000, 0x0000000089d00000, 0x0000000089d00000|100%| O|  |TAMS 0x0000000089c44400, 0x0000000089c00000| Untracked 
| 157|0x0000000089d00000, 0x0000000089e00000, 0x0000000089e00000|100%|HS|  |TAMS 0x0000000089d00000, 0x0000000089d00000| Complete 
| 158|0x0000000089e00000, 0x0000000089f00000, 0x0000000089f00000|100%|HC|  |TAMS 0x0000000089e00000, 0x0000000089e00000| Complete 
| 159|0x0000000089f00000, 0x000000008a000000, 0x000000008a000000|100%|HC|  |TAMS 0x0000000089f00000, 0x0000000089f00000| Complete 
| 160|0x000000008a000000, 0x000000008a100000, 0x000000008a100000|100%|HC|  |TAMS 0x000000008a000000, 0x000000008a000000| Complete 
| 161|0x000000008a100000, 0x000000008a200000, 0x000000008a200000|100%|HC|  |TAMS 0x000000008a100000, 0x000000008a100000| Complete 
| 162|0x000000008a200000, 0x000000008a300000, 0x000000008a300000|100%| O|  |TAMS 0x000000008a200000, 0x000000008a200000| Untracked 
| 163|0x000000008a300000, 0x000000008a400000, 0x000000008a400000|100%| O|  |TAMS 0x000000008a300000, 0x000000008a300000| Untracked 
| 164|0x000000008a400000, 0x000000008a500000, 0x000000008a500000|100%| O|  |TAMS 0x000000008a400000, 0x000000008a400000| Untracked 
| 165|0x000000008a500000, 0x000000008a600000, 0x000000008a600000|100%| O|  |TAMS 0x000000008a500000, 0x000000008a500000| Untracked 
| 166|0x000000008a600000, 0x000000008a700000, 0x000000008a700000|100%| O|  |TAMS 0x000000008a600000, 0x000000008a600000| Untracked 
| 167|0x000000008a700000, 0x000000008a800000, 0x000000008a800000|100%|HS|  |TAMS 0x000000008a700000, 0x000000008a700000| Complete 
| 168|0x000000008a800000, 0x000000008a900000, 0x000000008a900000|100%|HC|  |TAMS 0x000000008a800000, 0x000000008a800000| Complete 
| 169|0x000000008a900000, 0x000000008aa00000, 0x000000008aa00000|100%|HC|  |TAMS 0x000000008a900000, 0x000000008a900000| Complete 
| 170|0x000000008aa00000, 0x000000008ab00000, 0x000000008ab00000|100%|HC|  |TAMS 0x000000008aa00000, 0x000000008aa00000| Complete 
| 171|0x000000008ab00000, 0x000000008ac00000, 0x000000008ac00000|100%|HC|  |TAMS 0x000000008ab00000, 0x000000008ab00000| Complete 
| 172|0x000000008ac00000, 0x000000008ad00000, 0x000000008ad00000|100%| O|  |TAMS 0x000000008ac00000, 0x000000008ac00000| Untracked 
| 173|0x000000008ad00000, 0x000000008ae00000, 0x000000008ae00000|100%| O|  |TAMS 0x000000008ad00000, 0x000000008ad00000| Untracked 
| 174|0x000000008ae00000, 0x000000008af00000, 0x000000008af00000|100%| O|  |TAMS 0x000000008ae00000, 0x000000008ae00000| Untracked 
| 175|0x000000008af00000, 0x000000008b000000, 0x000000008b000000|100%| O|  |TAMS 0x000000008af00000, 0x000000008af00000| Untracked 
| 176|0x000000008b000000, 0x000000008b100000, 0x000000008b100000|100%| O|  |TAMS 0x000000008b000000, 0x000000008b000000| Untracked 
| 177|0x000000008b100000, 0x000000008b200000, 0x000000008b200000|100%| O|  |TAMS 0x000000008b100000, 0x000000008b100000| Untracked 
| 178|0x000000008b200000, 0x000000008b300000, 0x000000008b300000|100%| O|  |TAMS 0x000000008b200000, 0x000000008b200000| Untracked 
| 179|0x000000008b300000, 0x000000008b400000, 0x000000008b400000|100%| O|  |TAMS 0x000000008b300000, 0x000000008b300000| Untracked 
| 180|0x000000008b400000, 0x000000008b500000, 0x000000008b500000|100%| O|  |TAMS 0x000000008b400000, 0x000000008b400000| Untracked 
| 181|0x000000008b500000, 0x000000008b600000, 0x000000008b600000|100%| O|  |TAMS 0x000000008b500000, 0x000000008b500000| Untracked 
| 182|0x000000008b600000, 0x000000008b700000, 0x000000008b700000|100%| O|  |TAMS 0x000000008b600000, 0x000000008b600000| Untracked 
| 183|0x000000008b700000, 0x000000008b800000, 0x000000008b800000|100%| O|  |TAMS 0x000000008b700000, 0x000000008b700000| Untracked 
| 184|0x000000008b800000, 0x000000008b900000, 0x000000008b900000|100%| O|  |TAMS 0x000000008b800000, 0x000000008b800000| Untracked 
| 185|0x000000008b900000, 0x000000008ba00000, 0x000000008ba00000|100%| O|  |TAMS 0x000000008b900000, 0x000000008b900000| Untracked 
| 186|0x000000008ba00000, 0x000000008bb00000, 0x000000008bb00000|100%| O|  |TAMS 0x000000008ba00000, 0x000000008ba00000| Untracked 
| 187|0x000000008bb00000, 0x000000008bc00000, 0x000000008bc00000|100%| O|  |TAMS 0x000000008bb00000, 0x000000008bb00000| Untracked 
| 188|0x000000008bc00000, 0x000000008bd00000, 0x000000008bd00000|100%| O|  |TAMS 0x000000008bc00000, 0x000000008bc00000| Untracked 
| 189|0x000000008bd00000, 0x000000008be00000, 0x000000008be00000|100%| O|  |TAMS 0x000000008bd00000, 0x000000008bd00000| Untracked 
| 190|0x000000008be00000, 0x000000008bf00000, 0x000000008bf00000|100%| O|  |TAMS 0x000000008be00000, 0x000000008be00000| Untracked 
| 191|0x000000008bf00000, 0x000000008c000000, 0x000000008c000000|100%| O|  |TAMS 0x000000008bf00000, 0x000000008bf00000| Untracked 
| 192|0x000000008c000000, 0x000000008c100000, 0x000000008c100000|100%| O|  |TAMS 0x000000008c000000, 0x000000008c000000| Untracked 
| 193|0x000000008c100000, 0x000000008c200000, 0x000000008c200000|100%| O|  |TAMS 0x000000008c100000, 0x000000008c100000| Untracked 
| 194|0x000000008c200000, 0x000000008c300000, 0x000000008c300000|100%| O|  |TAMS 0x000000008c200000, 0x000000008c200000| Untracked 
| 195|0x000000008c300000, 0x000000008c3b4200, 0x000000008c400000| 70%| O|  |TAMS 0x000000008c300000, 0x000000008c300000| Untracked 
| 196|0x000000008c400000, 0x000000008c400000, 0x000000008c500000|  0%| F|  |TAMS 0x000000008c400000, 0x000000008c400000| Untracked 
| 197|0x000000008c500000, 0x000000008c500000, 0x000000008c600000|  0%| F|  |TAMS 0x000000008c500000, 0x000000008c500000| Untracked 
| 198|0x000000008c600000, 0x000000008c600000, 0x000000008c700000|  0%| F|  |TAMS 0x000000008c600000, 0x000000008c600000| Untracked 
| 199|0x000000008c700000, 0x000000008c700000, 0x000000008c800000|  0%| F|  |TAMS 0x000000008c700000, 0x000000008c700000| Untracked 
| 200|0x000000008c800000, 0x000000008c800000, 0x000000008c900000|  0%| F|  |TAMS 0x000000008c800000, 0x000000008c800000| Untracked 
| 201|0x000000008c900000, 0x000000008c900000, 0x000000008ca00000|  0%| F|  |TAMS 0x000000008c900000, 0x000000008c900000| Untracked 
| 202|0x000000008ca00000, 0x000000008ca00000, 0x000000008cb00000|  0%| F|  |TAMS 0x000000008ca00000, 0x000000008ca00000| Untracked 
| 203|0x000000008cb00000, 0x000000008cb00000, 0x000000008cc00000|  0%| F|  |TAMS 0x000000008cb00000, 0x000000008cb00000| Untracked 
| 204|0x000000008cc00000, 0x000000008cc00000, 0x000000008cd00000|  0%| F|  |TAMS 0x000000008cc00000, 0x000000008cc00000| Untracked 
| 205|0x000000008cd00000, 0x000000008cd00000, 0x000000008ce00000|  0%| F|  |TAMS 0x000000008cd00000, 0x000000008cd00000| Untracked 
| 206|0x000000008ce00000, 0x000000008ce00000, 0x000000008cf00000|  0%| F|  |TAMS 0x000000008ce00000, 0x000000008ce00000| Untracked 
| 207|0x000000008cf00000, 0x000000008cf00000, 0x000000008d000000|  0%| F|  |TAMS 0x000000008cf00000, 0x000000008cf00000| Untracked 
| 208|0x000000008d000000, 0x000000008d000000, 0x000000008d100000|  0%| F|  |TAMS 0x000000008d000000, 0x000000008d000000| Untracked 
| 209|0x000000008d100000, 0x000000008d100000, 0x000000008d200000|  0%| F|  |TAMS 0x000000008d100000, 0x000000008d100000| Untracked 
| 210|0x000000008d200000, 0x000000008d200000, 0x000000008d300000|  0%| F|  |TAMS 0x000000008d200000, 0x000000008d200000| Untracked 
| 211|0x000000008d300000, 0x000000008d300000, 0x000000008d400000|  0%| F|  |TAMS 0x000000008d300000, 0x000000008d300000| Untracked 
| 212|0x000000008d400000, 0x000000008d400000, 0x000000008d500000|  0%| F|  |TAMS 0x000000008d400000, 0x000000008d400000| Untracked 
| 213|0x000000008d500000, 0x000000008d500000, 0x000000008d600000|  0%| F|  |TAMS 0x000000008d500000, 0x000000008d500000| Untracked 
| 214|0x000000008d600000, 0x000000008d600000, 0x000000008d700000|  0%| F|  |TAMS 0x000000008d600000, 0x000000008d600000| Untracked 
| 215|0x000000008d700000, 0x000000008d700000, 0x000000008d800000|  0%| F|  |TAMS 0x000000008d700000, 0x000000008d700000| Untracked 
| 216|0x000000008d800000, 0x000000008d800000, 0x000000008d900000|  0%| F|  |TAMS 0x000000008d800000, 0x000000008d800000| Untracked 
| 217|0x000000008d900000, 0x000000008d900000, 0x000000008da00000|  0%| F|  |TAMS 0x000000008d900000, 0x000000008d900000| Untracked 
| 218|0x000000008da00000, 0x000000008da00000, 0x000000008db00000|  0%| F|  |TAMS 0x000000008da00000, 0x000000008da00000| Untracked 
| 219|0x000000008db00000, 0x000000008db00000, 0x000000008dc00000|  0%| F|  |TAMS 0x000000008db00000, 0x000000008db00000| Untracked 
| 220|0x000000008dc00000, 0x000000008dc00000, 0x000000008dd00000|  0%| F|  |TAMS 0x000000008dc00000, 0x000000008dc00000| Untracked 
| 221|0x000000008dd00000, 0x000000008dd00000, 0x000000008de00000|  0%| F|  |TAMS 0x000000008dd00000, 0x000000008dd00000| Untracked 
| 222|0x000000008de00000, 0x000000008de00000, 0x000000008df00000|  0%| F|  |TAMS 0x000000008de00000, 0x000000008de00000| Untracked 
| 223|0x000000008df00000, 0x000000008df00000, 0x000000008e000000|  0%| F|  |TAMS 0x000000008df00000, 0x000000008df00000| Untracked 
| 224|0x000000008e000000, 0x000000008e000000, 0x000000008e100000|  0%| F|  |TAMS 0x000000008e000000, 0x000000008e000000| Untracked 
| 225|0x000000008e100000, 0x000000008e100000, 0x000000008e200000|  0%| F|  |TAMS 0x000000008e100000, 0x000000008e100000| Untracked 
| 226|0x000000008e200000, 0x000000008e200000, 0x000000008e300000|  0%| F|  |TAMS 0x000000008e200000, 0x000000008e200000| Untracked 
| 227|0x000000008e300000, 0x000000008e300000, 0x000000008e400000|  0%| F|  |TAMS 0x000000008e300000, 0x000000008e300000| Untracked 
| 228|0x000000008e400000, 0x000000008e400000, 0x000000008e500000|  0%| F|  |TAMS 0x000000008e400000, 0x000000008e400000| Untracked 
| 229|0x000000008e500000, 0x000000008e500000, 0x000000008e600000|  0%| F|  |TAMS 0x000000008e500000, 0x000000008e500000| Untracked 
| 230|0x000000008e600000, 0x000000008e600000, 0x000000008e700000|  0%| F|  |TAMS 0x000000008e600000, 0x000000008e600000| Untracked 
| 231|0x000000008e700000, 0x000000008e700000, 0x000000008e800000|  0%| F|  |TAMS 0x000000008e700000, 0x000000008e700000| Untracked 
| 232|0x000000008e800000, 0x000000008e800000, 0x000000008e900000|  0%| F|  |TAMS 0x000000008e800000, 0x000000008e800000| Untracked 
| 233|0x000000008e900000, 0x000000008e900000, 0x000000008ea00000|  0%| F|  |TAMS 0x000000008e900000, 0x000000008e900000| Untracked 
| 234|0x000000008ea00000, 0x000000008ea00000, 0x000000008eb00000|  0%| F|  |TAMS 0x000000008ea00000, 0x000000008ea00000| Untracked 
| 235|0x000000008eb00000, 0x000000008eb00000, 0x000000008ec00000|  0%| F|  |TAMS 0x000000008eb00000, 0x000000008eb00000| Untracked 
| 236|0x000000008ec00000, 0x000000008ec00000, 0x000000008ed00000|  0%| F|  |TAMS 0x000000008ec00000, 0x000000008ec00000| Untracked 
| 237|0x000000008ed00000, 0x000000008ed00000, 0x000000008ee00000|  0%| F|  |TAMS 0x000000008ed00000, 0x000000008ed00000| Untracked 
| 238|0x000000008ee00000, 0x000000008ee00000, 0x000000008ef00000|  0%| F|  |TAMS 0x000000008ee00000, 0x000000008ee00000| Untracked 
| 239|0x000000008ef00000, 0x000000008ef00000, 0x000000008f000000|  0%| F|  |TAMS 0x000000008ef00000, 0x000000008ef00000| Untracked 
| 240|0x000000008f000000, 0x000000008f100000, 0x000000008f100000|100%| S|CS|TAMS 0x000000008f000000, 0x000000008f000000| Complete 
| 241|0x000000008f100000, 0x000000008f200000, 0x000000008f200000|100%| S|CS|TAMS 0x000000008f100000, 0x000000008f100000| Complete 
| 242|0x000000008f200000, 0x000000008f300000, 0x000000008f300000|100%| S|CS|TAMS 0x000000008f200000, 0x000000008f200000| Complete 
| 243|0x000000008f300000, 0x000000008f400000, 0x000000008f400000|100%| S|CS|TAMS 0x000000008f300000, 0x000000008f300000| Complete 
| 244|0x000000008f400000, 0x000000008f500000, 0x000000008f500000|100%| S|CS|TAMS 0x000000008f400000, 0x000000008f400000| Complete 
| 245|0x000000008f500000, 0x000000008f500000, 0x000000008f600000|  0%| F|  |TAMS 0x000000008f500000, 0x000000008f500000| Untracked 
| 246|0x000000008f600000, 0x000000008f600000, 0x000000008f700000|  0%| F|  |TAMS 0x000000008f600000, 0x000000008f600000| Untracked 
| 247|0x000000008f700000, 0x000000008f700000, 0x000000008f800000|  0%| F|  |TAMS 0x000000008f700000, 0x000000008f700000| Untracked 
| 248|0x000000008f800000, 0x000000008f800000, 0x000000008f900000|  0%| F|  |TAMS 0x000000008f800000, 0x000000008f800000| Untracked 
| 249|0x000000008f900000, 0x000000008f900000, 0x000000008fa00000|  0%| F|  |TAMS 0x000000008f900000, 0x000000008f900000| Untracked 
| 250|0x000000008fa00000, 0x000000008fa00000, 0x000000008fb00000|  0%| F|  |TAMS 0x000000008fa00000, 0x000000008fa00000| Untracked 
| 251|0x000000008fb00000, 0x000000008fb00000, 0x000000008fc00000|  0%| F|  |TAMS 0x000000008fb00000, 0x000000008fb00000| Untracked 
| 252|0x000000008fc00000, 0x000000008fc00000, 0x000000008fd00000|  0%| F|  |TAMS 0x000000008fc00000, 0x000000008fc00000| Untracked 
| 253|0x000000008fd00000, 0x000000008fd00000, 0x000000008fe00000|  0%| F|  |TAMS 0x000000008fd00000, 0x000000008fd00000| Untracked 
| 254|0x000000008fe00000, 0x000000008fe00000, 0x000000008ff00000|  0%| F|  |TAMS 0x000000008fe00000, 0x000000008fe00000| Untracked 
| 255|0x000000008ff00000, 0x000000008ff00000, 0x0000000090000000|  0%| F|  |TAMS 0x000000008ff00000, 0x000000008ff00000| Untracked 
| 256|0x0000000090000000, 0x0000000090000000, 0x0000000090100000|  0%| F|  |TAMS 0x0000000090000000, 0x0000000090000000| Untracked 
| 257|0x0000000090100000, 0x0000000090100000, 0x0000000090200000|  0%| F|  |TAMS 0x0000000090100000, 0x0000000090100000| Untracked 
| 258|0x0000000090200000, 0x0000000090200000, 0x0000000090300000|  0%| F|  |TAMS 0x0000000090200000, 0x0000000090200000| Untracked 
| 259|0x0000000090300000, 0x0000000090300000, 0x0000000090400000|  0%| F|  |TAMS 0x0000000090300000, 0x0000000090300000| Untracked 
| 260|0x0000000090400000, 0x0000000090400000, 0x0000000090500000|  0%| F|  |TAMS 0x0000000090400000, 0x0000000090400000| Untracked 
| 261|0x0000000090500000, 0x0000000090500000, 0x0000000090600000|  0%| F|  |TAMS 0x0000000090500000, 0x0000000090500000| Untracked 
| 262|0x0000000090600000, 0x0000000090600000, 0x0000000090700000|  0%| F|  |TAMS 0x0000000090600000, 0x0000000090600000| Untracked 
| 263|0x0000000090700000, 0x0000000090700000, 0x0000000090800000|  0%| F|  |TAMS 0x0000000090700000, 0x0000000090700000| Untracked 
| 264|0x0000000090800000, 0x0000000090800000, 0x0000000090900000|  0%| F|  |TAMS 0x0000000090800000, 0x0000000090800000| Untracked 
| 265|0x0000000090900000, 0x0000000090900000, 0x0000000090a00000|  0%| F|  |TAMS 0x0000000090900000, 0x0000000090900000| Untracked 
| 266|0x0000000090a00000, 0x0000000090a00000, 0x0000000090b00000|  0%| F|  |TAMS 0x0000000090a00000, 0x0000000090a00000| Untracked 
| 267|0x0000000090b00000, 0x0000000090b00000, 0x0000000090c00000|  0%| F|  |TAMS 0x0000000090b00000, 0x0000000090b00000| Untracked 
| 268|0x0000000090c00000, 0x0000000090c00000, 0x0000000090d00000|  0%| F|  |TAMS 0x0000000090c00000, 0x0000000090c00000| Untracked 
| 269|0x0000000090d00000, 0x0000000090d00000, 0x0000000090e00000|  0%| F|  |TAMS 0x0000000090d00000, 0x0000000090d00000| Untracked 
| 270|0x0000000090e00000, 0x0000000090e00000, 0x0000000090f00000|  0%| F|  |TAMS 0x0000000090e00000, 0x0000000090e00000| Untracked 
| 271|0x0000000090f00000, 0x0000000090f00000, 0x0000000091000000|  0%| F|  |TAMS 0x0000000090f00000, 0x0000000090f00000| Untracked 
| 272|0x0000000091000000, 0x0000000091000000, 0x0000000091100000|  0%| F|  |TAMS 0x0000000091000000, 0x0000000091000000| Untracked 
| 273|0x0000000091100000, 0x0000000091100000, 0x0000000091200000|  0%| F|  |TAMS 0x0000000091100000, 0x0000000091100000| Untracked 
| 274|0x0000000091200000, 0x0000000091200000, 0x0000000091300000|  0%| F|  |TAMS 0x0000000091200000, 0x0000000091200000| Untracked 
| 275|0x0000000091300000, 0x0000000091300000, 0x0000000091400000|  0%| F|  |TAMS 0x0000000091300000, 0x0000000091300000| Untracked 

Card table byte_map: [0x00000217f1860000,0x00000217f1c60000] _byte_map_base: 0x00000217f1460000

Marking Bits (Prev, Next): (CMBitMap*) 0x00000217ed6814a8, (CMBitMap*) 0x00000217ed6814e0
 Prev Bits: [0x00000217f2060000, 0x00000217f4060000)
 Next Bits: [0x00000217f4060000, 0x00000217f6060000)

Polling page: 0x00000217eb590000

Metaspace:

Usage:
  Non-class:    122.73 MB capacity,   120.02 MB ( 98%) used,     2.25 MB (  2%) free+waste,   479.19 KB ( <1%) overhead. 
      Class:     18.67 MB capacity,    17.16 MB ( 92%) used,     1.29 MB (  7%) free+waste,   215.63 KB (  1%) overhead. 
       Both:    141.40 MB capacity,   137.18 MB ( 97%) used,     3.54 MB (  3%) free+waste,   694.81 KB ( <1%) overhead. 

Virtual space:
  Non-class space:      124.00 MB reserved,     122.95 MB (>99%) committed 
      Class space:        1.00 GB reserved,      18.75 MB (  2%) committed 
             Both:        1.12 GB reserved,     141.70 MB ( 12%) committed 

Chunk freelists:
   Non-Class:  30.00 KB
       Class:  85.00 KB
        Both:  115.00 KB

MaxMetaspaceSize: 17179869184.00 GB
CompressedClassSpaceSize: 1.00 GB

CodeHeap 'non-profiled nmethods': size=120000Kb used=12128Kb max_used=12128Kb free=107871Kb
 bounds [0x0000021787ad0000, 0x00000217886b0000, 0x000002178f000000]
CodeHeap 'profiled nmethods': size=120000Kb used=43852Kb max_used=43852Kb free=76147Kb
 bounds [0x00000217805a0000, 0x0000021783080000, 0x0000021787ad0000]
CodeHeap 'non-nmethods': size=5760Kb used=2455Kb max_used=2516Kb free=3304Kb
 bounds [0x0000021780000000, 0x0000021780290000, 0x00000217805a0000]
 total_blobs=20361 nmethods=19238 adapters=1033
 compilation: enabled
              stopped_count=0, restarted_count=0
 full_count=0

Compilation events (20 events):
Event: 1141.599 Thread 0x00000217f936d000 20525       2       com.android.tools.r8.code.J0::a (1 bytes)
Event: 1141.599 Thread 0x00000217f936d000 nmethod 20525 0x0000021783077d90 code [0x0000021783077f40, 0x0000021783078038]
Event: 1141.599 Thread 0x00000217f936d000 20526       2       com.android.tools.r8.code.N1::H (4 bytes)
Event: 1141.599 Thread 0x00000217f936d000 nmethod 20526 0x0000021783078110 code [0x00000217830782c0, 0x00000217830783b8]
Event: 1141.600 Thread 0x00000217f936d000 20528       1       com.android.tools.r8.code.Z::B (2 bytes)
Event: 1141.600 Thread 0x00000217f936d000 nmethod 20528 0x00000217886a7e10 code [0x00000217886a7fc0, 0x00000217886a8078]
Event: 1141.601 Thread 0x00000217f936d000 20529 %     3       com.android.tools.r8.graph.E::a @ 18 (275 bytes)
Event: 1141.602 Thread 0x00000217f936d000 nmethod 20529% 0x0000021783078490 code [0x00000217830787c0, 0x0000021783079db8]
Event: 1141.602 Thread 0x00000217f936d000 20534       2       com.android.tools.r8.graph.Z::a (222 bytes)
Event: 1141.605 Thread 0x00000217f936d000 nmethod 20534 0x000002178307a610 code [0x000002178307a980, 0x000002178307b8d8]
Event: 1141.605 Thread 0x00000217f936d000 20532       2       com.android.tools.r8.dex.z::a (9 bytes)
Event: 1141.605 Thread 0x00000217f936d000 nmethod 20532 0x000002178307c390 code [0x000002178307c540, 0x000002178307c688]
Event: 1141.605 Thread 0x00000217f936d000 20533       2       com.android.tools.r8.dex.z$g::b (18 bytes)
Event: 1141.605 Thread 0x00000217f936d000 nmethod 20533 0x000002178307c790 code [0x000002178307c940, 0x000002178307ca68]
Event: 1141.605 Thread 0x00000217f936d000 20530       2       com.android.tools.r8.code.N0::a (1 bytes)
Event: 1141.605 Thread 0x00000217f936d000 nmethod 20530 0x000002178307cb90 code [0x000002178307cd40, 0x000002178307ce38]
Event: 1141.605 Thread 0x00000217f936d000 20531       2       com.android.tools.r8.code.G2::a (16 bytes)
Event: 1141.606 Thread 0x00000217f936d000 nmethod 20531 0x000002178307cf10 code [0x000002178307d100, 0x000002178307d318]
Event: 1141.606 Thread 0x00000217f936d000 20536       2       com.android.tools.r8.code.I2::a (1 bytes)
Event: 1141.606 Thread 0x00000217f936d000 nmethod 20536 0x000002178307d490 code [0x000002178307d640, 0x000002178307d738]

GC Heap History (20 events):
Event: 1138.827 GC heap after
{Heap after GC invocations=75 (full 0):
 garbage-first heap   total 227328K, used 134569K [0x0000000080000000, 0x0000000100000000)
  region size 1024K, 3 young (3072K), 3 survivors (3072K)
 Metaspace       used 129425K, capacity 133039K, committed 133196K, reserved 1165312K
  class space    used 15955K, capacity 17229K, committed 17280K, reserved 1048576K
}
Event: 1138.854 GC heap before
{Heap before GC invocations=75 (full 0):
 garbage-first heap   total 227328K, used 136617K [0x0000000080000000, 0x0000000100000000)
  region size 1024K, 5 young (5120K), 3 survivors (3072K)
 Metaspace       used 129505K, capacity 133045K, committed 133196K, reserved 1165312K
  class space    used 15961K, capacity 17231K, committed 17280K, reserved 1048576K
}
Event: 1138.859 GC heap after
{Heap after GC invocations=76 (full 0):
 garbage-first heap   total 227328K, used 135619K [0x0000000080000000, 0x0000000100000000)
  region size 1024K, 3 young (3072K), 3 survivors (3072K)
 Metaspace       used 129505K, capacity 133045K, committed 133196K, reserved 1165312K
  class space    used 15961K, capacity 17231K, committed 17280K, reserved 1048576K
}
Event: 1139.267 GC heap before
{Heap before GC invocations=77 (full 0):
 garbage-first heap   total 227328K, used 176579K [0x0000000080000000, 0x0000000100000000)
  region size 1024K, 41 young (41984K), 3 survivors (3072K)
 Metaspace       used 131310K, capacity 135027K, committed 135244K, reserved 1167360K
  class space    used 16217K, capacity 17527K, committed 17536K, reserved 1048576K
}
Event: 1139.280 GC heap after
{Heap after GC invocations=78 (full 0):
 garbage-first heap   total 227328K, used 145677K [0x0000000080000000, 0x0000000100000000)
  region size 1024K, 6 young (6144K), 6 survivors (6144K)
 Metaspace       used 131310K, capacity 135027K, committed 135244K, reserved 1167360K
  class space    used 16217K, capacity 17527K, committed 17536K, reserved 1048576K
}
Event: 1139.300 GC heap before
{Heap before GC invocations=78 (full 0):
 garbage-first heap   total 227328K, used 150797K [0x0000000080000000, 0x0000000100000000)
  region size 1024K, 11 young (11264K), 6 survivors (6144K)
 Metaspace       used 131346K, capacity 135032K, committed 135244K, reserved 1167360K
  class space    used 16218K, capacity 17527K, committed 17536K, reserved 1048576K
}
Event: 1139.312 GC heap after
{Heap after GC invocations=79 (full 0):
 garbage-first heap   total 227328K, used 145741K [0x0000000080000000, 0x0000000100000000)
  region size 1024K, 2 young (2048K), 2 survivors (2048K)
 Metaspace       used 131346K, capacity 135032K, committed 135244K, reserved 1167360K
  class space    used 16218K, capacity 17527K, committed 17536K, reserved 1048576K
}
Event: 1139.414 GC heap before
{Heap before GC invocations=79 (full 0):
 garbage-first heap   total 227328K, used 178509K [0x0000000080000000, 0x0000000100000000)
  region size 1024K, 35 young (35840K), 2 survivors (2048K)
 Metaspace       used 131835K, capacity 135662K, committed 135884K, reserved 1167360K
  class space    used 16310K, capacity 17659K, committed 17664K, reserved 1048576K
}
Event: 1139.428 GC heap after
{Heap after GC invocations=80 (full 0):
 garbage-first heap   total 227328K, used 156324K [0x0000000080000000, 0x0000000100000000)
  region size 1024K, 5 young (5120K), 5 survivors (5120K)
 Metaspace       used 131835K, capacity 135662K, committed 135884K, reserved 1167360K
  class space    used 16310K, capacity 17659K, committed 17664K, reserved 1048576K
}
Event: 1139.775 GC heap before
{Heap before GC invocations=80 (full 0):
 garbage-first heap   total 227328K, used 182948K [0x0000000080000000, 0x0000000100000000)
  region size 1024K, 32 young (32768K), 5 survivors (5120K)
 Metaspace       used 136290K, capacity 140440K, committed 140748K, reserved 1171456K
  class space    used 17071K, capacity 18563K, committed 18688K, reserved 1048576K
}
Event: 1139.786 GC heap after
{Heap after GC invocations=81 (full 0):
 garbage-first heap   total 227328K, used 160082K [0x0000000080000000, 0x0000000100000000)
  region size 1024K, 4 young (4096K), 4 survivors (4096K)
 Metaspace       used 136290K, capacity 140440K, committed 140748K, reserved 1171456K
  class space    used 17071K, capacity 18563K, committed 18688K, reserved 1048576K
}
Event: 1139.955 GC heap before
{Heap before GC invocations=81 (full 0):
 garbage-first heap   total 227328K, used 185682K [0x0000000080000000, 0x0000000100000000)
  region size 1024K, 30 young (30720K), 4 survivors (4096K)
 Metaspace       used 137579K, capacity 141828K, committed 141900K, reserved 1173504K
  class space    used 17271K, capacity 18789K, committed 18816K, reserved 1048576K
}
Event: 1139.966 GC heap after
{Heap after GC invocations=82 (full 0):
 garbage-first heap   total 282624K, used 162781K [0x0000000080000000, 0x0000000100000000)
  region size 1024K, 3 young (3072K), 3 survivors (3072K)
 Metaspace       used 137579K, capacity 141828K, committed 141900K, reserved 1173504K
  class space    used 17271K, capacity 18789K, committed 18816K, reserved 1048576K
}
Event: 1140.793 GC heap before
{Heap before GC invocations=83 (full 0):
 garbage-first heap   total 282624K, used 225245K [0x0000000080000000, 0x0000000100000000)
  region size 1024K, 50 young (51200K), 3 survivors (3072K)
 Metaspace       used 139459K, capacity 143657K, committed 143948K, reserved 1173504K
  class space    used 17428K, capacity 18936K, committed 19072K, reserved 1048576K
}
Event: 1140.804 GC heap after
{Heap after GC invocations=84 (full 0):
 garbage-first heap   total 282624K, used 175765K [0x0000000080000000, 0x0000000100000000)
  region size 1024K, 7 young (7168K), 7 survivors (7168K)
 Metaspace       used 139459K, capacity 143657K, committed 143948K, reserved 1173504K
  class space    used 17428K, capacity 18936K, committed 19072K, reserved 1048576K
}
Event: 1140.845 GC heap before
{Heap before GC invocations=84 (full 0):
 garbage-first heap   total 282624K, used 180885K [0x0000000080000000, 0x0000000100000000)
  region size 1024K, 13 young (13312K), 7 survivors (7168K)
 Metaspace       used 139501K, capacity 143722K, committed 144204K, reserved 1175552K
  class space    used 17428K, capacity 18936K, committed 19072K, reserved 1048576K
}
Event: 1140.860 GC heap after
{Heap after GC invocations=85 (full 0):
 garbage-first heap   total 282624K, used 170347K [0x0000000080000000, 0x0000000100000000)
  region size 1024K, 2 young (2048K), 2 survivors (2048K)
 Metaspace       used 139501K, capacity 143722K, committed 144204K, reserved 1175552K
  class space    used 17428K, capacity 18936K, committed 19072K, reserved 1048576K
}
Event: 1141.323 GC heap before
{Heap before GC invocations=85 (full 0):
 garbage-first heap   total 282624K, used 216427K [0x0000000080000000, 0x0000000100000000)
  region size 1024K, 48 young (49152K), 2 survivors (2048K)
 Metaspace       used 140275K, capacity 144562K, committed 144844K, reserved 1175552K
  class space    used 17566K, capacity 19111K, committed 19200K, reserved 1048576K
}
Event: 1141.353 GC heap after
{Heap after GC invocations=86 (full 0):
 garbage-first heap   total 282624K, used 193440K [0x0000000080000000, 0x0000000100000000)
  region size 1024K, 6 young (6144K), 6 survivors (6144K)
 Metaspace       used 140275K, capacity 144562K, committed 144844K, reserved 1175552K
  class space    used 17566K, capacity 19111K, committed 19200K, reserved 1048576K
}
Event: 1141.606 GC heap before
{Heap before GC invocations=86 (full 0):
 garbage-first heap   total 282624K, used 224160K [0x0000000080000000, 0x0000000100000000)
  region size 1024K, 37 young (37888K), 6 survivors (6144K)
 Metaspace       used 140470K, capacity 144793K, committed 145100K, reserved 1175552K
  class space    used 17573K, capacity 19115K, committed 19200K, reserved 1048576K
}

Deoptimization events (20 events):
Event: 1141.572 Thread 0x00000217fecf2800 DEOPT PACKING pc=0x0000021783064f15 sp=0x0000006ce0cfeab0
Event: 1141.572 Thread 0x00000217feceb800 DEOPT PACKING pc=0x0000021783064f15 sp=0x0000006ce09fed20
Event: 1141.572 Thread 0x00000217fecea000 DEOPT PACKING pc=0x0000021783064f15 sp=0x0000006ce06fec70
Event: 1141.572 Thread 0x00000217fecf2800 DEOPT UNPACKING pc=0x00000217800276ce sp=0x0000006ce0cfdf70 mode 0
Event: 1141.572 Thread 0x00000217feceb800 DEOPT UNPACKING pc=0x00000217800276ce sp=0x0000006ce09fe1e0 mode 0
Event: 1141.572 Thread 0x00000217fecea000 DEOPT UNPACKING pc=0x00000217800276ce sp=0x0000006ce06fe130 mode 0
Event: 1141.572 Thread 0x00000217fecf1000 DEOPT PACKING pc=0x0000021783064f15 sp=0x0000006ce08fef90
Event: 1141.572 Thread 0x00000217fecf1000 DEOPT UNPACKING pc=0x00000217800276ce sp=0x0000006ce08fe450 mode 0
Event: 1141.572 Thread 0x00000217fecef800 DEOPT PACKING pc=0x0000021783064f15 sp=0x0000006ce05fe9d0
Event: 1141.572 Thread 0x00000217fecef800 DEOPT UNPACKING pc=0x00000217800276ce sp=0x0000006ce05fde90 mode 0
Event: 1141.572 Thread 0x00000217fecf2000 DEOPT PACKING pc=0x0000021783064f15 sp=0x0000006ce0bfea50
Event: 1141.572 Thread 0x00000217fecf2000 DEOPT UNPACKING pc=0x00000217800276ce sp=0x0000006ce0bfdf10 mode 0
Event: 1141.572 Thread 0x00000217fecf0800 DEOPT PACKING pc=0x0000021783064f15 sp=0x0000006ce07fed60
Event: 1141.582 Thread 0x00000217fecf0800 DEOPT UNPACKING pc=0x00000217800276ce sp=0x0000006ce07fe220 mode 0
Event: 1141.584 Thread 0x00000217fecee000 DEOPT PACKING pc=0x00000217830132aa sp=0x0000006cdfefd560
Event: 1141.584 Thread 0x00000217fecee000 DEOPT UNPACKING pc=0x00000217800276ce sp=0x0000006cdfefcad8 mode 0
Event: 1141.599 Thread 0x00000217fecee000 Uncommon trap: trap_request=0xffffffe4 fr.pc=0x0000021788636f48 relative=0x0000000000000288
Event: 1141.599 Thread 0x00000217fecee000 Uncommon trap: reason=range_check action=make_not_entrant pc=0x0000021788636f48 method=com.android.tools.r8.graph.c0.a(Lcom/android/tools/r8/graph/c0;)I @ 9 c2
Event: 1141.599 Thread 0x00000217fecee000 DEOPT PACKING pc=0x0000021788636f48 sp=0x0000006cdfefd050
Event: 1141.599 Thread 0x00000217fecee000 DEOPT UNPACKING pc=0x00000217800278af sp=0x0000006cdfefcfd8 mode 2

Classes redefined (0 events):
No events

Internal exceptions (20 events):
Event: 1139.643 Thread 0x00000217fecec000 Exception <a 'java/lang/NoSuchMethodError'{0x000000008d20c838}: 'void java.lang.invoke.DirectMethodHandle$Holder.invokeVirtual(java.lang.Object, java.lang.Object, int, java.lang.Object)'> (0x000000008d20c838) thrown at [./src/hotspot/share/interpreter/linkResolver.cpp, line 773]
Event: 1139.721 Thread 0x00000217fecec000 Exception <a 'java/lang/NoSuchMethodError'{0x000000008ca271e8}: 'int java.lang.invoke.DirectMethodHandle$Holder.invokeSpecial(java.lang.Object, java.lang.Object, java.lang.Object, int, java.lang.Object)'> (0x000000008ca271e8) thrown at [./src/hotspot/share/interpreter/linkResolver.cpp, line 773]
Event: 1139.721 Thread 0x00000217fce76000 Exception <a 'java/lang/NoSuchMethodError'{0x000000008c913148}: 'int java.lang.invoke.DirectMethodHandle$Holder.invokeSpecial(java.lang.Object, java.lang.Object, java.lang.Object, int, java.lang.Object)'> (0x000000008c913148) thrown at [./src/hotspot/share/interpreter/linkResolver.cpp, line 773]
Event: 1139.839 Thread 0x00000217fce79000 Exception <a 'java/lang/NoSuchMethodError'{0x000000008d3a4ec0}: 'java.lang.Object java.lang.invoke.DirectMethodHandle$Holder.invokeInterface(java.lang.Object, java.lang.Object, int)'> (0x000000008d3a4ec0) thrown at [./src/hotspot/share/interpreter/linkResolver.cpp, line 773]
Event: 1139.897 Thread 0x00000217fecee000 Exception <a 'java/lang/IncompatibleClassChangeError'{0x000000008cb175d8}: Found class java.lang.Object, but interface was expected> (0x000000008cb175d8) thrown at [./src/hotspot/share/interpreter/linkResolver.cpp, line 839]
Event: 1139.923 Thread 0x00000217fecee000 Exception <a 'java/lang/NoSuchMethodError'{0x000000008cac9518}: 'void java.lang.invoke.DirectMethodHandle$Holder.invokeSpecial(java.lang.Object, java.lang.Object, int, java.lang.Object, java.lang.Object, java.lang.Object, java.lang.Object)'> (0x000000008cac9518) thrown at [./src/hotspot/share/interpreter/linkResolver.cpp, line 773]
Event: 1139.924 Thread 0x00000217fecee000 Exception <a 'java/lang/NoSuchMethodError'{0x000000008c992c20}: 'java.lang.Object java.lang.invoke.Invokers$Holder.linkToTargetMethod(java.lang.Object, int, java.lang.Object, java.lang.Object, java.lang.Object, java.lang.Object)'> (0x000000008c992c20) thrown at [./src/hotspot/share/interpreter/linkResolver.cpp, line 773]
Event: 1139.924 Thread 0x00000217fecee000 Exception <a 'java/lang/NoSuchMethodError'{0x000000008c9968d8}: 'void java.lang.invoke.DirectMethodHandle$Holder.invokeSpecial(java.lang.Object, java.lang.Object, java.lang.Object, java.lang.Object, java.lang.Object, java.lang.Object, java.lang.Object, java.lang.Object, java.lang.Object)'> (0x000000008c9968d8) thrown at [./src/hotspot/share/interpreter/linkResolver.cpp, line 773]
Event: 1139.927 Thread 0x00000217fecee000 Exception <a 'java/lang/NoSuchMethodError'{0x000000008c9cd930}: 'void java.lang.invoke.DirectMethodHandle$Holder.invokeStatic(java.lang.Object, java.lang.Object, java.lang.Object, java.lang.Object, java.lang.Object, java.lang.Object, java.lang.Object, java.lang.Object)'> (0x000000008c9cd930) thrown at [./src/hotspot/share/interpreter/linkResolver.cpp, line 773]
Event: 1140.024 Thread 0x00000217fecee000 Exception <a 'java/lang/IncompatibleClassChangeError'{0x0000000090d7c2d0}: Found class java.lang.Object, but interface was expected> (0x0000000090d7c2d0) thrown at [./src/hotspot/share/interpreter/linkResolver.cpp, line 839]
Event: 1140.129 Thread 0x00000217fecee000 Exception <a 'java/lang/NoSuchMethodError'{0x00000000909a3978}: 'void java.lang.invoke.DirectMethodHandle$Holder.invokeVirtual(java.lang.Object, java.lang.Object, int)'> (0x00000000909a3978) thrown at [./src/hotspot/share/interpreter/linkResolver.cpp, line 773]
Event: 1140.129 Thread 0x00000217fce79000 Exception <a 'java/lang/NoSuchMethodError'{0x0000000090746fa0}: 'void java.lang.invoke.DirectMethodHandle$Holder.invokeVirtual(java.lang.Object, java.lang.Object, int)'> (0x0000000090746fa0) thrown at [./src/hotspot/share/interpreter/linkResolver.cpp, line 773]
Event: 1140.185 Thread 0x00000217fce79000 Exception <a 'sun/nio/fs/WindowsException'{0x000000009052ad10}> (0x000000009052ad10) thrown at [./src/hotspot/share/prims/jni.cpp, line 615]
Event: 1140.186 Thread 0x00000217fecee000 Exception <a 'sun/nio/fs/WindowsException'{0x000000009054b498}> (0x000000009054b498) thrown at [./src/hotspot/share/prims/jni.cpp, line 615]
Event: 1140.201 Thread 0x00000217fce76000 Exception <a 'sun/nio/fs/WindowsException'{0x00000000905f8f60}> (0x00000000905f8f60) thrown at [./src/hotspot/share/prims/jni.cpp, line 615]
Event: 1140.365 Thread 0x00000217fece8000 Exception <a 'sun/nio/fs/WindowsException'{0x000000008fe69ae0}> (0x000000008fe69ae0) thrown at [./src/hotspot/share/prims/jni.cpp, line 615]
Event: 1140.399 Thread 0x00000217fece8000 Exception <a 'sun/nio/fs/WindowsException'{0x000000008fe74fd8}> (0x000000008fe74fd8) thrown at [./src/hotspot/share/prims/jni.cpp, line 615]
Event: 1140.404 Thread 0x00000217fece8000 Exception <a 'sun/nio/fs/WindowsException'{0x000000008fb9e5b0}> (0x000000008fb9e5b0) thrown at [./src/hotspot/share/prims/jni.cpp, line 615]
Event: 1140.407 Thread 0x00000217fece8000 Exception <a 'sun/nio/fs/WindowsException'{0x000000008fbaa528}> (0x000000008fbaa528) thrown at [./src/hotspot/share/prims/jni.cpp, line 615]
Event: 1140.704 Thread 0x00000217fecee000 Exception <a 'sun/nio/fs/WindowsException'{0x000000008ee5db58}> (0x000000008ee5db58) thrown at [./src/hotspot/share/prims/jni.cpp, line 615]

Events (20 events):
Event: 1141.491 Executing coalesced safepoint VM operation: RevokeBias
Event: 1141.491 Executing coalesced safepoint VM operation: RevokeBias done
Event: 1141.491 Executing coalesced safepoint VM operation: RevokeBias
Event: 1141.491 Executing coalesced safepoint VM operation: RevokeBias done
Event: 1141.491 Executing VM operation: RevokeBias done
Event: 1141.491 Executing VM operation: RevokeBias
Event: 1141.491 Executing coalesced safepoint VM operation: BulkRevokeBias
Event: 1141.492 Executing coalesced safepoint VM operation: BulkRevokeBias done
Event: 1141.492 Executing coalesced safepoint VM operation: RevokeBias
Event: 1141.492 Executing coalesced safepoint VM operation: RevokeBias done
Event: 1141.492 Executing coalesced safepoint VM operation: RevokeBias
Event: 1141.492 Executing coalesced safepoint VM operation: RevokeBias done
Event: 1141.492 Executing coalesced safepoint VM operation: RevokeBias
Event: 1141.492 Executing coalesced safepoint VM operation: RevokeBias done
Event: 1141.492 Executing VM operation: RevokeBias done
Event: 1141.500 Executing VM operation: BulkRevokeBias
Event: 1141.501 Executing VM operation: BulkRevokeBias done
Event: 1141.542 Executing VM operation: RevokeBias
Event: 1141.542 Executing VM operation: RevokeBias done
Event: 1141.606 Executing VM operation: G1CollectForAllocation


Dynamic libraries:
0x00007ff70c4a0000 - 0x00007ff70c4aa000 	C:\Program Files\Android\Android Studio\jre\bin\java.exe
0x00007fffe5850000 - 0x00007fffe5a45000 	C:\WINDOWS\SYSTEM32\ntdll.dll
0x00007fffe3b50000 - 0x00007fffe3c0e000 	C:\WINDOWS\System32\KERNEL32.DLL
0x00007fffe33a0000 - 0x00007fffe3668000 	C:\WINDOWS\System32\KERNELBASE.dll
0x00007fffe3200000 - 0x00007fffe3300000 	C:\WINDOWS\System32\ucrtbase.dll
0x00007fffdb090000 - 0x00007fffdb0a9000 	C:\Program Files\Android\Android Studio\jre\bin\jli.dll
0x00007fffda1d0000 - 0x00007fffda1e7000 	C:\Program Files\Android\Android Studio\jre\bin\VCRUNTIME140.dll
0x00007fffe5030000 - 0x00007fffe51d1000 	C:\WINDOWS\System32\USER32.dll
0x00007fffe3670000 - 0x00007fffe3692000 	C:\WINDOWS\System32\win32u.dll
0x00007fffc4c40000 - 0x00007fffc4eda000 	C:\WINDOWS\WinSxS\amd64_microsoft.windows.common-controls_6595b64144ccf1df_6.0.19041.1110_none_60b5254171f9507e\COMCTL32.dll
0x00007fffe4b00000 - 0x00007fffe4b2b000 	C:\WINDOWS\System32\GDI32.dll
0x00007fffe4a60000 - 0x00007fffe4afe000 	C:\WINDOWS\System32\msvcrt.dll
0x00007fffe2f90000 - 0x00007fffe309d000 	C:\WINDOWS\System32\gdi32full.dll
0x00007fffe3300000 - 0x00007fffe339d000 	C:\WINDOWS\System32\msvcp_win.dll
0x00007fffe4f00000 - 0x00007fffe4f30000 	C:\WINDOWS\System32\IMM32.DLL
0x00007fffaa990000 - 0x00007fffaaa2d000 	C:\Program Files\Android\Android Studio\jre\bin\msvcp140.dll
0x00007fff91b90000 - 0x00007fff9265f000 	C:\Program Files\Android\Android Studio\jre\bin\server\jvm.dll
0x00007fffe3aa0000 - 0x00007fffe3b4c000 	C:\WINDOWS\System32\ADVAPI32.dll
0x00007fffe4f90000 - 0x00007fffe502b000 	C:\WINDOWS\System32\sechost.dll
0x00007fffe4da0000 - 0x00007fffe4eca000 	C:\WINDOWS\System32\RPCRT4.dll
0x00007fffe4d90000 - 0x00007fffe4d98000 	C:\WINDOWS\System32\PSAPI.DLL
0x00007fffce0d0000 - 0x00007fffce0d9000 	C:\WINDOWS\SYSTEM32\WSOCK32.dll
0x00007fffcdf90000 - 0x00007fffcdfb7000 	C:\WINDOWS\SYSTEM32\WINMM.dll
0x00007fffd0bb0000 - 0x00007fffd0bba000 	C:\WINDOWS\SYSTEM32\VERSION.dll
0x00007fffe49f0000 - 0x00007fffe4a5b000 	C:\WINDOWS\System32\WS2_32.dll
0x00007fffe1810000 - 0x00007fffe1822000 	C:\WINDOWS\SYSTEM32\kernel.appcore.dll
0x00007fffd7f80000 - 0x00007fffd7f91000 	C:\Program Files\Android\Android Studio\jre\bin\verify.dll
0x00007fffe1470000 - 0x00007fffe1654000 	C:\WINDOWS\SYSTEM32\DBGHELP.DLL
0x00007fffc7b20000 - 0x00007fffc7b4c000 	C:\WINDOWS\SYSTEM32\dbgcore.DLL
0x00007fffe3750000 - 0x00007fffe37d2000 	C:\WINDOWS\System32\bcryptPrimitives.dll
0x00007fffc1e80000 - 0x00007fffc1ea9000 	C:\Program Files\Android\Android Studio\jre\bin\java.dll
0x00007fffd9d30000 - 0x00007fffd9d3b000 	C:\Program Files\Android\Android Studio\jre\bin\jimage.dll
0x00007fffd7f60000 - 0x00007fffd7f78000 	C:\Program Files\Android\Android Studio\jre\bin\zip.dll
0x00007fffe3c10000 - 0x00007fffe4354000 	C:\WINDOWS\System32\SHELL32.dll
0x00007fffe0bb0000 - 0x00007fffe1344000 	C:\WINDOWS\SYSTEM32\windows.storage.dll
0x00007fffe4680000 - 0x00007fffe49d5000 	C:\WINDOWS\System32\combase.dll
0x00007fffe29b0000 - 0x00007fffe29de000 	C:\WINDOWS\SYSTEM32\Wldp.dll
0x00007fffe44a0000 - 0x00007fffe454d000 	C:\WINDOWS\System32\SHCORE.dll
0x00007fffe4550000 - 0x00007fffe45a5000 	C:\WINDOWS\System32\shlwapi.dll
0x00007fffe2ea0000 - 0x00007fffe2ebf000 	C:\WINDOWS\SYSTEM32\profapi.dll
0x00007fffd7860000 - 0x00007fffd787a000 	C:\Program Files\Android\Android Studio\jre\bin\net.dll
0x00007fffd5200000 - 0x00007fffd530c000 	C:\WINDOWS\SYSTEM32\WINHTTP.dll
0x00007fffe2710000 - 0x00007fffe277a000 	C:\WINDOWS\system32\mswsock.dll
0x00007fffcc760000 - 0x00007fffcc774000 	C:\Program Files\Android\Android Studio\jre\bin\nio.dll
0x00007fffc1630000 - 0x00007fffc1657000 	C:\Users\hippo\.gradle\native\8bec1ad78214c89d9ad589b4d07fe93259594b29d510b10fafb7a158f7737e5d\windows-amd64\native-platform.dll
0x00007fffa85e0000 - 0x00007fffa871d000 	C:\Users\hippo\.gradle\native\53dbd7edfb1c66fb8903c78663c9afc45aea4f116125fa6feffd364cf09443e8\windows-amd64\native-platform-file-events.dll
0x00007fffd7f30000 - 0x00007fffd7f3a000 	C:\Program Files\Android\Android Studio\jre\bin\management.dll
0x00007fffc2cb0000 - 0x00007fffc2cbc000 	C:\Program Files\Android\Android Studio\jre\bin\management_ext.dll
0x00007fffe2900000 - 0x00007fffe2918000 	C:\WINDOWS\SYSTEM32\CRYPTSP.dll
0x00007fffe2020000 - 0x00007fffe2054000 	C:\WINDOWS\system32\rsaenh.dll
0x00007fffe2f60000 - 0x00007fffe2f87000 	C:\WINDOWS\System32\bcrypt.dll
0x00007fffe2e20000 - 0x00007fffe2e4e000 	C:\WINDOWS\SYSTEM32\USERENV.dll
0x00007fffe2920000 - 0x00007fffe292c000 	C:\WINDOWS\SYSTEM32\CRYPTBASE.dll
0x00007fffe23b0000 - 0x00007fffe23eb000 	C:\WINDOWS\SYSTEM32\IPHLPAPI.DLL
0x00007fffe4ef0000 - 0x00007fffe4ef8000 	C:\WINDOWS\System32\NSI.dll
0x00007fffd75c0000 - 0x00007fffd75d7000 	C:\WINDOWS\SYSTEM32\dhcpcsvc6.DLL
0x00007fffd7620000 - 0x00007fffd763d000 	C:\WINDOWS\SYSTEM32\dhcpcsvc.DLL
0x00007fffe23f0000 - 0x00007fffe24bb000 	C:\WINDOWS\SYSTEM32\DNSAPI.dll
0x00007fffc1400000 - 0x00007fffc1427000 	C:\Program Files\Android\Android Studio\jre\bin\sunec.dll
0x00007fffd87f0000 - 0x00007fffd87fa000 	C:\Windows\System32\rasadhlp.dll
0x00007fffd3a10000 - 0x00007fffd3a8f000 	C:\WINDOWS\System32\fwpuclnt.dll
0x00007fffc1480000 - 0x00007fffc1624000 	C:\Program Files\Android\Android Studio\jre\bin\awt.dll
0x00007fffe45b0000 - 0x00007fffe467d000 	C:\WINDOWS\System32\OLEAUT32.dll
0x00007fffe06e0000 - 0x00007fffe070f000 	C:\WINDOWS\SYSTEM32\dwmapi.dll
0x00007fffdd0d0000 - 0x00007fffdd160000 	C:\WINDOWS\SYSTEM32\apphelp.dll
0x00007fffdd210000 - 0x00007fffdd2ae000 	C:\WINDOWS\system32\uxtheme.dll

dbghelp: loaded successfully - version: 4.0.5 - missing functions: none
symbol engine: initialized successfully - sym options: 0x614 - pdb path: .;C:\Program Files\Android\Android Studio\jre\bin;C:\WINDOWS\SYSTEM32;C:\WINDOWS\WinSxS\amd64_microsoft.windows.common-controls_6595b64144ccf1df_6.0.19041.1110_none_60b5254171f9507e;C:\Program Files\Android\Android Studio\jre\bin\server;C:\Users\hippo\.gradle\native\8bec1ad78214c89d9ad589b4d07fe93259594b29d510b10fafb7a158f7737e5d\windows-amd64;C:\Users\hippo\.gradle\native\53dbd7edfb1c66fb8903c78663c9afc45aea4f116125fa6feffd364cf09443e8\windows-amd64

VM Arguments:
jvm_args: --add-opens=java.base/java.util=ALL-UNNAMED --add-opens=java.base/java.lang=ALL-UNNAMED --add-opens=java.base/java.lang.invoke=ALL-UNNAMED --add-opens=java.base/java.util=ALL-UNNAMED --add-opens=java.prefs/java.util.prefs=ALL-UNNAMED --add-opens=java.prefs/java.util.prefs=ALL-UNNAMED --add-opens=java.base/java.nio.charset=ALL-UNNAMED --add-opens=java.base/java.net=ALL-UNNAMED --add-opens=java.base/java.util.concurrent.atomic=ALL-UNNAMED -Xmx2048m -Dfile.encoding=UTF-8 -Duser.country=KR -Duser.language=ko -Duser.variant 
java_command: org.gradle.launcher.daemon.bootstrap.GradleDaemon 7.0.2
java_class_path (initial): C:\Users\hippo\.gradle\wrapper\dists\gradle-7.0.2-bin\857tjihv64xamwrf0h14cai3r\gradle-7.0.2\lib\gradle-launcher-7.0.2.jar
Launcher Type: SUN_STANDARD

[Global flags]
     intx CICompilerCount                          = 4                                         {product} {ergonomic}
     uint ConcGCThreads                            = 2                                         {product} {ergonomic}
     uint G1ConcRefinementThreads                  = 8                                         {product} {ergonomic}
   size_t G1HeapRegionSize                         = 1048576                                   {product} {ergonomic}
    uintx GCDrainStackTargetSize                   = 64                                        {product} {ergonomic}
   size_t InitialHeapSize                          = 134217728                                 {product} {ergonomic}
   size_t MarkStackSize                            = 4194304                                   {product} {ergonomic}
   size_t MaxHeapSize                              = 2147483648                                {product} {command line}
   size_t MaxNewSize                               = 1287651328                                {product} {ergonomic}
   size_t MinHeapDeltaBytes                        = 1048576                                   {product} {ergonomic}
    uintx NonNMethodCodeHeapSize                   = 5836300                                {pd product} {ergonomic}
    uintx NonProfiledCodeHeapSize                  = 122910970                              {pd product} {ergonomic}
    uintx ProfiledCodeHeapSize                     = 122910970                              {pd product} {ergonomic}
    uintx ReservedCodeCacheSize                    = 251658240                              {pd product} {ergonomic}
     bool SegmentedCodeCache                       = true                                      {product} {ergonomic}
     bool UseCompressedClassPointers               = true                                 {lp64_product} {ergonomic}
     bool UseCompressedOops                        = true                                 {lp64_product} {ergonomic}
     bool UseG1GC                                  = true                                      {product} {ergonomic}
     bool UseLargePagesIndividualAllocation        = false                                  {pd product} {ergonomic}

Logging:
Log output configuration:
 #0: stdout all=warning uptime,level,tags
 #1: stderr all=off uptime,level,tags

Environment Variables:
JAVA_HOME=C:\Program Files\Java\jdk-17
PATH=C:\Program Files\Common Files\Oracle\Java\javapath;C:\Program Files\AdoptOpenJDK\jdk-15.0.2.7-hotspot\bin;C:\Program Files (x86)\Intel\iCLS Client\;C:\Program Files\Intel\iCLS Client\;C:\WINDOWS\system32;C:\WINDOWS;C:\WINDOWS\System32\Wbem;C:\WINDOWS\System32\WindowsPowerShell\v1.0\;C:\Program Files (x86)\Intel\Intel(R) Management Engine Components\DAL;C:\Program Files\Intel\Intel(R) Management Engine Components\DAL;C:\Program Files (x86)\Intel\Intel(R) Management Engine Components\IPT;C:\Program Files\Intel\Intel(R) Management Engine Components\IPT;C:\Program Files\Intel\WiFi\bin\;C:\Program Files\Common Files\Intel\WirelessCommon\;C:\WINDOWS\System32\OpenSSH\;C:\Users\hippo\AppData\Roaming\Python\Python38\Scripts;D:\Matlab\R2021a\bin;D:\zz\mingw64\bin;D:\Git_Folder\Git\cmd;C:\Program Files\TortoiseGit\bin;C:\Program Files\Java\jdk-17\bin;C:\Program Files\MySQL\MySQL Shell 8.0\bin\;D:\Anaconda;D:\Anaconda\Library\mingw-w64\bin;D:\Anaconda\Library\usr\bin;D:\Anaconda\Library\bin;D:\Anaconda\Scripts;C:\Users\hippo\AppData\Local\Microsoft\WindowsApps;C:\Users\hippo\AppData\Roaming\Python\Python38\Scripts;D:\Microsoft VS Code\bin
USERNAME=hippo
OS=Windows_NT
PROCESSOR_IDENTIFIER=Intel64 Family 6 Model 142 Stepping 10, GenuineIntel



---------------  S Y S T E M  ---------------

OS: Windows 10 , 64 bit Build 19041 (10.0.19041.1348)
OS uptime: 0 days 13:27 hours

CPU:total 8 (initial active 8) (4 cores per cpu, 2 threads per core) family 6 model 142 stepping 10 microcode 0xb4, cmov, cx8, fxsr, mmx, sse, sse2, sse3, ssse3, sse4.1, sse4.2, popcnt, avx, avx2, aes, clmul, erms, 3dnowpref, lzcnt, ht, tsc, tscinvbit, bmi1, bmi2, adx, fma

Memory: 4k page, system-wide physical 8107M (457M free)
TotalPageFile size 12203M (AvailPageFile size 55M)
current process WorkingSet (physical memory assigned to process): 596M, peak: 597M
current process commit charge ("private bytes"): 714M, peak: 833M

vm_info: OpenJDK 64-Bit Server VM (11.0.10+0-b96-7249189) for windows-amd64 JRE (11.0.10+0-b96-7249189), built on Mar 31 2021 21:44:00 by "builder" with MS VC++ 14.0 (VS2015)

END.
