#
# There is insufficient memory for the Java Runtime Environment to continue.
# Native memory allocation (malloc) failed to allocate 1725456 bytes for Chunk::new
# Possible reasons:
#   The system is out of physical RAM or swap space
#   The process is running with CompressedOops enabled, and the Java Heap may be blocking the growth of the native heap
# Possible solutions:
#   Reduce memory load on the system
#   Increase physical memory or swap space
#   Check if swap backing store is full
#   Decrease Java heap size (-Xmx/-Xms)
#   Decrease number of Java threads
#   Decrease Java thread stack sizes (-Xss)
#   Set larger code cache with -XX:ReservedCodeCacheSize=
#   JVM is running with Unscaled Compressed Oops mode in which the Java heap is
#     placed in the first 4GB address space. The Java Heap base address is the
#     maximum limit for the native heap growth. Please use -XX:HeapBaseMinAddress
#     to set the Java Heap base and to place the Java Heap above 4GB virtual address.
# This output file may be truncated or incomplete.
#
#  Out of Memory Error (./src/hotspot/share/memory/arena.cpp:197), pid=10252, tid=12520
#
# JRE version: OpenJDK Runtime Environment (11.0.10) (build 11.0.10+0-b96-7249189)
# Java VM: OpenJDK 64-Bit Server VM (11.0.10+0-b96-7249189, mixed mode, tiered, compressed oops, g1 gc, windows-amd64)
# No core dump will be written. Minidumps are not enabled by default on client versions of Windows
#

---------------  S U M M A R Y ------------

Command Line: --add-opens=java.base/java.util=ALL-UNNAMED --add-opens=java.base/java.lang=ALL-UNNAMED --add-opens=java.base/java.lang.invoke=ALL-UNNAMED --add-opens=java.base/java.util=ALL-UNNAMED --add-opens=java.prefs/java.util.prefs=ALL-UNNAMED --add-opens=java.prefs/java.util.prefs=ALL-UNNAMED --add-opens=java.base/java.nio.charset=ALL-UNNAMED --add-opens=java.base/java.net=ALL-UNNAMED --add-opens=java.base/java.util.concurrent.atomic=ALL-UNNAMED -Xmx2048m -Dfile.encoding=UTF-8 -Duser.country=KR -Duser.language=ko -Duser.variant org.gradle.launcher.daemon.bootstrap.GradleDaemon 7.0.2

Host: Intel(R) Core(TM) i5-8250U CPU @ 1.60GHz, 8 cores, 7G,  Windows 10 , 64 bit Build 19041 (10.0.19041.1348)
Time: Sun Dec 19 23:06:49 2021 대한민국 표준시 elapsed time: 26.955047 seconds (0d 0h 0m 26s)

---------------  T H R E A D  ---------------

Current thread (0x0000021b15a81000):  JavaThread "C2 CompilerThread0" daemon [_thread_in_native, id=12520, stack(0x000000af2a500000,0x000000af2a600000)]


Current CompileTask:
C2:  26955 16111 %     4       com.android.tools.r8.dex.j::a @ 315 (1038 bytes)

Stack: [0x000000af2a500000,0x000000af2a600000]
Native frames: (J=compiled Java code, j=interpreted, Vv=VM code, C=native code)
V  [jvm.dll+0x5ecfaa]
V  [jvm.dll+0x722bd5]
V  [jvm.dll+0x72412d]
V  [jvm.dll+0x7247e3]
V  [jvm.dll+0x242928]
V  [jvm.dll+0xbc4fc]
V  [jvm.dll+0xbca0c]
V  [jvm.dll+0x352d3b]
V  [jvm.dll+0x320ad3]
V  [jvm.dll+0x31ffca]
V  [jvm.dll+0x1fb602]
V  [jvm.dll+0x1fa7f4]
V  [jvm.dll+0x18354c]
V  [jvm.dll+0x208ee7]
V  [jvm.dll+0x207731]
V  [jvm.dll+0x6eb1cf]
V  [jvm.dll+0x6e3d45]
V  [jvm.dll+0x5ebe96]
C  [ucrtbase.dll+0x21bb2]
C  [KERNEL32.DLL+0x17034]
C  [ntdll.dll+0x52651]


---------------  P R O C E S S  ---------------

Threads class SMR info:
_java_thread_list=0x0000021b1e5d5f60, length=84, elements={
0x0000021b78d4d000, 0x0000021b15a23800, 0x0000021b15a27000, 0x0000021b15a7b800,
0x0000021b15a7f000, 0x0000021b15a80000, 0x0000021b15a81000, 0x0000021b15a82800,
0x0000021b15a94800, 0x0000021b15bed800, 0x0000021b1756f000, 0x0000021b17627800,
0x0000021b1627d800, 0x0000021b180e4800, 0x0000021b15f07000, 0x0000021b16d01000,
0x0000021b17f73800, 0x0000021b17baf000, 0x0000021b181a0000, 0x0000021b18581000,
0x0000021b18582000, 0x0000021b1857c800, 0x0000021b18583000, 0x0000021b1857d000,
0x0000021b1857f800, 0x0000021b18580800, 0x0000021b1857e000, 0x0000021b1857f000,
0x0000021b1b097800, 0x0000021b1b096800, 0x0000021b1b095000, 0x0000021b1b092800,
0x0000021b1b096000, 0x0000021b1b09b000, 0x0000021b1b09d800, 0x0000021b1b09f800,
0x0000021b1b09a000, 0x0000021b1b09b800, 0x0000021b1b09f000, 0x0000021b1b09e000,
0x0000021b1b0a0800, 0x0000021b1b0a1800, 0x0000021b1b09c800, 0x0000021b1927e800,
0x0000021b19281000, 0x0000021b1927f800, 0x0000021b19286000, 0x0000021b19283800,
0x0000021b19282000, 0x0000021b19285000, 0x0000021b19286800, 0x0000021b19287800,
0x0000021b1928a000, 0x0000021b19289000, 0x0000021b19288800, 0x0000021b19284000,
0x0000021b1928b000, 0x0000021b1928b800, 0x0000021b1928c800, 0x0000021b1928d000,
0x0000021b18bc1800, 0x0000021b18bc4000, 0x0000021b18bc0000, 0x0000021b18bc2800,
0x0000021b18bc3800, 0x0000021b18bbe800, 0x0000021b18bc5000, 0x0000021b18bbf000,
0x0000021b18bc5800, 0x0000021b18bca000, 0x0000021b18bc1000, 0x0000021b18bca800,
0x0000021b18bc8000, 0x0000021b18d14800, 0x0000021b18bc9000, 0x0000021b18bcd000,
0x0000021b18bc7800, 0x0000021b16e80000, 0x0000021b16e85800, 0x0000021b16e86800,
0x0000021b16e84800, 0x0000021b16e80800, 0x0000021b16e81800, 0x0000021b16e84000
}

Java Threads: ( => current thread )
  0x0000021b78d4d000 JavaThread "main" [_thread_blocked, id=7996, stack(0x000000af29900000,0x000000af29a00000)]
  0x0000021b15a23800 JavaThread "Reference Handler" daemon [_thread_blocked, id=3704, stack(0x000000af2a000000,0x000000af2a100000)]
  0x0000021b15a27000 JavaThread "Finalizer" daemon [_thread_blocked, id=5036, stack(0x000000af2a100000,0x000000af2a200000)]
  0x0000021b15a7b800 JavaThread "Signal Dispatcher" daemon [_thread_blocked, id=10636, stack(0x000000af2a200000,0x000000af2a300000)]
  0x0000021b15a7f000 JavaThread "Attach Listener" daemon [_thread_blocked, id=7548, stack(0x000000af2a300000,0x000000af2a400000)]
  0x0000021b15a80000 JavaThread "Service Thread" daemon [_thread_blocked, id=9968, stack(0x000000af2a400000,0x000000af2a500000)]
=>0x0000021b15a81000 JavaThread "C2 CompilerThread0" daemon [_thread_in_native, id=12520, stack(0x000000af2a500000,0x000000af2a600000)]
  0x0000021b15a82800 JavaThread "C1 CompilerThread0" daemon [_thread_blocked, id=12036, stack(0x000000af2a600000,0x000000af2a700000)]
  0x0000021b15a94800 JavaThread "Sweeper thread" daemon [_thread_blocked, id=12616, stack(0x000000af2a700000,0x000000af2a800000)]
  0x0000021b15bed800 JavaThread "Common-Cleaner" daemon [_thread_blocked, id=10288, stack(0x000000af2a800000,0x000000af2a900000)]
  0x0000021b1756f000 JavaThread "Daemon health stats" [_thread_blocked, id=7812, stack(0x000000af2ae00000,0x000000af2af00000)]
  0x0000021b17627800 JavaThread "Incoming local TCP Connector on port 54363" [_thread_in_native, id=5332, stack(0x000000af2aa00000,0x000000af2ab00000)]
  0x0000021b1627d800 JavaThread "Daemon periodic checks" [_thread_blocked, id=5504, stack(0x000000af2ab00000,0x000000af2ac00000)]
  0x0000021b180e4800 JavaThread "Daemon" [_thread_blocked, id=6776, stack(0x000000af2af00000,0x000000af2b000000)]
  0x0000021b15f07000 JavaThread "Handler for socket connection from /127.0.0.1:54363 to /127.0.0.1:54364" [_thread_in_native, id=8888, stack(0x000000af2b000000,0x000000af2b100000)]
  0x0000021b16d01000 JavaThread "Cancel handler" [_thread_blocked, id=1000, stack(0x000000af2b100000,0x000000af2b200000)]
  0x0000021b17f73800 JavaThread "Daemon worker" [_thread_blocked, id=7920, stack(0x000000af2b200000,0x000000af2b300000)]
  0x0000021b17baf000 JavaThread "Asynchronous log dispatcher for DefaultDaemonConnection: socket connection from /127.0.0.1:54363 to /127.0.0.1:54364" [_thread_blocked, id=8136, stack(0x000000af2b300000,0x000000af2b400000)]
  0x0000021b181a0000 JavaThread "Stdin handler" [_thread_blocked, id=12564, stack(0x000000af2b400000,0x000000af2b500000)]
  0x0000021b18581000 JavaThread "Daemon client event forwarder" [_thread_blocked, id=13428, stack(0x000000af2b500000,0x000000af2b600000)]
  0x0000021b18582000 JavaThread "Cache worker for file hash cache (C:\Users\hippo\.gradle\caches\7.0.2\fileHashes)" [_thread_blocked, id=3320, stack(0x000000af2bb00000,0x000000af2bc00000)]
  0x0000021b1857c800 JavaThread "File lock request listener" [_thread_in_native, id=6356, stack(0x000000af2bc00000,0x000000af2bd00000)]
  0x0000021b18583000 JavaThread "Cache worker for journal cache (C:\Users\hippo\.gradle\caches\journal-1)" [_thread_blocked, id=3008, stack(0x000000af2be00000,0x000000af2bf00000)]
  0x0000021b1857d000 JavaThread "Cache worker for file hash cache (C:\Users\hippo\AndroidStudioProjects\muscleJAVA-master\.gradle\7.0.2\fileHashes)" [_thread_blocked, id=9548, stack(0x000000af2c000000,0x000000af2c100000)]
  0x0000021b1857f800 JavaThread "File watcher server" daemon [_thread_in_native, id=1544, stack(0x000000af2c100000,0x000000af2c200000)]
  0x0000021b18580800 JavaThread "File watcher consumer" daemon [_thread_blocked, id=5360, stack(0x000000af2c200000,0x000000af2c300000)]
  0x0000021b1857e000 JavaThread "Cache worker for checksums cache (C:\Users\hippo\AndroidStudioProjects\muscleJAVA-master\.gradle\checksums)" [_thread_blocked, id=3176, stack(0x000000af2c300000,0x000000af2c400000)]
  0x0000021b1857f000 JavaThread "Cache worker for cache directory md-supplier (C:\Users\hippo\.gradle\caches\7.0.2\md-supplier)" [_thread_blocked, id=5992, stack(0x000000af2c400000,0x000000af2c500000)]
  0x0000021b1b097800 JavaThread "Cache worker for cache directory md-rule (C:\Users\hippo\.gradle\caches\7.0.2\md-rule)" [_thread_blocked, id=13584, stack(0x000000af2c600000,0x000000af2c700000)]
  0x0000021b1b096800 JavaThread "Cache worker for execution history cache (C:\Users\hippo\.gradle\caches\7.0.2\executionHistory)" [_thread_blocked, id=9680, stack(0x000000af2c700000,0x000000af2c800000)]
  0x0000021b1b095000 JavaThread "jar transforms" [_thread_blocked, id=14244, stack(0x000000af2c800000,0x000000af2c900000)]
  0x0000021b1b092800 JavaThread "jar transforms Thread 2" [_thread_blocked, id=6096, stack(0x000000af2c900000,0x000000af2ca00000)]
  0x0000021b1b096000 JavaThread "Cache worker for file content cache (C:\Users\hippo\.gradle\caches\7.0.2\fileContent)" [_thread_blocked, id=752, stack(0x000000af2ca00000,0x000000af2cb00000)]
  0x0000021b1b09b000 JavaThread "Cache worker for dependencies-accessors (C:\Users\hippo\AndroidStudioProjects\muscleJAVA-master\.gradle\7.0.2\dependencies-accessors)" [_thread_blocked, id=7480, stack(0x000000af2cb00000,0x000000af2cc00000)]
  0x0000021b1b09d800 JavaThread "jar transforms Thread 3" [_thread_blocked, id=2536, stack(0x000000af2cc00000,0x000000af2cd00000)]
  0x0000021b1b09f800 JavaThread "Cache worker for Build Output Cleanup Cache (C:\Users\hippo\AndroidStudioProjects\muscleJAVA-master\.gradle\buildOutputCleanup)" [_thread_blocked, id=11692, stack(0x000000af2cd00000,0x000000af2ce00000)]
  0x0000021b1b09a000 JavaThread "Build operations" [_thread_blocked, id=9472, stack(0x000000af2ce00000,0x000000af2cf00000)]
  0x0000021b1b09b800 JavaThread "Build operations Thread 2" [_thread_blocked, id=4544, stack(0x000000af2cf00000,0x000000af2d000000)]
  0x0000021b1b09f000 JavaThread "Build operations Thread 3" [_thread_blocked, id=13712, stack(0x000000af2d000000,0x000000af2d100000)]
  0x0000021b1b09e000 JavaThread "Build operations Thread 4" [_thread_blocked, id=6136, stack(0x000000af2d100000,0x000000af2d200000)]
  0x0000021b1b0a0800 JavaThread "Build operations Thread 5" [_thread_blocked, id=12932, stack(0x000000af2d200000,0x000000af2d300000)]
  0x0000021b1b0a1800 JavaThread "Build operations Thread 6" [_thread_blocked, id=10476, stack(0x000000af2d300000,0x000000af2d400000)]
  0x0000021b1b09c800 JavaThread "Build operations Thread 7" [_thread_blocked, id=12072, stack(0x000000af2d400000,0x000000af2d500000)]
  0x0000021b1927e800 JavaThread "Build operations Thread 8" [_thread_blocked, id=1648, stack(0x000000af2d500000,0x000000af2d600000)]
  0x0000021b19281000 JavaThread "jar transforms Thread 4" [_thread_blocked, id=3124, stack(0x000000af2d600000,0x000000af2d700000)]
  0x0000021b1927f800 JavaThread "jar transforms Thread 5" [_thread_blocked, id=4008, stack(0x000000af2d700000,0x000000af2d800000)]
  0x0000021b19286000 JavaThread "jar transforms Thread 6" [_thread_blocked, id=11820, stack(0x000000af2d800000,0x000000af2d900000)]
  0x0000021b19283800 JavaThread "jar transforms Thread 7" [_thread_blocked, id=6700, stack(0x000000af2d900000,0x000000af2da00000)]
  0x0000021b19282000 JavaThread "jar transforms Thread 8" [_thread_blocked, id=2624, stack(0x000000af2da00000,0x000000af2db00000)]
  0x0000021b19285000 JavaThread "Memory manager" [_thread_blocked, id=3048, stack(0x000000af2bf00000,0x000000af2c000000)]
  0x0000021b19286800 JavaThread "build event listener" [_thread_blocked, id=13844, stack(0x000000af2db00000,0x000000af2dc00000)]
  0x0000021b19287800 JavaThread "pool-3-thread-1" [_thread_blocked, id=3016, stack(0x000000af2dc00000,0x000000af2dd00000)]
  0x0000021b1928a000 JavaThread "build event listener" [_thread_blocked, id=1072, stack(0x000000af2dd00000,0x000000af2de00000)]
  0x0000021b19289000 JavaThread "Execution worker for ':'" [_thread_blocked, id=2368, stack(0x000000af2de00000,0x000000af2df00000)]
  0x0000021b19288800 JavaThread "Execution worker for ':' Thread 2" [_thread_blocked, id=5536, stack(0x000000af2df00000,0x000000af2e000000)]
  0x0000021b19284000 JavaThread "Execution worker for ':' Thread 3" [_thread_blocked, id=10176, stack(0x000000af2e000000,0x000000af2e100000)]
  0x0000021b1928b000 JavaThread "Execution worker for ':' Thread 4" [_thread_blocked, id=12052, stack(0x000000af2e100000,0x000000af2e200000)]
  0x0000021b1928b800 JavaThread "Execution worker for ':' Thread 5" [_thread_blocked, id=12132, stack(0x000000af2e200000,0x000000af2e300000)]
  0x0000021b1928c800 JavaThread "Execution worker for ':' Thread 6" [_thread_blocked, id=6572, stack(0x000000af2e300000,0x000000af2e400000)]
  0x0000021b1928d000 JavaThread "Execution worker for ':' Thread 7" [_thread_blocked, id=9644, stack(0x000000af2e400000,0x000000af2e500000)]
  0x0000021b18bc1800 JavaThread "Cache worker for execution history cache (C:\Users\hippo\AndroidStudioProjects\muscleJAVA-master\.gradle\7.0.2\executionHistory)" [_thread_blocked, id=12920, stack(0x000000af2e500000,0x000000af2e600000)]
  0x0000021b18bc4000 JavaThread "WorkerExecutor Queue" [_thread_blocked, id=1472, stack(0x000000af2e600000,0x000000af2e700000)]
  0x0000021b18bc0000 JavaThread "WorkerExecutor Queue Thread 2" [_thread_blocked, id=12356, stack(0x000000af2e700000,0x000000af2e800000)]
  0x0000021b18bc2800 JavaThread "WorkerExecutor Queue Thread 3" [_thread_blocked, id=8300, stack(0x000000af2e800000,0x000000af2e900000)]
  0x0000021b18bc3800 JavaThread "WorkerExecutor Queue Thread 4" [_thread_blocked, id=12016, stack(0x000000af2e900000,0x000000af2ea00000)]
  0x0000021b18bbe800 JavaThread "WorkerExecutor Queue Thread 5" [_thread_blocked, id=3096, stack(0x000000af2ea00000,0x000000af2eb00000)]
  0x0000021b18bc5000 JavaThread "WorkerExecutor Queue Thread 6" [_thread_blocked, id=10832, stack(0x000000af2eb00000,0x000000af2ec00000)]
  0x0000021b18bbf000 JavaThread "WorkerExecutor Queue Thread 7" [_thread_blocked, id=6612, stack(0x000000af2ec00000,0x000000af2ed00000)]
  0x0000021b18bc5800 JavaThread "WorkerExecutor Queue Thread 8" [_thread_blocked, id=8020, stack(0x000000af2ed00000,0x000000af2ee00000)]
  0x0000021b18bca000 JavaThread "Java2D Disposer" daemon [_thread_blocked, id=5492, stack(0x000000af2ef00000,0x000000af2f000000)]
  0x0000021b18bc1000 JavaThread "pool-4-thread-1" [_thread_blocked, id=6128, stack(0x000000af2ee00000,0x000000af2ef00000)]
  0x0000021b18bca800 JavaThread "stderr" [_thread_in_native, id=11900, stack(0x000000af2f000000,0x000000af2f100000)]
  0x0000021b18bc8000 JavaThread "stdout" [_thread_in_native, id=12856, stack(0x000000af2f100000,0x000000af2f200000)]
  0x0000021b18d14800 JavaThread "C2 CompilerThread1" daemon [_thread_in_native, id=9452, stack(0x000000af2c500000,0x000000af2c600000)]
  0x0000021b18bc9000 JavaThread "Cache worker for Java compile cache (C:\Users\hippo\.gradle\caches\7.0.2\javaCompile)" [_thread_blocked, id=12364, stack(0x000000af2f200000,0x000000af2f300000)]
  0x0000021b18bcd000 JavaThread "Cache worker for Java compile cache (C:\Users\hippo\AndroidStudioProjects\muscleJAVA-master\.gradle\7.0.2\javaCompile)" [_thread_blocked, id=2856, stack(0x000000af2f300000,0x000000af2f400000)]
  0x0000021b18bc7800 JavaThread "ForkJoinPool-1-worker-3" daemon [_thread_blocked, id=12688, stack(0x000000af2f400000,0x000000af2f500000)]
  0x0000021b16e80000 JavaThread "ForkJoinPool-1-worker-5" daemon [_thread_blocked, id=7596, stack(0x000000af2f500000,0x000000af2f600000)]
  0x0000021b16e85800 JavaThread "ForkJoinPool-1-worker-7" daemon [_thread_blocked, id=11472, stack(0x000000af2f600000,0x000000af2f700000)]
  0x0000021b16e86800 JavaThread "ForkJoinPool-1-worker-9" daemon [_thread_in_Java, id=12872, stack(0x000000af2f700000,0x000000af2f800000)]
  0x0000021b16e84800 JavaThread "ForkJoinPool-1-worker-11" daemon [_thread_blocked, id=12452, stack(0x000000af2f800000,0x000000af2f900000)]
  0x0000021b16e80800 JavaThread "ForkJoinPool-1-worker-13" daemon [_thread_blocked, id=12644, stack(0x000000af2f900000,0x000000af2fa00000)]
  0x0000021b16e81800 JavaThread "ForkJoinPool-1-worker-15" daemon [_thread_blocked, id=5520, stack(0x000000af2fa00000,0x000000af2fb00000)]
  0x0000021b16e84000 JavaThread "ForkJoinPool-1-worker-1" daemon [_thread_blocked, id=13952, stack(0x000000af2fb00000,0x000000af2fc00000)]

Other Threads:
  0x0000021b151db000 VMThread "VM Thread" [stack: 0x000000af29f00000,0x000000af2a000000] [id=5832]
  0x0000021b15bf9800 WatcherThread [stack: 0x000000af2a900000,0x000000af2aa00000] [id=8980]
  0x0000021b78d67000 GCTaskThread "GC Thread#0" [stack: 0x000000af29a00000,0x000000af29b00000] [id=32]
  0x0000021b16aed800 GCTaskThread "GC Thread#1" [stack: 0x000000af2ac00000,0x000000af2ad00000] [id=6724]
  0x0000021b1686a000 GCTaskThread "GC Thread#2" [stack: 0x000000af2ad00000,0x000000af2ae00000] [id=5344]
  0x0000021b17fc0800 GCTaskThread "GC Thread#3" [stack: 0x000000af2b600000,0x000000af2b700000] [id=8064]
  0x0000021b17945800 GCTaskThread "GC Thread#4" [stack: 0x000000af2b700000,0x000000af2b800000] [id=464]
  0x0000021b16ecf800 GCTaskThread "GC Thread#5" [stack: 0x000000af2b800000,0x000000af2b900000] [id=7128]
  0x0000021b17d21800 GCTaskThread "GC Thread#6" [stack: 0x000000af2b900000,0x000000af2ba00000] [id=3716]
  0x0000021b184c7800 GCTaskThread "GC Thread#7" [stack: 0x000000af2ba00000,0x000000af2bb00000] [id=14060]
  0x0000021b78d9a800 ConcurrentGCThread "G1 Main Marker" [stack: 0x000000af29b00000,0x000000af29c00000] [id=4412]
  0x0000021b78d9b800 ConcurrentGCThread "G1 Conc#0" [stack: 0x000000af29c00000,0x000000af29d00000] [id=12572]
  0x0000021b17f13800 ConcurrentGCThread "G1 Conc#1" [stack: 0x000000af2bd00000,0x000000af2be00000] [id=8660]
  0x0000021b1504c800 ConcurrentGCThread "G1 Refine#0" [stack: 0x000000af29d00000,0x000000af29e00000] [id=7776]
  0x0000021b17f14800 ConcurrentGCThread "G1 Refine#1" [stack: 0x000000af2fc00000,0x000000af2fd00000] [id=8788]
  0x0000021b1de3b000 ConcurrentGCThread "G1 Refine#2" [stack: 0x000000af2fd00000,0x000000af2fe00000] [id=6980]
  0x0000021b1de3a000 ConcurrentGCThread "G1 Refine#3" [stack: 0x000000af2fe00000,0x000000af2ff00000] [id=7076]
  0x0000021b1de34800 ConcurrentGCThread "G1 Refine#4" [stack: 0x000000af2ff00000,0x000000af30000000] [id=13132]
  0x0000021b1de38000 ConcurrentGCThread "G1 Refine#5" [stack: 0x000000af30000000,0x000000af30100000] [id=7240]
  0x0000021b1504d800 ConcurrentGCThread "G1 Young RemSet Sampling" [stack: 0x000000af29e00000,0x000000af29f00000] [id=14052]

Threads with active compile tasks:
C2 CompilerThread0  26999 16111 %     4       com.android.tools.r8.dex.j::a @ 315 (1038 bytes)
C2 CompilerThread1  26999 16563       4       com.android.tools.r8.graph.O::a (9 bytes)

VM state:not at safepoint (normal execution)

VM Mutex/Monitor currently owned by a thread: None

Heap address: 0x0000000080000000, size: 2048 MB, Compressed Oops mode: 32-bit
Narrow klass base: 0x0000000000000000, Narrow klass shift: 3
Compressed class space size: 1073741824 Address: 0x0000000100000000

Heap:
 garbage-first heap   total 338944K, used 208128K [0x0000000080000000, 0x0000000100000000)
  region size 1024K, 30 young (30720K), 4 survivors (4096K)
 Metaspace       used 117117K, capacity 120253K, committed 121804K, reserved 1155072K
  class space    used 14919K, capacity 16105K, committed 16844K, reserved 1048576K
Heap Regions: E=young(eden), S=young(survivor), O=old, HS=humongous(starts), HC=humongous(continues), CS=collection set, F=free, A=archive, TAMS=top-at-mark-start (previous, next)
|   0|0x0000000080000000, 0x0000000080100000, 0x0000000080100000|100%| O|  |TAMS 0x0000000080100000, 0x0000000080000000| Untracked 
|   1|0x0000000080100000, 0x0000000080200000, 0x0000000080200000|100%| O|  |TAMS 0x0000000080200000, 0x0000000080100000| Untracked 
|   2|0x0000000080200000, 0x0000000080300000, 0x0000000080300000|100%| O|  |TAMS 0x0000000080300000, 0x0000000080200000| Untracked 
|   3|0x0000000080300000, 0x0000000080400000, 0x0000000080400000|100%|HS|  |TAMS 0x0000000080400000, 0x0000000080300000| Complete 
|   4|0x0000000080400000, 0x0000000080500000, 0x0000000080500000|100%|HC|  |TAMS 0x0000000080500000, 0x0000000080400000| Complete 
|   5|0x0000000080500000, 0x0000000080600000, 0x0000000080600000|100%|HC|  |TAMS 0x0000000080600000, 0x0000000080500000| Complete 
|   6|0x0000000080600000, 0x0000000080700000, 0x0000000080700000|100%| O|  |TAMS 0x0000000080700000, 0x0000000080600000| Untracked 
|   7|0x0000000080700000, 0x0000000080800000, 0x0000000080800000|100%| O|  |TAMS 0x0000000080800000, 0x0000000080700000| Untracked 
|   8|0x0000000080800000, 0x0000000080900000, 0x0000000080900000|100%| O|  |TAMS 0x0000000080900000, 0x0000000080800000| Untracked 
|   9|0x0000000080900000, 0x0000000080a00000, 0x0000000080a00000|100%| O|  |TAMS 0x0000000080a00000, 0x0000000080900000| Untracked 
|  10|0x0000000080a00000, 0x0000000080b00000, 0x0000000080b00000|100%| O|  |TAMS 0x0000000080b00000, 0x0000000080a00000| Untracked 
|  11|0x0000000080b00000, 0x0000000080c00000, 0x0000000080c00000|100%| O|  |TAMS 0x0000000080c00000, 0x0000000080b00000| Untracked 
|  12|0x0000000080c00000, 0x0000000080d00000, 0x0000000080d00000|100%| O|  |TAMS 0x0000000080d00000, 0x0000000080c00000| Untracked 
|  13|0x0000000080d00000, 0x0000000080e00000, 0x0000000080e00000|100%| O|  |TAMS 0x0000000080e00000, 0x0000000080d00000| Untracked 
|  14|0x0000000080e00000, 0x0000000080f00000, 0x0000000080f00000|100%| O|  |TAMS 0x0000000080f00000, 0x0000000080e00000| Untracked 
|  15|0x0000000080f00000, 0x0000000081000000, 0x0000000081000000|100%| O|  |TAMS 0x0000000081000000, 0x0000000080f00000| Untracked 
|  16|0x0000000081000000, 0x0000000081100000, 0x0000000081100000|100%|HS|  |TAMS 0x0000000081100000, 0x0000000081000000| Complete 
|  17|0x0000000081100000, 0x0000000081200000, 0x0000000081200000|100%| O|  |TAMS 0x0000000081200000, 0x0000000081100000| Untracked 
|  18|0x0000000081200000, 0x0000000081300000, 0x0000000081300000|100%| O|  |TAMS 0x0000000081300000, 0x0000000081200000| Untracked 
|  19|0x0000000081300000, 0x0000000081400000, 0x0000000081400000|100%| O|  |TAMS 0x0000000081400000, 0x0000000081300000| Untracked 
|  20|0x0000000081400000, 0x0000000081500000, 0x0000000081500000|100%| O|  |TAMS 0x0000000081500000, 0x0000000081400000| Untracked 
|  21|0x0000000081500000, 0x0000000081600000, 0x0000000081600000|100%| O|  |TAMS 0x0000000081600000, 0x0000000081500000| Untracked 
|  22|0x0000000081600000, 0x0000000081700000, 0x0000000081700000|100%| O|  |TAMS 0x0000000081700000, 0x0000000081600000| Untracked 
|  23|0x0000000081700000, 0x0000000081800000, 0x0000000081800000|100%| O|  |TAMS 0x0000000081800000, 0x0000000081700000| Untracked 
|  24|0x0000000081800000, 0x0000000081900000, 0x0000000081900000|100%| O|  |TAMS 0x0000000081900000, 0x0000000081800000| Untracked 
|  25|0x0000000081900000, 0x0000000081a00000, 0x0000000081a00000|100%| O|  |TAMS 0x0000000081a00000, 0x0000000081900000| Untracked 
|  26|0x0000000081a00000, 0x0000000081b00000, 0x0000000081b00000|100%| O|  |TAMS 0x0000000081b00000, 0x0000000081a00000| Untracked 
|  27|0x0000000081b00000, 0x0000000081c00000, 0x0000000081c00000|100%|HS|  |TAMS 0x0000000081c00000, 0x0000000081b00000| Complete 
|  28|0x0000000081c00000, 0x0000000081d00000, 0x0000000081d00000|100%|HS|  |TAMS 0x0000000081d00000, 0x0000000081c00000| Complete 
|  29|0x0000000081d00000, 0x0000000081e00000, 0x0000000081e00000|100%|HC|  |TAMS 0x0000000081e00000, 0x0000000081d00000| Complete 
|  30|0x0000000081e00000, 0x0000000081f00000, 0x0000000081f00000|100%| O|  |TAMS 0x0000000081f00000, 0x0000000081e00000| Untracked 
|  31|0x0000000081f00000, 0x0000000082000000, 0x0000000082000000|100%| O|  |TAMS 0x0000000082000000, 0x0000000081f00000| Untracked 
|  32|0x0000000082000000, 0x0000000082100000, 0x0000000082100000|100%| O|  |TAMS 0x0000000082100000, 0x0000000082000000| Untracked 
|  33|0x0000000082100000, 0x0000000082200000, 0x0000000082200000|100%| O|  |TAMS 0x0000000082200000, 0x0000000082100000| Untracked 
|  34|0x0000000082200000, 0x0000000082300000, 0x0000000082300000|100%| O|  |TAMS 0x0000000082300000, 0x0000000082200000| Untracked 
|  35|0x0000000082300000, 0x0000000082400000, 0x0000000082400000|100%| O|  |TAMS 0x0000000082400000, 0x0000000082300000| Untracked 
|  36|0x0000000082400000, 0x0000000082500000, 0x0000000082500000|100%| O|  |TAMS 0x0000000082500000, 0x0000000082400000| Untracked 
|  37|0x0000000082500000, 0x0000000082600000, 0x0000000082600000|100%| O|  |TAMS 0x0000000082600000, 0x0000000082500000| Untracked 
|  38|0x0000000082600000, 0x0000000082700000, 0x0000000082700000|100%| O|  |TAMS 0x0000000082700000, 0x0000000082600000| Untracked 
|  39|0x0000000082700000, 0x0000000082800000, 0x0000000082800000|100%| O|  |TAMS 0x0000000082800000, 0x0000000082700000| Untracked 
|  40|0x0000000082800000, 0x0000000082900000, 0x0000000082900000|100%| O|  |TAMS 0x0000000082900000, 0x0000000082800000| Untracked 
|  41|0x0000000082900000, 0x0000000082a00000, 0x0000000082a00000|100%| O|  |TAMS 0x0000000082a00000, 0x0000000082900000| Untracked 
|  42|0x0000000082a00000, 0x0000000082b00000, 0x0000000082b00000|100%| O|  |TAMS 0x0000000082b00000, 0x0000000082a00000| Untracked 
|  43|0x0000000082b00000, 0x0000000082c00000, 0x0000000082c00000|100%| O|  |TAMS 0x0000000082c00000, 0x0000000082b00000| Untracked 
|  44|0x0000000082c00000, 0x0000000082d00000, 0x0000000082d00000|100%| O|  |TAMS 0x0000000082d00000, 0x0000000082c00000| Untracked 
|  45|0x0000000082d00000, 0x0000000082e00000, 0x0000000082e00000|100%| O|  |TAMS 0x0000000082e00000, 0x0000000082d00000| Untracked 
|  46|0x0000000082e00000, 0x0000000082f00000, 0x0000000082f00000|100%| O|  |TAMS 0x0000000082f00000, 0x0000000082e00000| Untracked 
|  47|0x0000000082f00000, 0x0000000083000000, 0x0000000083000000|100%| O|  |TAMS 0x0000000083000000, 0x0000000082f00000| Untracked 
|  48|0x0000000083000000, 0x0000000083100000, 0x0000000083100000|100%| O|  |TAMS 0x0000000083100000, 0x0000000083000000| Untracked 
|  49|0x0000000083100000, 0x0000000083200000, 0x0000000083200000|100%| O|  |TAMS 0x0000000083200000, 0x0000000083100000| Untracked 
|  50|0x0000000083200000, 0x0000000083300000, 0x0000000083300000|100%| O|  |TAMS 0x0000000083300000, 0x0000000083200000| Untracked 
|  51|0x0000000083300000, 0x0000000083400000, 0x0000000083400000|100%| O|  |TAMS 0x0000000083400000, 0x0000000083300000| Untracked 
|  52|0x0000000083400000, 0x0000000083500000, 0x0000000083500000|100%| O|  |TAMS 0x0000000083500000, 0x0000000083400000| Untracked 
|  53|0x0000000083500000, 0x0000000083600000, 0x0000000083600000|100%| O|  |TAMS 0x0000000083600000, 0x0000000083500000| Untracked 
|  54|0x0000000083600000, 0x0000000083700000, 0x0000000083700000|100%| O|  |TAMS 0x0000000083700000, 0x0000000083600000| Untracked 
|  55|0x0000000083700000, 0x0000000083800000, 0x0000000083800000|100%| O|  |TAMS 0x0000000083800000, 0x0000000083700000| Untracked 
|  56|0x0000000083800000, 0x0000000083900000, 0x0000000083900000|100%| O|  |TAMS 0x0000000083900000, 0x0000000083800000| Untracked 
|  57|0x0000000083900000, 0x0000000083a00000, 0x0000000083a00000|100%| O|  |TAMS 0x0000000083a00000, 0x0000000083900000| Untracked 
|  58|0x0000000083a00000, 0x0000000083b00000, 0x0000000083b00000|100%| O|  |TAMS 0x0000000083b00000, 0x0000000083a00000| Untracked 
|  59|0x0000000083b00000, 0x0000000083c00000, 0x0000000083c00000|100%| O|  |TAMS 0x0000000083c00000, 0x0000000083b00000| Untracked 
|  60|0x0000000083c00000, 0x0000000083d00000, 0x0000000083d00000|100%| O|  |TAMS 0x0000000083d00000, 0x0000000083c00000| Untracked 
|  61|0x0000000083d00000, 0x0000000083e00000, 0x0000000083e00000|100%| O|  |TAMS 0x0000000083e00000, 0x0000000083d00000| Untracked 
|  62|0x0000000083e00000, 0x0000000083f00000, 0x0000000083f00000|100%| O|  |TAMS 0x0000000083f00000, 0x0000000083e00000| Untracked 
|  63|0x0000000083f00000, 0x0000000084000000, 0x0000000084000000|100%| O|  |TAMS 0x0000000084000000, 0x0000000083f00000| Untracked 
|  64|0x0000000084000000, 0x0000000084100000, 0x0000000084100000|100%| O|  |TAMS 0x0000000084100000, 0x0000000084000000| Untracked 
|  65|0x0000000084100000, 0x0000000084200000, 0x0000000084200000|100%| O|  |TAMS 0x0000000084200000, 0x0000000084100000| Untracked 
|  66|0x0000000084200000, 0x0000000084300000, 0x0000000084300000|100%| O|  |TAMS 0x0000000084300000, 0x0000000084200000| Untracked 
|  67|0x0000000084300000, 0x0000000084400000, 0x0000000084400000|100%| O|  |TAMS 0x0000000084400000, 0x0000000084300000| Untracked 
|  68|0x0000000084400000, 0x0000000084500000, 0x0000000084500000|100%| O|  |TAMS 0x0000000084500000, 0x0000000084400000| Untracked 
|  69|0x0000000084500000, 0x0000000084600000, 0x0000000084600000|100%| O|  |TAMS 0x0000000084600000, 0x0000000084500000| Untracked 
|  70|0x0000000084600000, 0x0000000084700000, 0x0000000084700000|100%| O|  |TAMS 0x0000000084700000, 0x0000000084600000| Untracked 
|  71|0x0000000084700000, 0x0000000084800000, 0x0000000084800000|100%| O|  |TAMS 0x0000000084800000, 0x0000000084700000| Untracked 
|  72|0x0000000084800000, 0x0000000084900000, 0x0000000084900000|100%| O|  |TAMS 0x0000000084900000, 0x0000000084800000| Untracked 
|  73|0x0000000084900000, 0x0000000084a00000, 0x0000000084a00000|100%| O|  |TAMS 0x0000000084a00000, 0x0000000084900000| Untracked 
|  74|0x0000000084a00000, 0x0000000084b00000, 0x0000000084b00000|100%| O|  |TAMS 0x0000000084b00000, 0x0000000084a00000| Untracked 
|  75|0x0000000084b00000, 0x0000000084c00000, 0x0000000084c00000|100%| O|  |TAMS 0x0000000084b00000, 0x0000000084b00000| Untracked 
|  76|0x0000000084c00000, 0x0000000084d00000, 0x0000000084d00000|100%| O|  |TAMS 0x0000000084d00000, 0x0000000084c00000| Untracked 
|  77|0x0000000084d00000, 0x0000000084e00000, 0x0000000084e00000|100%| O|  |TAMS 0x0000000084e00000, 0x0000000084d00000| Untracked 
|  78|0x0000000084e00000, 0x0000000084f00000, 0x0000000084f00000|100%| O|  |TAMS 0x0000000084f00000, 0x0000000084e00000| Untracked 
|  79|0x0000000084f00000, 0x0000000085000000, 0x0000000085000000|100%| O|  |TAMS 0x0000000085000000, 0x0000000084f00000| Untracked 
|  80|0x0000000085000000, 0x0000000085100000, 0x0000000085100000|100%| O|  |TAMS 0x0000000085100000, 0x0000000085000000| Untracked 
|  81|0x0000000085100000, 0x0000000085200000, 0x0000000085200000|100%| O|  |TAMS 0x0000000085200000, 0x0000000085100000| Untracked 
|  82|0x0000000085200000, 0x0000000085300000, 0x0000000085300000|100%| O|  |TAMS 0x0000000085300000, 0x0000000085200000| Untracked 
|  83|0x0000000085300000, 0x0000000085400000, 0x0000000085400000|100%| O|  |TAMS 0x0000000085400000, 0x0000000085300000| Untracked 
|  84|0x0000000085400000, 0x0000000085500000, 0x0000000085500000|100%| O|  |TAMS 0x0000000085500000, 0x0000000085400000| Untracked 
|  85|0x0000000085500000, 0x0000000085600000, 0x0000000085600000|100%| O|  |TAMS 0x0000000085500000, 0x0000000085500000| Untracked 
|  86|0x0000000085600000, 0x0000000085700000, 0x0000000085700000|100%| O|  |TAMS 0x0000000085600000, 0x0000000085600000| Untracked 
|  87|0x0000000085700000, 0x0000000085800000, 0x0000000085800000|100%| O|  |TAMS 0x0000000085800000, 0x0000000085700000| Untracked 
|  88|0x0000000085800000, 0x0000000085900000, 0x0000000085900000|100%| O|  |TAMS 0x0000000085900000, 0x0000000085800000| Untracked 
|  89|0x0000000085900000, 0x0000000085a00000, 0x0000000085a00000|100%| O|  |TAMS 0x0000000085a00000, 0x0000000085900000| Untracked 
|  90|0x0000000085a00000, 0x0000000085b00000, 0x0000000085b00000|100%| O|  |TAMS 0x0000000085b00000, 0x0000000085a00000| Untracked 
|  91|0x0000000085b00000, 0x0000000085c00000, 0x0000000085c00000|100%| O|  |TAMS 0x0000000085c00000, 0x0000000085b00000| Untracked 
|  92|0x0000000085c00000, 0x0000000085d00000, 0x0000000085d00000|100%| O|  |TAMS 0x0000000085d00000, 0x0000000085c00000| Untracked 
|  93|0x0000000085d00000, 0x0000000085e00000, 0x0000000085e00000|100%| O|  |TAMS 0x0000000085e00000, 0x0000000085d00000| Untracked 
|  94|0x0000000085e00000, 0x0000000085effff8, 0x0000000085f00000| 99%| O|  |TAMS 0x0000000085effff8, 0x0000000085e00000| Untracked 
|  95|0x0000000085f00000, 0x0000000086000000, 0x0000000086000000|100%| O|  |TAMS 0x0000000086000000, 0x0000000085f00000| Untracked 
|  96|0x0000000086000000, 0x0000000086100000, 0x0000000086100000|100%| O|  |TAMS 0x0000000086100000, 0x0000000086000000| Untracked 
|  97|0x0000000086100000, 0x0000000086200000, 0x0000000086200000|100%| O|  |TAMS 0x0000000086200000, 0x0000000086100000| Untracked 
|  98|0x0000000086200000, 0x0000000086300000, 0x0000000086300000|100%| O|  |TAMS 0x0000000086300000, 0x0000000086200000| Untracked 
|  99|0x0000000086300000, 0x0000000086400000, 0x0000000086400000|100%| O|  |TAMS 0x0000000086400000, 0x0000000086300000| Untracked 
| 100|0x0000000086400000, 0x0000000086500000, 0x0000000086500000|100%| O|  |TAMS 0x0000000086500000, 0x0000000086400000| Untracked 
| 101|0x0000000086500000, 0x0000000086600000, 0x0000000086600000|100%| O|  |TAMS 0x0000000086600000, 0x0000000086500000| Untracked 
| 102|0x0000000086600000, 0x0000000086700000, 0x0000000086700000|100%| O|  |TAMS 0x0000000086700000, 0x0000000086600000| Untracked 
| 103|0x0000000086700000, 0x0000000086800000, 0x0000000086800000|100%| O|  |TAMS 0x0000000086800000, 0x0000000086700000| Untracked 
| 104|0x0000000086800000, 0x0000000086900000, 0x0000000086900000|100%| O|  |TAMS 0x0000000086900000, 0x0000000086800000| Untracked 
| 105|0x0000000086900000, 0x0000000086a00000, 0x0000000086a00000|100%| O|  |TAMS 0x0000000086a00000, 0x0000000086900000| Untracked 
| 106|0x0000000086a00000, 0x0000000086b00000, 0x0000000086b00000|100%| O|  |TAMS 0x0000000086b00000, 0x0000000086a00000| Untracked 
| 107|0x0000000086b00000, 0x0000000086c00000, 0x0000000086c00000|100%| O|  |TAMS 0x0000000086c00000, 0x0000000086b00000| Untracked 
| 108|0x0000000086c00000, 0x0000000086d00000, 0x0000000086d00000|100%| O|  |TAMS 0x0000000086d00000, 0x0000000086c00000| Untracked 
| 109|0x0000000086d00000, 0x0000000086e00000, 0x0000000086e00000|100%| O|  |TAMS 0x0000000086e00000, 0x0000000086d00000| Untracked 
| 110|0x0000000086e00000, 0x0000000086f00000, 0x0000000086f00000|100%| O|  |TAMS 0x0000000086f00000, 0x0000000086e00000| Untracked 
| 111|0x0000000086f00000, 0x0000000087000000, 0x0000000087000000|100%| O|  |TAMS 0x0000000087000000, 0x0000000086f00000| Untracked 
| 112|0x0000000087000000, 0x0000000087100000, 0x0000000087100000|100%| O|  |TAMS 0x0000000087100000, 0x0000000087000000| Untracked 
| 113|0x0000000087100000, 0x0000000087200000, 0x0000000087200000|100%| O|  |TAMS 0x0000000087200000, 0x0000000087100000| Untracked 
| 114|0x0000000087200000, 0x0000000087300000, 0x0000000087300000|100%| O|  |TAMS 0x0000000087300000, 0x0000000087200000| Untracked 
| 115|0x0000000087300000, 0x0000000087400000, 0x0000000087400000|100%| O|  |TAMS 0x00000000873b6000, 0x0000000087300000| Untracked 
| 116|0x0000000087400000, 0x0000000087500000, 0x0000000087500000|100%|HS|  |TAMS 0x0000000087400000, 0x0000000087400000| Complete 
| 117|0x0000000087500000, 0x0000000087600000, 0x0000000087600000|100%|HC|  |TAMS 0x0000000087500000, 0x0000000087500000| Complete 
| 118|0x0000000087600000, 0x0000000087700000, 0x0000000087700000|100%|HC|  |TAMS 0x0000000087600000, 0x0000000087600000| Complete 
| 119|0x0000000087700000, 0x0000000087800000, 0x0000000087800000|100%|HC|  |TAMS 0x0000000087700000, 0x0000000087700000| Complete 
| 120|0x0000000087800000, 0x0000000087900000, 0x0000000087900000|100%|HC|  |TAMS 0x0000000087800000, 0x0000000087800000| Complete 
| 121|0x0000000087900000, 0x0000000087a00000, 0x0000000087a00000|100%| O|  |TAMS 0x0000000087900000, 0x0000000087900000| Untracked 
| 122|0x0000000087a00000, 0x0000000087b00000, 0x0000000087b00000|100%| O|  |TAMS 0x0000000087a00000, 0x0000000087a00000| Untracked 
| 123|0x0000000087b00000, 0x0000000087c00000, 0x0000000087c00000|100%| O|  |TAMS 0x0000000087b00000, 0x0000000087b00000| Untracked 
| 124|0x0000000087c00000, 0x0000000087d00000, 0x0000000087d00000|100%| O|  |TAMS 0x0000000087c00000, 0x0000000087c00000| Untracked 
| 125|0x0000000087d00000, 0x0000000087e00000, 0x0000000087e00000|100%| O|  |TAMS 0x0000000087d00000, 0x0000000087d00000| Untracked 
| 126|0x0000000087e00000, 0x0000000087f00000, 0x0000000087f00000|100%|HS|  |TAMS 0x0000000087e00000, 0x0000000087e00000| Complete 
| 127|0x0000000087f00000, 0x0000000088000000, 0x0000000088000000|100%|HC|  |TAMS 0x0000000087f00000, 0x0000000087f00000| Complete 
| 128|0x0000000088000000, 0x0000000088100000, 0x0000000088100000|100%|HC|  |TAMS 0x0000000088000000, 0x0000000088000000| Complete 
| 129|0x0000000088100000, 0x0000000088200000, 0x0000000088200000|100%|HC|  |TAMS 0x0000000088100000, 0x0000000088100000| Complete 
| 130|0x0000000088200000, 0x0000000088300000, 0x0000000088300000|100%|HC|  |TAMS 0x0000000088200000, 0x0000000088200000| Complete 
| 131|0x0000000088300000, 0x0000000088400000, 0x0000000088400000|100%| O|  |TAMS 0x0000000088300000, 0x0000000088300000| Untracked 
| 132|0x0000000088400000, 0x0000000088500000, 0x0000000088500000|100%| O|  |TAMS 0x0000000088400000, 0x0000000088400000| Untracked 
| 133|0x0000000088500000, 0x0000000088600000, 0x0000000088600000|100%| O|  |TAMS 0x0000000088500000, 0x0000000088500000| Untracked 
| 134|0x0000000088600000, 0x0000000088700000, 0x0000000088700000|100%| O|  |TAMS 0x0000000088600000, 0x0000000088600000| Untracked 
| 135|0x0000000088700000, 0x0000000088800000, 0x0000000088800000|100%| O|  |TAMS 0x0000000088700000, 0x0000000088700000| Untracked 
| 136|0x0000000088800000, 0x0000000088900000, 0x0000000088900000|100%| O|  |TAMS 0x0000000088800000, 0x0000000088800000| Untracked 
| 137|0x0000000088900000, 0x0000000088a00000, 0x0000000088a00000|100%| O|  |TAMS 0x0000000088900000, 0x0000000088900000| Untracked 
| 138|0x0000000088a00000, 0x0000000088b00000, 0x0000000088b00000|100%| O|  |TAMS 0x0000000088a00000, 0x0000000088a00000| Untracked 
| 139|0x0000000088b00000, 0x0000000088c00000, 0x0000000088c00000|100%| O|  |TAMS 0x0000000088b00000, 0x0000000088b00000| Untracked 
| 140|0x0000000088c00000, 0x0000000088d00000, 0x0000000088d00000|100%| O|  |TAMS 0x0000000088c00000, 0x0000000088c00000| Untracked 
| 141|0x0000000088d00000, 0x0000000088e00000, 0x0000000088e00000|100%| O|  |TAMS 0x0000000088d00000, 0x0000000088d00000| Untracked 
| 142|0x0000000088e00000, 0x0000000088f00000, 0x0000000088f00000|100%| O|  |TAMS 0x0000000088e00000, 0x0000000088e00000| Untracked 
| 143|0x0000000088f00000, 0x0000000089000000, 0x0000000089000000|100%| O|  |TAMS 0x0000000088f00000, 0x0000000088f00000| Untracked 
| 144|0x0000000089000000, 0x0000000089100000, 0x0000000089100000|100%| O|  |TAMS 0x0000000089000000, 0x0000000089000000| Untracked 
| 145|0x0000000089100000, 0x0000000089200000, 0x0000000089200000|100%| O|  |TAMS 0x0000000089100000, 0x0000000089100000| Untracked 
| 146|0x0000000089200000, 0x0000000089300000, 0x0000000089300000|100%| O|  |TAMS 0x0000000089200000, 0x0000000089200000| Untracked 
| 147|0x0000000089300000, 0x0000000089400000, 0x0000000089400000|100%| O|  |TAMS 0x0000000089300000, 0x0000000089300000| Untracked 
| 148|0x0000000089400000, 0x0000000089500000, 0x0000000089500000|100%| O|  |TAMS 0x0000000089400000, 0x0000000089400000| Untracked 
| 149|0x0000000089500000, 0x0000000089600000, 0x0000000089600000|100%| O|  |TAMS 0x0000000089500000, 0x0000000089500000| Untracked 
| 150|0x0000000089600000, 0x0000000089700000, 0x0000000089700000|100%| O|  |TAMS 0x0000000089600000, 0x0000000089600000| Untracked 
| 151|0x0000000089700000, 0x0000000089800000, 0x0000000089800000|100%| O|  |TAMS 0x0000000089700000, 0x0000000089700000| Untracked 
| 152|0x0000000089800000, 0x0000000089900000, 0x0000000089900000|100%| O|  |TAMS 0x0000000089800000, 0x0000000089800000| Untracked 
| 153|0x0000000089900000, 0x0000000089a00000, 0x0000000089a00000|100%| O|  |TAMS 0x0000000089900000, 0x0000000089900000| Untracked 
| 154|0x0000000089a00000, 0x0000000089b00000, 0x0000000089b00000|100%| O|  |TAMS 0x0000000089a00000, 0x0000000089a00000| Untracked 
| 155|0x0000000089b00000, 0x0000000089c00000, 0x0000000089c00000|100%| O|  |TAMS 0x0000000089b00000, 0x0000000089b00000| Untracked 
| 156|0x0000000089c00000, 0x0000000089d00000, 0x0000000089d00000|100%| O|  |TAMS 0x0000000089c00000, 0x0000000089c00000| Untracked 
| 157|0x0000000089d00000, 0x0000000089e00000, 0x0000000089e00000|100%| O|  |TAMS 0x0000000089d00000, 0x0000000089d00000| Untracked 
| 158|0x0000000089e00000, 0x0000000089f00000, 0x0000000089f00000|100%| O|  |TAMS 0x0000000089e00000, 0x0000000089e00000| Untracked 
| 159|0x0000000089f00000, 0x000000008a000000, 0x000000008a000000|100%| O|  |TAMS 0x0000000089f00000, 0x0000000089f00000| Untracked 
| 160|0x000000008a000000, 0x000000008a100000, 0x000000008a100000|100%| O|  |TAMS 0x000000008a000000, 0x000000008a000000| Untracked 
| 161|0x000000008a100000, 0x000000008a200000, 0x000000008a200000|100%| O|  |TAMS 0x000000008a100000, 0x000000008a100000| Untracked 
| 162|0x000000008a200000, 0x000000008a300000, 0x000000008a300000|100%| O|  |TAMS 0x000000008a200000, 0x000000008a200000| Untracked 
| 163|0x000000008a300000, 0x000000008a400000, 0x000000008a400000|100%| O|  |TAMS 0x000000008a300000, 0x000000008a300000| Untracked 
| 164|0x000000008a400000, 0x000000008a500000, 0x000000008a500000|100%| O|  |TAMS 0x000000008a400000, 0x000000008a400000| Untracked 
| 165|0x000000008a500000, 0x000000008a600000, 0x000000008a600000|100%| O|  |TAMS 0x000000008a500000, 0x000000008a500000| Untracked 
| 166|0x000000008a600000, 0x000000008a700000, 0x000000008a700000|100%| O|  |TAMS 0x000000008a600000, 0x000000008a600000| Untracked 
| 167|0x000000008a700000, 0x000000008a800000, 0x000000008a800000|100%| O|  |TAMS 0x000000008a700000, 0x000000008a700000| Untracked 
| 168|0x000000008a800000, 0x000000008a900000, 0x000000008a900000|100%| O|  |TAMS 0x000000008a800000, 0x000000008a800000| Untracked 
| 169|0x000000008a900000, 0x000000008a940200, 0x000000008aa00000| 25%| O|  |TAMS 0x000000008a900000, 0x000000008a900000| Untracked 
| 170|0x000000008aa00000, 0x000000008ab00000, 0x000000008ab00000|100%|HS|  |TAMS 0x000000008aa00000, 0x000000008aa00000| Complete 
| 171|0x000000008ab00000, 0x000000008ac00000, 0x000000008ac00000|100%|HS|  |TAMS 0x000000008ab00000, 0x000000008ab00000| Complete 
| 172|0x000000008ac00000, 0x000000008ad00000, 0x000000008ad00000|100%|HS|  |TAMS 0x000000008ac00000, 0x000000008ac00000| Complete 
| 173|0x000000008ad00000, 0x000000008ae00000, 0x000000008ae00000|100%|HS|  |TAMS 0x000000008ad00000, 0x000000008ad00000| Complete 
| 174|0x000000008ae00000, 0x000000008af00000, 0x000000008af00000|100%|HS|  |TAMS 0x000000008ae00000, 0x000000008ae00000| Complete 
| 175|0x000000008af00000, 0x000000008b000000, 0x000000008b000000|100%|HS|  |TAMS 0x000000008af00000, 0x000000008af00000| Complete 
| 176|0x000000008b000000, 0x000000008b000000, 0x000000008b100000|  0%| F|  |TAMS 0x000000008b000000, 0x000000008b000000| Untracked 
| 177|0x000000008b100000, 0x000000008b100000, 0x000000008b200000|  0%| F|  |TAMS 0x000000008b100000, 0x000000008b100000| Untracked 
| 178|0x000000008b200000, 0x000000008b200000, 0x000000008b300000|  0%| F|  |TAMS 0x000000008b200000, 0x000000008b200000| Untracked 
| 179|0x000000008b300000, 0x000000008b300000, 0x000000008b400000|  0%| F|  |TAMS 0x000000008b300000, 0x000000008b300000| Untracked 
| 180|0x000000008b400000, 0x000000008b400000, 0x000000008b500000|  0%| F|  |TAMS 0x000000008b400000, 0x000000008b400000| Untracked 
| 181|0x000000008b500000, 0x000000008b500000, 0x000000008b600000|  0%| F|  |TAMS 0x000000008b500000, 0x000000008b500000| Untracked 
| 182|0x000000008b600000, 0x000000008b600000, 0x000000008b700000|  0%| F|  |TAMS 0x000000008b600000, 0x000000008b600000| Untracked 
| 183|0x000000008b700000, 0x000000008b700000, 0x000000008b800000|  0%| F|  |TAMS 0x000000008b700000, 0x000000008b700000| Untracked 
| 184|0x000000008b800000, 0x000000008b800000, 0x000000008b900000|  0%| F|  |TAMS 0x000000008b800000, 0x000000008b800000| Untracked 
| 185|0x000000008b900000, 0x000000008b900000, 0x000000008ba00000|  0%| F|  |TAMS 0x000000008b900000, 0x000000008b900000| Untracked 
| 186|0x000000008ba00000, 0x000000008ba00000, 0x000000008bb00000|  0%| F|  |TAMS 0x000000008ba00000, 0x000000008ba00000| Untracked 
| 187|0x000000008bb00000, 0x000000008bb00000, 0x000000008bc00000|  0%| F|  |TAMS 0x000000008bb00000, 0x000000008bb00000| Untracked 
| 188|0x000000008bc00000, 0x000000008bc00000, 0x000000008bd00000|  0%| F|  |TAMS 0x000000008bc00000, 0x000000008bc00000| Untracked 
| 189|0x000000008bd00000, 0x000000008bd00000, 0x000000008be00000|  0%| F|  |TAMS 0x000000008bd00000, 0x000000008bd00000| Untracked 
| 190|0x000000008be00000, 0x000000008be00000, 0x000000008bf00000|  0%| F|  |TAMS 0x000000008be00000, 0x000000008be00000| Untracked 
| 191|0x000000008bf00000, 0x000000008bf00000, 0x000000008c000000|  0%| F|  |TAMS 0x000000008bf00000, 0x000000008bf00000| Untracked 
| 192|0x000000008c000000, 0x000000008c000000, 0x000000008c100000|  0%| F|  |TAMS 0x000000008c000000, 0x000000008c000000| Untracked 
| 193|0x000000008c100000, 0x000000008c100000, 0x000000008c200000|  0%| F|  |TAMS 0x000000008c100000, 0x000000008c100000| Untracked 
| 194|0x000000008c200000, 0x000000008c200000, 0x000000008c300000|  0%| F|  |TAMS 0x000000008c200000, 0x000000008c200000| Untracked 
| 195|0x000000008c300000, 0x000000008c300000, 0x000000008c400000|  0%| F|  |TAMS 0x000000008c300000, 0x000000008c300000| Untracked 
| 196|0x000000008c400000, 0x000000008c400000, 0x000000008c500000|  0%| F|  |TAMS 0x000000008c400000, 0x000000008c400000| Untracked 
| 197|0x000000008c500000, 0x000000008c500000, 0x000000008c600000|  0%| F|  |TAMS 0x000000008c500000, 0x000000008c500000| Untracked 
| 198|0x000000008c600000, 0x000000008c600000, 0x000000008c700000|  0%| F|  |TAMS 0x000000008c600000, 0x000000008c600000| Untracked 
| 199|0x000000008c700000, 0x000000008c700000, 0x000000008c800000|  0%| F|  |TAMS 0x000000008c700000, 0x000000008c700000| Untracked 
| 200|0x000000008c800000, 0x000000008c800000, 0x000000008c900000|  0%| F|  |TAMS 0x000000008c800000, 0x000000008c800000| Untracked 
| 201|0x000000008c900000, 0x000000008c900000, 0x000000008ca00000|  0%| F|  |TAMS 0x000000008c900000, 0x000000008c900000| Untracked 
| 202|0x000000008ca00000, 0x000000008ca00000, 0x000000008cb00000|  0%| F|  |TAMS 0x000000008ca00000, 0x000000008ca00000| Untracked 
| 203|0x000000008cb00000, 0x000000008cb00000, 0x000000008cc00000|  0%| F|  |TAMS 0x000000008cb00000, 0x000000008cb00000| Untracked 
| 204|0x000000008cc00000, 0x000000008cc00000, 0x000000008cd00000|  0%| F|  |TAMS 0x000000008cc00000, 0x000000008cc00000| Untracked 
| 205|0x000000008cd00000, 0x000000008cd00000, 0x000000008ce00000|  0%| F|  |TAMS 0x000000008cd00000, 0x000000008cd00000| Untracked 
| 206|0x000000008ce00000, 0x000000008ce00000, 0x000000008cf00000|  0%| F|  |TAMS 0x000000008ce00000, 0x000000008ce00000| Untracked 
| 207|0x000000008cf00000, 0x000000008d000000, 0x000000008d000000|100%| S|CS|TAMS 0x000000008cf00000, 0x000000008cf00000| Complete 
| 208|0x000000008d000000, 0x000000008d100000, 0x000000008d100000|100%| S|CS|TAMS 0x000000008d000000, 0x000000008d000000| Complete 
| 209|0x000000008d100000, 0x000000008d200000, 0x000000008d200000|100%| S|CS|TAMS 0x000000008d100000, 0x000000008d100000| Complete 
| 210|0x000000008d200000, 0x000000008d300000, 0x000000008d300000|100%| S|CS|TAMS 0x000000008d200000, 0x000000008d200000| Complete 
| 211|0x000000008d300000, 0x000000008d300000, 0x000000008d400000|  0%| F|  |TAMS 0x000000008d300000, 0x000000008d300000| Untracked 
| 212|0x000000008d400000, 0x000000008d400000, 0x000000008d500000|  0%| F|  |TAMS 0x000000008d400000, 0x000000008d400000| Untracked 
| 213|0x000000008d500000, 0x000000008d500000, 0x000000008d600000|  0%| F|  |TAMS 0x000000008d500000, 0x000000008d500000| Untracked 
| 214|0x000000008d600000, 0x000000008d600000, 0x000000008d700000|  0%| F|  |TAMS 0x000000008d600000, 0x000000008d600000| Untracked 
| 215|0x000000008d700000, 0x000000008d700000, 0x000000008d800000|  0%| F|  |TAMS 0x000000008d700000, 0x000000008d700000| Untracked 
| 216|0x000000008d800000, 0x000000008d800000, 0x000000008d900000|  0%| F|  |TAMS 0x000000008d800000, 0x000000008d800000| Untracked 
| 217|0x000000008d900000, 0x000000008d900000, 0x000000008da00000|  0%| F|  |TAMS 0x000000008d900000, 0x000000008d900000| Untracked 
| 218|0x000000008da00000, 0x000000008da00000, 0x000000008db00000|  0%| F|  |TAMS 0x000000008da00000, 0x000000008da00000| Untracked 
| 219|0x000000008db00000, 0x000000008db00000, 0x000000008dc00000|  0%| F|  |TAMS 0x000000008db00000, 0x000000008db00000| Untracked 
| 220|0x000000008dc00000, 0x000000008dc00000, 0x000000008dd00000|  0%| F|  |TAMS 0x000000008dc00000, 0x000000008dc00000| Untracked 
| 221|0x000000008dd00000, 0x000000008dd00000, 0x000000008de00000|  0%| F|  |TAMS 0x000000008dd00000, 0x000000008dd00000| Untracked 
| 222|0x000000008de00000, 0x000000008de00000, 0x000000008df00000|  0%| F|  |TAMS 0x000000008de00000, 0x000000008de00000| Untracked 
| 223|0x000000008df00000, 0x000000008df00000, 0x000000008e000000|  0%| F|  |TAMS 0x000000008df00000, 0x000000008df00000| Untracked 
| 224|0x000000008e000000, 0x000000008e000000, 0x000000008e100000|  0%| F|  |TAMS 0x000000008e000000, 0x000000008e000000| Untracked 
| 225|0x000000008e100000, 0x000000008e100000, 0x000000008e200000|  0%| F|  |TAMS 0x000000008e100000, 0x000000008e100000| Untracked 
| 226|0x000000008e200000, 0x000000008e200000, 0x000000008e300000|  0%| F|  |TAMS 0x000000008e200000, 0x000000008e200000| Untracked 
| 227|0x000000008e300000, 0x000000008e300000, 0x000000008e400000|  0%| F|  |TAMS 0x000000008e300000, 0x000000008e300000| Untracked 
| 228|0x000000008e400000, 0x000000008e400000, 0x000000008e500000|  0%| F|  |TAMS 0x000000008e400000, 0x000000008e400000| Untracked 
| 229|0x000000008e500000, 0x000000008e500000, 0x000000008e600000|  0%| F|  |TAMS 0x000000008e500000, 0x000000008e500000| Untracked 
| 230|0x000000008e600000, 0x000000008e600000, 0x000000008e700000|  0%| F|  |TAMS 0x000000008e600000, 0x000000008e600000| Untracked 
| 231|0x000000008e700000, 0x000000008e700000, 0x000000008e800000|  0%| F|  |TAMS 0x000000008e700000, 0x000000008e700000| Untracked 
| 232|0x000000008e800000, 0x000000008e800000, 0x000000008e900000|  0%| F|  |TAMS 0x000000008e800000, 0x000000008e800000| Untracked 
| 233|0x000000008e900000, 0x000000008e900000, 0x000000008ea00000|  0%| F|  |TAMS 0x000000008e900000, 0x000000008e900000| Untracked 
| 234|0x000000008ea00000, 0x000000008ea00000, 0x000000008eb00000|  0%| F|  |TAMS 0x000000008ea00000, 0x000000008ea00000| Untracked 
| 235|0x000000008eb00000, 0x000000008eb00000, 0x000000008ec00000|  0%| F|  |TAMS 0x000000008eb00000, 0x000000008eb00000| Untracked 
| 236|0x000000008ec00000, 0x000000008ec00000, 0x000000008ed00000|  0%| F|  |TAMS 0x000000008ec00000, 0x000000008ec00000| Untracked 
| 237|0x000000008ed00000, 0x000000008ed00000, 0x000000008ee00000|  0%| F|  |TAMS 0x000000008ed00000, 0x000000008ed00000| Untracked 
| 238|0x000000008ee00000, 0x000000008ee00000, 0x000000008ef00000|  0%| F|  |TAMS 0x000000008ee00000, 0x000000008ee00000| Untracked 
| 239|0x000000008ef00000, 0x000000008ef00000, 0x000000008f000000|  0%| F|  |TAMS 0x000000008ef00000, 0x000000008ef00000| Untracked 
| 240|0x000000008f000000, 0x000000008f000000, 0x000000008f100000|  0%| F|  |TAMS 0x000000008f000000, 0x000000008f000000| Untracked 
| 241|0x000000008f100000, 0x000000008f100000, 0x000000008f200000|  0%| F|  |TAMS 0x000000008f100000, 0x000000008f100000| Untracked 
| 242|0x000000008f200000, 0x000000008f200000, 0x000000008f300000|  0%| F|  |TAMS 0x000000008f200000, 0x000000008f200000| Untracked 
| 243|0x000000008f300000, 0x000000008f300000, 0x000000008f400000|  0%| F|  |TAMS 0x000000008f300000, 0x000000008f300000| Untracked 
| 244|0x000000008f400000, 0x000000008f400000, 0x000000008f500000|  0%| F|  |TAMS 0x000000008f400000, 0x000000008f400000| Untracked 
| 245|0x000000008f500000, 0x000000008f500000, 0x000000008f600000|  0%| F|  |TAMS 0x000000008f500000, 0x000000008f500000| Untracked 
| 246|0x000000008f600000, 0x000000008f600000, 0x000000008f700000|  0%| F|  |TAMS 0x000000008f600000, 0x000000008f600000| Untracked 
| 247|0x000000008f700000, 0x000000008f700000, 0x000000008f800000|  0%| F|  |TAMS 0x000000008f700000, 0x000000008f700000| Untracked 
| 248|0x000000008f800000, 0x000000008f800000, 0x000000008f900000|  0%| F|  |TAMS 0x000000008f800000, 0x000000008f800000| Untracked 
| 249|0x000000008f900000, 0x000000008f900000, 0x000000008fa00000|  0%| F|  |TAMS 0x000000008f900000, 0x000000008f900000| Untracked 
| 250|0x000000008fa00000, 0x000000008fa00000, 0x000000008fb00000|  0%| F|  |TAMS 0x000000008fa00000, 0x000000008fa00000| Untracked 
| 251|0x000000008fb00000, 0x000000008fb00000, 0x000000008fc00000|  0%| F|  |TAMS 0x000000008fb00000, 0x000000008fb00000| Untracked 
| 252|0x000000008fc00000, 0x000000008fc00000, 0x000000008fd00000|  0%| F|  |TAMS 0x000000008fc00000, 0x000000008fc00000| Untracked 
| 253|0x000000008fd00000, 0x000000008fd00000, 0x000000008fe00000|  0%| F|  |TAMS 0x000000008fd00000, 0x000000008fd00000| Untracked 
| 254|0x000000008fe00000, 0x000000008fe00000, 0x000000008ff00000|  0%| F|  |TAMS 0x000000008fe00000, 0x000000008fe00000| Untracked 
| 255|0x000000008ff00000, 0x000000008ff00000, 0x0000000090000000|  0%| F|  |TAMS 0x000000008ff00000, 0x000000008ff00000| Untracked 
| 256|0x0000000090000000, 0x0000000090000000, 0x0000000090100000|  0%| F|  |TAMS 0x0000000090000000, 0x0000000090000000| Untracked 
| 257|0x0000000090100000, 0x0000000090100000, 0x0000000090200000|  0%| F|  |TAMS 0x0000000090100000, 0x0000000090100000| Untracked 
| 258|0x0000000090200000, 0x0000000090200000, 0x0000000090300000|  0%| F|  |TAMS 0x0000000090200000, 0x0000000090200000| Untracked 
| 259|0x0000000090300000, 0x0000000090300000, 0x0000000090400000|  0%| F|  |TAMS 0x0000000090300000, 0x0000000090300000| Untracked 
| 260|0x0000000090400000, 0x0000000090400000, 0x0000000090500000|  0%| F|  |TAMS 0x0000000090400000, 0x0000000090400000| Untracked 
| 261|0x0000000090500000, 0x0000000090500000, 0x0000000090600000|  0%| F|  |TAMS 0x0000000090500000, 0x0000000090500000| Untracked 
| 262|0x0000000090600000, 0x0000000090600000, 0x0000000090700000|  0%| F|  |TAMS 0x0000000090600000, 0x0000000090600000| Untracked 
| 263|0x0000000090700000, 0x0000000090700000, 0x0000000090800000|  0%| F|  |TAMS 0x0000000090700000, 0x0000000090700000| Untracked 
| 264|0x0000000090800000, 0x0000000090800000, 0x0000000090900000|  0%| F|  |TAMS 0x0000000090800000, 0x0000000090800000| Untracked 
| 265|0x0000000090900000, 0x0000000090900000, 0x0000000090a00000|  0%| F|  |TAMS 0x0000000090900000, 0x0000000090900000| Untracked 
| 266|0x0000000090a00000, 0x0000000090a00000, 0x0000000090b00000|  0%| F|  |TAMS 0x0000000090a00000, 0x0000000090a00000| Untracked 
| 267|0x0000000090b00000, 0x0000000090b00000, 0x0000000090c00000|  0%| F|  |TAMS 0x0000000090b00000, 0x0000000090b00000| Untracked 
| 268|0x0000000090c00000, 0x0000000090c00000, 0x0000000090d00000|  0%| F|  |TAMS 0x0000000090c00000, 0x0000000090c00000| Untracked 
| 269|0x0000000090d00000, 0x0000000090d00000, 0x0000000090e00000|  0%| F|  |TAMS 0x0000000090d00000, 0x0000000090d00000| Untracked 
| 270|0x0000000090e00000, 0x0000000090e00000, 0x0000000090f00000|  0%| F|  |TAMS 0x0000000090e00000, 0x0000000090e00000| Untracked 
| 271|0x0000000090f00000, 0x0000000090f00000, 0x0000000091000000|  0%| F|  |TAMS 0x0000000090f00000, 0x0000000090f00000| Untracked 
| 272|0x0000000091000000, 0x0000000091000000, 0x0000000091100000|  0%| F|  |TAMS 0x0000000091000000, 0x0000000091000000| Untracked 
| 273|0x0000000091100000, 0x0000000091100000, 0x0000000091200000|  0%| F|  |TAMS 0x0000000091100000, 0x0000000091100000| Untracked 
| 274|0x0000000091200000, 0x0000000091200000, 0x0000000091300000|  0%| F|  |TAMS 0x0000000091200000, 0x0000000091200000| Untracked 
| 275|0x0000000091300000, 0x0000000091300000, 0x0000000091400000|  0%| F|  |TAMS 0x0000000091300000, 0x0000000091300000| Untracked 
| 276|0x0000000091400000, 0x0000000091400000, 0x0000000091500000|  0%| F|  |TAMS 0x0000000091400000, 0x0000000091400000| Untracked 
| 277|0x0000000091500000, 0x0000000091500000, 0x0000000091600000|  0%| F|  |TAMS 0x0000000091500000, 0x0000000091500000| Untracked 
| 278|0x0000000091600000, 0x0000000091600000, 0x0000000091700000|  0%| F|  |TAMS 0x0000000091600000, 0x0000000091600000| Untracked 
| 279|0x0000000091700000, 0x0000000091700000, 0x0000000091800000|  0%| F|  |TAMS 0x0000000091700000, 0x0000000091700000| Untracked 
| 280|0x0000000091800000, 0x0000000091800000, 0x0000000091900000|  0%| F|  |TAMS 0x0000000091800000, 0x0000000091800000| Untracked 
| 281|0x0000000091900000, 0x0000000091900000, 0x0000000091a00000|  0%| F|  |TAMS 0x0000000091900000, 0x0000000091900000| Untracked 
| 282|0x0000000091a00000, 0x0000000091a00000, 0x0000000091b00000|  0%| F|  |TAMS 0x0000000091a00000, 0x0000000091a00000| Untracked 
| 283|0x0000000091b00000, 0x0000000091b00000, 0x0000000091c00000|  0%| F|  |TAMS 0x0000000091b00000, 0x0000000091b00000| Untracked 
| 284|0x0000000091c00000, 0x0000000091c00000, 0x0000000091d00000|  0%| F|  |TAMS 0x0000000091c00000, 0x0000000091c00000| Untracked 
| 285|0x0000000091d00000, 0x0000000091d00000, 0x0000000091e00000|  0%| F|  |TAMS 0x0000000091d00000, 0x0000000091d00000| Untracked 
| 286|0x0000000091e00000, 0x0000000091e00000, 0x0000000091f00000|  0%| F|  |TAMS 0x0000000091e00000, 0x0000000091e00000| Untracked 
| 287|0x0000000091f00000, 0x0000000091f00000, 0x0000000092000000|  0%| F|  |TAMS 0x0000000091f00000, 0x0000000091f00000| Untracked 
| 288|0x0000000092000000, 0x0000000092000000, 0x0000000092100000|  0%| F|  |TAMS 0x0000000092000000, 0x0000000092000000| Untracked 
| 289|0x0000000092100000, 0x0000000092100000, 0x0000000092200000|  0%| F|  |TAMS 0x0000000092100000, 0x0000000092100000| Untracked 
| 290|0x0000000092200000, 0x0000000092200000, 0x0000000092300000|  0%| F|  |TAMS 0x0000000092200000, 0x0000000092200000| Untracked 
| 291|0x0000000092300000, 0x0000000092300000, 0x0000000092400000|  0%| F|  |TAMS 0x0000000092300000, 0x0000000092300000| Untracked 
| 292|0x0000000092400000, 0x0000000092400000, 0x0000000092500000|  0%| F|  |TAMS 0x0000000092400000, 0x0000000092400000| Untracked 
| 293|0x0000000092500000, 0x0000000092500000, 0x0000000092600000|  0%| F|  |TAMS 0x0000000092500000, 0x0000000092500000| Untracked 
| 294|0x0000000092600000, 0x0000000092600000, 0x0000000092700000|  0%| F|  |TAMS 0x0000000092600000, 0x0000000092600000| Untracked 
| 295|0x0000000092700000, 0x0000000092700000, 0x0000000092800000|  0%| F|  |TAMS 0x0000000092700000, 0x0000000092700000| Untracked 
| 296|0x0000000092800000, 0x0000000092800000, 0x0000000092900000|  0%| F|  |TAMS 0x0000000092800000, 0x0000000092800000| Untracked 
| 297|0x0000000092900000, 0x0000000092900000, 0x0000000092a00000|  0%| F|  |TAMS 0x0000000092900000, 0x0000000092900000| Untracked 
| 298|0x0000000092a00000, 0x0000000092a00000, 0x0000000092b00000|  0%| F|  |TAMS 0x0000000092a00000, 0x0000000092a00000| Untracked 
| 299|0x0000000092b00000, 0x0000000092b00000, 0x0000000092c00000|  0%| F|  |TAMS 0x0000000092b00000, 0x0000000092b00000| Untracked 
| 300|0x0000000092c00000, 0x0000000092c00000, 0x0000000092d00000|  0%| F|  |TAMS 0x0000000092c00000, 0x0000000092c00000| Untracked 
| 301|0x0000000092d00000, 0x0000000092d00000, 0x0000000092e00000|  0%| F|  |TAMS 0x0000000092d00000, 0x0000000092d00000| Untracked 
| 302|0x0000000092e00000, 0x0000000092e00000, 0x0000000092f00000|  0%| F|  |TAMS 0x0000000092e00000, 0x0000000092e00000| Untracked 
| 303|0x0000000092f00000, 0x0000000092f00000, 0x0000000093000000|  0%| F|  |TAMS 0x0000000092f00000, 0x0000000092f00000| Untracked 
| 304|0x0000000093000000, 0x0000000093079208, 0x0000000093100000| 47%| E|  |TAMS 0x0000000093000000, 0x0000000093000000| Complete 
| 305|0x0000000093100000, 0x0000000093200000, 0x0000000093200000|100%| E|CS|TAMS 0x0000000093100000, 0x0000000093100000| Complete 
| 306|0x0000000093200000, 0x0000000093300000, 0x0000000093300000|100%| E|CS|TAMS 0x0000000093200000, 0x0000000093200000| Complete 
| 307|0x0000000093300000, 0x0000000093400000, 0x0000000093400000|100%| E|CS|TAMS 0x0000000093300000, 0x0000000093300000| Complete 
| 308|0x0000000093400000, 0x0000000093500000, 0x0000000093500000|100%| E|CS|TAMS 0x0000000093400000, 0x0000000093400000| Complete 
| 309|0x0000000093500000, 0x0000000093600000, 0x0000000093600000|100%| E|CS|TAMS 0x0000000093500000, 0x0000000093500000| Complete 
| 310|0x0000000093600000, 0x0000000093700000, 0x0000000093700000|100%| E|  |TAMS 0x0000000093600000, 0x0000000093600000| Complete 
| 311|0x0000000093700000, 0x0000000093800000, 0x0000000093800000|100%| E|CS|TAMS 0x0000000093700000, 0x0000000093700000| Complete 
| 312|0x0000000093800000, 0x0000000093900000, 0x0000000093900000|100%| E|CS|TAMS 0x0000000093800000, 0x0000000093800000| Complete 
| 313|0x0000000093900000, 0x0000000093a00000, 0x0000000093a00000|100%| E|CS|TAMS 0x0000000093900000, 0x0000000093900000| Complete 
| 314|0x0000000093a00000, 0x0000000093b00000, 0x0000000093b00000|100%| E|CS|TAMS 0x0000000093a00000, 0x0000000093a00000| Complete 
| 315|0x0000000093b00000, 0x0000000093c00000, 0x0000000093c00000|100%| E|CS|TAMS 0x0000000093b00000, 0x0000000093b00000| Complete 
| 316|0x0000000093c00000, 0x0000000093d00000, 0x0000000093d00000|100%| E|CS|TAMS 0x0000000093c00000, 0x0000000093c00000| Complete 
| 317|0x0000000093d00000, 0x0000000093e00000, 0x0000000093e00000|100%| E|CS|TAMS 0x0000000093d00000, 0x0000000093d00000| Complete 
| 318|0x0000000093e00000, 0x0000000093f00000, 0x0000000093f00000|100%| E|CS|TAMS 0x0000000093e00000, 0x0000000093e00000| Complete 
| 319|0x0000000093f00000, 0x0000000094000000, 0x0000000094000000|100%| E|CS|TAMS 0x0000000093f00000, 0x0000000093f00000| Complete 
| 320|0x0000000094000000, 0x0000000094100000, 0x0000000094100000|100%| E|CS|TAMS 0x0000000094000000, 0x0000000094000000| Complete 
| 321|0x0000000094100000, 0x0000000094200000, 0x0000000094200000|100%| E|CS|TAMS 0x0000000094100000, 0x0000000094100000| Complete 
| 322|0x0000000094200000, 0x0000000094300000, 0x0000000094300000|100%| E|CS|TAMS 0x0000000094200000, 0x0000000094200000| Complete 
| 323|0x0000000094300000, 0x0000000094400000, 0x0000000094400000|100%| E|CS|TAMS 0x0000000094300000, 0x0000000094300000| Complete 
| 324|0x0000000094400000, 0x0000000094500000, 0x0000000094500000|100%| E|CS|TAMS 0x0000000094400000, 0x0000000094400000| Complete 
| 325|0x0000000094500000, 0x0000000094600000, 0x0000000094600000|100%| E|CS|TAMS 0x0000000094500000, 0x0000000094500000| Complete 
| 326|0x0000000094600000, 0x0000000094700000, 0x0000000094700000|100%| E|CS|TAMS 0x0000000094600000, 0x0000000094600000| Complete 
| 327|0x0000000094700000, 0x0000000094800000, 0x0000000094800000|100%| E|CS|TAMS 0x0000000094700000, 0x0000000094700000| Complete 
| 328|0x0000000094800000, 0x0000000094900000, 0x0000000094900000|100%| E|CS|TAMS 0x0000000094800000, 0x0000000094800000| Complete 
| 329|0x0000000094900000, 0x0000000094a00000, 0x0000000094a00000|100%| E|CS|TAMS 0x0000000094900000, 0x0000000094900000| Complete 
| 330|0x0000000094a00000, 0x0000000094b00000, 0x0000000094b00000|100%| E|CS|TAMS 0x0000000094a00000, 0x0000000094a00000| Complete 

Card table byte_map: [0x0000021b7eed0000,0x0000021b7f2d0000] _byte_map_base: 0x0000021b7ead0000

Marking Bits (Prev, Next): (CMBitMap*) 0x0000021b78d91aa8, (CMBitMap*) 0x0000021b78d91ae0
 Prev Bits: [0x0000021b0f000000, 0x0000021b11000000)
 Next Bits: [0x0000021b11000000, 0x0000021b13000000)

Polling page: 0x0000021b78be0000

Metaspace:

Usage:
  Non-class:    101.71 MB capacity,    99.80 MB ( 98%) used,     1.53 MB (  2%) free+waste,   384.00 KB ( <1%) overhead. 
      Class:     15.73 MB capacity,    14.57 MB ( 93%) used,  1012.35 KB (  6%) free+waste,   173.63 KB (  1%) overhead. 
       Both:    117.43 MB capacity,   114.37 MB ( 97%) used,     2.52 MB (  2%) free+waste,   557.63 KB ( <1%) overhead. 

Virtual space:
  Non-class space:      104.00 MB reserved,     102.50 MB ( 99%) committed 
      Class space:        1.00 GB reserved,      16.45 MB (  2%) committed 
             Both:        1.10 GB reserved,     118.95 MB ( 11%) committed 

Chunk freelists:
   Non-Class:  812.00 KB
       Class:  631.00 KB
        Both:  1.41 MB

MaxMetaspaceSize: 17179869184.00 GB
CompressedClassSpaceSize: 1.00 GB

CodeHeap 'non-profiled nmethods': size=120000Kb used=8416Kb max_used=8416Kb free=111583Kb
 bounds [0x0000021b07ad0000, 0x0000021b08310000, 0x0000021b0f000000]
CodeHeap 'profiled nmethods': size=120000Kb used=34974Kb max_used=34974Kb free=85025Kb
 bounds [0x0000021b005a0000, 0x0000021b027d0000, 0x0000021b07ad0000]
CodeHeap 'non-nmethods': size=5760Kb used=2409Kb max_used=2466Kb free=3350Kb
 bounds [0x0000021b00000000, 0x0000021b00280000, 0x0000021b005a0000]
 total_blobs=17231 nmethods=16169 adapters=972
 compilation: enabled
              stopped_count=0, restarted_count=0
 full_count=0

Compilation events (20 events):
Event: 26.858 Thread 0x0000021b18d14800 nmethod 16590 0x0000021b082ffc90 code [0x0000021b082ffe40, 0x0000021b083000a8]
Event: 26.858 Thread 0x0000021b18d14800 16594       4       com.android.tools.r8.internal.Su$$Lambda$2318/0x0000000100ff4840::applyAsInt (12 bytes)
Event: 26.862 Thread 0x0000021b18d14800 nmethod 16594 0x0000021b08300290 code [0x0000021b08300460, 0x0000021b08300728]
Event: 26.862 Thread 0x0000021b18d14800 16576       4       com.android.tools.r8.internal.Su$$Lambda$2306/0x0000000100ff1840::compare (12 bytes)
Event: 26.872 Thread 0x0000021b18d14800 nmethod 16576 0x0000021b08300a10 code [0x0000021b08300bc0, 0x0000021b08300fd8]
Event: 26.872 Thread 0x0000021b18d14800 16582       4       com.android.tools.r8.internal.Su$$Lambda$2312/0x0000000100ff3040::compare (16 bytes)
Event: 26.873 Thread 0x0000021b18d14800 nmethod 16582 0x0000021b08301210 code [0x0000021b083013c0, 0x0000021b08301518]
Event: 26.873 Thread 0x0000021b18d14800 16596       4       com.android.tools.r8.internal.l8::a (24 bytes)
Event: 26.886 Thread 0x0000021b18d14800 nmethod 16596 0x0000021b08301690 code [0x0000021b083018a0, 0x0000021b08301fb0]
Event: 26.886 Thread 0x0000021b18d14800 16599       4       com.android.tools.r8.graph.X::a (10 bytes)
Event: 26.892 Thread 0x0000021b18d14800 nmethod 16599 0x0000021b08302690 code [0x0000021b083028a0, 0x0000021b08302c68]
Event: 26.892 Thread 0x0000021b18d14800 16601       4       com.android.tools.r8.internal.Su$$Lambda$2317/0x0000000100ff4440::applyAsInt (12 bytes)
Event: 26.897 Thread 0x0000021b18d14800 nmethod 16601 0x0000021b08303110 code [0x0000021b083032e0, 0x0000021b083035a8]
Event: 26.897 Thread 0x0000021b18d14800 16583       4       com.android.tools.r8.internal.j8::a (24 bytes)
Event: 26.898 Thread 0x0000021b18d14800 nmethod 16583 0x0000021b08303890 code [0x0000021b08303a20, 0x0000021b08303af8]
Event: 26.898 Thread 0x0000021b18d14800 16556       4       com.android.tools.r8.internal.i8::a (28 bytes)
Event: 26.909 Thread 0x0000021b18d14800 nmethod 16556 0x0000021b08303c10 code [0x0000021b08303de0, 0x0000021b08304398]
Event: 26.909 Thread 0x0000021b18d14800 16602 %     4       java.util.IdentityHashMap$KeySet::toArray @ 49 (139 bytes)
Event: 26.918 Thread 0x0000021b18d14800 nmethod 16602% 0x0000021b08304710 code [0x0000021b083048c0, 0x0000021b08304d38]
Event: 26.918 Thread 0x0000021b18d14800 16603       4       com.android.tools.r8.internal.i8::a (80 bytes)

GC Heap History (20 events):
Event: 23.680 GC heap before
{Heap before GC invocations=33 (full 0):
 garbage-first heap   total 189440K, used 149509K [0x0000000080000000, 0x0000000100000000)
  region size 1024K, 59 young (60416K), 4 survivors (4096K)
 Metaspace       used 107905K, capacity 110493K, committed 110668K, reserved 1144832K
  class space    used 13594K, capacity 14571K, committed 14668K, reserved 1048576K
}
Event: 23.697 GC heap after
{Heap after GC invocations=34 (full 0):
 garbage-first heap   total 189440K, used 103891K [0x0000000080000000, 0x0000000100000000)
  region size 1024K, 8 young (8192K), 8 survivors (8192K)
 Metaspace       used 107905K, capacity 110493K, committed 110668K, reserved 1144832K
  class space    used 13594K, capacity 14571K, committed 14668K, reserved 1048576K
}
Event: 23.966 GC heap before
{Heap before GC invocations=34 (full 0):
 garbage-first heap   total 189440K, used 147923K [0x0000000080000000, 0x0000000100000000)
  region size 1024K, 52 young (53248K), 8 survivors (8192K)
 Metaspace       used 110886K, capacity 113997K, committed 114124K, reserved 1148928K
  class space    used 14169K, capacity 15455K, committed 15564K, reserved 1048576K
}
Event: 23.999 GC heap after
{Heap after GC invocations=35 (full 0):
 garbage-first heap   total 189440K, used 114911K [0x0000000080000000, 0x0000000100000000)
  region size 1024K, 7 young (7168K), 7 survivors (7168K)
 Metaspace       used 110886K, capacity 113997K, committed 114124K, reserved 1148928K
  class space    used 14169K, capacity 15455K, committed 15564K, reserved 1048576K
}
Event: 24.407 GC heap before
{Heap before GC invocations=36 (full 0):
 garbage-first heap   total 189440K, used 150751K [0x0000000080000000, 0x0000000100000000)
  region size 1024K, 42 young (43008K), 7 survivors (7168K)
 Metaspace       used 114197K, capacity 117463K, committed 117580K, reserved 1150976K
  class space    used 14737K, capacity 16109K, committed 16204K, reserved 1048576K
}
Event: 24.430 GC heap after
{Heap after GC invocations=37 (full 0):
 garbage-first heap   total 189440K, used 119572K [0x0000000080000000, 0x0000000100000000)
  region size 1024K, 5 young (5120K), 5 survivors (5120K)
 Metaspace       used 114197K, capacity 117463K, committed 117580K, reserved 1150976K
  class space    used 14737K, capacity 16109K, committed 16204K, reserved 1048576K
}
Event: 24.451 GC heap before
{Heap before GC invocations=37 (full 0):
 garbage-first heap   total 189440K, used 123668K [0x0000000080000000, 0x0000000100000000)
  region size 1024K, 9 young (9216K), 5 survivors (5120K)
 Metaspace       used 114252K, capacity 117533K, committed 117836K, reserved 1150976K
  class space    used 14747K, capacity 16110K, committed 16204K, reserved 1048576K
}
Event: 24.460 GC heap after
{Heap after GC invocations=38 (full 0):
 garbage-first heap   total 189440K, used 118366K [0x0000000080000000, 0x0000000100000000)
  region size 1024K, 1 young (1024K), 1 survivors (1024K)
 Metaspace       used 114252K, capacity 117533K, committed 117836K, reserved 1150976K
  class space    used 14747K, capacity 16110K, committed 16204K, reserved 1048576K
}
Event: 24.664 GC heap before
{Heap before GC invocations=38 (full 0):
 garbage-first heap   total 189440K, used 152158K [0x0000000080000000, 0x0000000100000000)
  region size 1024K, 35 young (35840K), 1 survivors (1024K)
 Metaspace       used 115924K, capacity 119443K, committed 119628K, reserved 1153024K
  class space    used 14991K, capacity 16446K, committed 16460K, reserved 1048576K
}
Event: 24.676 GC heap after
{Heap after GC invocations=39 (full 0):
 garbage-first heap   total 189440K, used 121774K [0x0000000080000000, 0x0000000100000000)
  region size 1024K, 5 young (5120K), 5 survivors (5120K)
 Metaspace       used 115924K, capacity 119443K, committed 119628K, reserved 1153024K
  class space    used 14991K, capacity 16446K, committed 16460K, reserved 1048576K
}
Event: 25.264 GC heap before
{Heap before GC invocations=40 (full 0):
 garbage-first heap   total 189440K, used 169902K [0x0000000080000000, 0x0000000100000000)
  region size 1024K, 38 young (38912K), 5 survivors (5120K)
 Metaspace       used 115898K, capacity 118883K, committed 120780K, reserved 1153024K
  class space    used 14718K, capacity 15853K, committed 16588K, reserved 1048576K
}
Event: 25.278 GC heap after
{Heap after GC invocations=41 (full 0):
 garbage-first heap   total 238592K, used 135792K [0x0000000080000000, 0x0000000100000000)
  region size 1024K, 5 young (5120K), 5 survivors (5120K)
 Metaspace       used 115898K, capacity 118883K, committed 120780K, reserved 1153024K
  class space    used 14718K, capacity 15853K, committed 16588K, reserved 1048576K
}
Event: 25.319 GC heap before
{Heap before GC invocations=41 (full 0):
 garbage-first heap   total 238592K, used 141936K [0x0000000080000000, 0x0000000100000000)
  region size 1024K, 11 young (11264K), 5 survivors (5120K)
 Metaspace       used 115905K, capacity 118884K, committed 120780K, reserved 1153024K
  class space    used 14718K, capacity 15853K, committed 16588K, reserved 1048576K
}
Event: 25.330 GC heap after
{Heap after GC invocations=42 (full 0):
 garbage-first heap   total 238592K, used 138966K [0x0000000080000000, 0x0000000100000000)
  region size 1024K, 2 young (2048K), 2 survivors (2048K)
 Metaspace       used 115905K, capacity 118884K, committed 120780K, reserved 1153024K
  class space    used 14718K, capacity 15853K, committed 16588K, reserved 1048576K
}
Event: 25.773 GC heap before
{Heap before GC invocations=42 (full 0):
 garbage-first heap   total 238592K, used 182998K [0x0000000080000000, 0x0000000100000000)
  region size 1024K, 46 young (47104K), 2 survivors (2048K)
 Metaspace       used 116833K, capacity 119940K, committed 121548K, reserved 1155072K
  class space    used 14913K, capacity 16099K, committed 16844K, reserved 1048576K
}
Event: 25.795 GC heap after
{Heap after GC invocations=43 (full 0):
 garbage-first heap   total 238592K, used 160863K [0x0000000080000000, 0x0000000100000000)
  region size 1024K, 6 young (6144K), 6 survivors (6144K)
 Metaspace       used 116833K, capacity 119940K, committed 121548K, reserved 1155072K
  class space    used 14913K, capacity 16099K, committed 16844K, reserved 1048576K
}
Event: 26.059 GC heap before
{Heap before GC invocations=43 (full 0):
 garbage-first heap   total 238592K, used 187487K [0x0000000080000000, 0x0000000100000000)
  region size 1024K, 33 young (33792K), 6 survivors (6144K)
 Metaspace       used 117026K, capacity 120178K, committed 121804K, reserved 1155072K
  class space    used 14919K, capacity 16105K, committed 16844K, reserved 1048576K
}
Event: 26.087 GC heap after
{Heap after GC invocations=44 (full 0):
 garbage-first heap   total 238592K, used 170673K [0x0000000080000000, 0x0000000100000000)
  region size 1024K, 5 young (5120K), 5 survivors (5120K)
 Metaspace       used 117026K, capacity 120178K, committed 121804K, reserved 1155072K
  class space    used 14919K, capacity 16105K, committed 16844K, reserved 1048576K
}
Event: 26.435 GC heap before
{Heap before GC invocations=44 (full 0):
 garbage-first heap   total 238592K, used 193201K [0x0000000080000000, 0x0000000100000000)
  region size 1024K, 27 young (27648K), 5 survivors (5120K)
 Metaspace       used 117052K, capacity 120180K, committed 121804K, reserved 1155072K
  class space    used 14919K, capacity 16105K, committed 16844K, reserved 1048576K
}
Event: 26.461 GC heap after
{Heap after GC invocations=45 (full 0):
 garbage-first heap   total 338944K, used 177408K [0x0000000080000000, 0x0000000100000000)
  region size 1024K, 4 young (4096K), 4 survivors (4096K)
 Metaspace       used 117052K, capacity 120180K, committed 121804K, reserved 1155072K
  class space    used 14919K, capacity 16105K, committed 16844K, reserved 1048576K
}

Deoptimization events (20 events):
Event: 26.700 Thread 0x0000021b16e86800 DEOPT PACKING pc=0x0000021b02518248 sp=0x000000af2f7fe9f0
Event: 26.700 Thread 0x0000021b16e86800 DEOPT UNPACKING pc=0x0000021b000276ce sp=0x000000af2f7fded8 mode 0
Event: 26.702 Thread 0x0000021b16e86800 DEOPT PACKING pc=0x0000021b02518248 sp=0x000000af2f7fe9f0
Event: 26.702 Thread 0x0000021b16e86800 DEOPT UNPACKING pc=0x0000021b000276ce sp=0x000000af2f7fded8 mode 0
Event: 26.733 Thread 0x0000021b16e86800 DEOPT PACKING pc=0x0000021b02518248 sp=0x000000af2f7fe9d0
Event: 26.733 Thread 0x0000021b16e86800 DEOPT UNPACKING pc=0x0000021b000276ce sp=0x000000af2f7fdeb8 mode 0
Event: 26.747 Thread 0x0000021b16e86800 DEOPT PACKING pc=0x0000021b02518248 sp=0x000000af2f7fe8a0
Event: 26.747 Thread 0x0000021b16e86800 DEOPT UNPACKING pc=0x0000021b000276ce sp=0x000000af2f7fdd88 mode 0
Event: 26.790 Thread 0x0000021b16e86800 DEOPT PACKING pc=0x0000021b02538c61 sp=0x000000af2f7fe9f0
Event: 26.790 Thread 0x0000021b16e86800 DEOPT UNPACKING pc=0x0000021b000276ce sp=0x000000af2f7fdee0 mode 0
Event: 26.805 Thread 0x0000021b16e86800 DEOPT PACKING pc=0x0000021b02538c61 sp=0x000000af2f7fea50
Event: 26.805 Thread 0x0000021b16e86800 DEOPT UNPACKING pc=0x0000021b000276ce sp=0x000000af2f7fdf40 mode 0
Event: 26.814 Thread 0x0000021b16e86800 DEOPT PACKING pc=0x0000021b02538c61 sp=0x000000af2f7fea50
Event: 26.814 Thread 0x0000021b16e86800 DEOPT UNPACKING pc=0x0000021b000276ce sp=0x000000af2f7fdf40 mode 0
Event: 26.820 Thread 0x0000021b16e86800 DEOPT PACKING pc=0x0000021b02538c61 sp=0x000000af2f7fea50
Event: 26.820 Thread 0x0000021b16e86800 DEOPT UNPACKING pc=0x0000021b000276ce sp=0x000000af2f7fdf40 mode 0
Event: 26.830 Thread 0x0000021b16e86800 DEOPT PACKING pc=0x0000021b02538c61 sp=0x000000af2f7fea50
Event: 26.830 Thread 0x0000021b16e86800 DEOPT UNPACKING pc=0x0000021b000276ce sp=0x000000af2f7fdf40 mode 0
Event: 26.851 Thread 0x0000021b16e86800 DEOPT PACKING pc=0x0000021b02538c61 sp=0x000000af2f7fea50
Event: 26.851 Thread 0x0000021b16e86800 DEOPT UNPACKING pc=0x0000021b000276ce sp=0x000000af2f7fdf40 mode 0

Classes redefined (0 events):
No events

Internal exceptions (20 events):
Event: 24.551 Thread 0x0000021b18bc3800 Exception <a 'java/lang/NoSuchMethodError'{0x000000008aa1bce0}: 'java.lang.Object java.lang.invoke.Invokers$Holder.linkToTargetMethod(java.lang.Object, int, java.lang.Object, java.lang.Object, java.lang.Object, java.lang.Object)'> (0x000000008aa1bce0) thrown at [./src/hotspot/share/interpreter/linkResolver.cpp, line 773]
Event: 24.612 Thread 0x0000021b18bc3800 Exception <a 'java/lang/IncompatibleClassChangeError'{0x0000000089f26070}: Found class java.lang.Object, but interface was expected> (0x0000000089f26070) thrown at [./src/hotspot/share/interpreter/linkResolver.cpp, line 839]
Event: 24.655 Thread 0x0000021b18bc3800 Exception <a 'java/lang/NoSuchMethodError'{0x000000008976b0e8}: 'void java.lang.invoke.DirectMethodHandle$Holder.invokeVirtual(java.lang.Object, java.lang.Object, int)'> (0x000000008976b0e8) thrown at [./src/hotspot/share/interpreter/linkResolver.cpp, line 773]
Event: 24.691 Thread 0x0000021b18bc5800 Exception <a 'sun/nio/fs/WindowsException'{0x000000008b8f4238}> (0x000000008b8f4238) thrown at [./src/hotspot/share/prims/jni.cpp, line 615]
Event: 24.696 Thread 0x0000021b18bc3800 Exception <a 'sun/nio/fs/WindowsException'{0x000000008b82b8b8}> (0x000000008b82b8b8) thrown at [./src/hotspot/share/prims/jni.cpp, line 615]
Event: 24.740 Thread 0x0000021b18bc2800 Exception <a 'sun/nio/fs/WindowsException'{0x000000008b7ee4d8}> (0x000000008b7ee4d8) thrown at [./src/hotspot/share/prims/jni.cpp, line 615]
Event: 24.743 Thread 0x0000021b18bc2800 Exception <a 'sun/nio/fs/WindowsException'{0x000000008b7f62b8}> (0x000000008b7f62b8) thrown at [./src/hotspot/share/prims/jni.cpp, line 615]
Event: 24.744 Thread 0x0000021b18bc5800 Exception <a 'sun/nio/fs/WindowsException'{0x000000008b5fa1e0}> (0x000000008b5fa1e0) thrown at [./src/hotspot/share/prims/jni.cpp, line 615]
Event: 24.746 Thread 0x0000021b18bc3800 Exception <a 'sun/nio/fs/WindowsException'{0x000000008b443100}> (0x000000008b443100) thrown at [./src/hotspot/share/prims/jni.cpp, line 615]
Event: 24.748 Thread 0x0000021b18bc2800 Exception <a 'sun/nio/fs/WindowsException'{0x000000008b49e820}> (0x000000008b49e820) thrown at [./src/hotspot/share/prims/jni.cpp, line 615]
Event: 24.750 Thread 0x0000021b18bc3800 Exception <a 'sun/nio/fs/WindowsException'{0x000000008b44b7a8}> (0x000000008b44b7a8) thrown at [./src/hotspot/share/prims/jni.cpp, line 615]
Event: 24.751 Thread 0x0000021b18bc2800 Exception <a 'sun/nio/fs/WindowsException'{0x000000008b4fc488}> (0x000000008b4fc488) thrown at [./src/hotspot/share/prims/jni.cpp, line 615]
Event: 24.766 Thread 0x0000021b18bc2800 Exception <a 'sun/nio/fs/WindowsException'{0x000000008b37e320}> (0x000000008b37e320) thrown at [./src/hotspot/share/prims/jni.cpp, line 615]
Event: 24.802 Thread 0x0000021b18bc4000 Exception <a 'sun/nio/fs/WindowsException'{0x000000008af83e10}> (0x000000008af83e10) thrown at [./src/hotspot/share/prims/jni.cpp, line 615]
Event: 24.805 Thread 0x0000021b18bc4000 Exception <a 'sun/nio/fs/WindowsException'{0x000000008aff5f70}> (0x000000008aff5f70) thrown at [./src/hotspot/share/prims/jni.cpp, line 615]
Event: 24.809 Thread 0x0000021b18bc4000 Exception <a 'sun/nio/fs/WindowsException'{0x000000008ae42ad8}> (0x000000008ae42ad8) thrown at [./src/hotspot/share/prims/jni.cpp, line 615]
Event: 24.824 Thread 0x0000021b18bc4000 Exception <a 'sun/nio/fs/WindowsException'{0x000000008ae4af88}> (0x000000008ae4af88) thrown at [./src/hotspot/share/prims/jni.cpp, line 615]
Event: 25.120 Thread 0x0000021b18bc2800 Exception <a 'sun/nio/fs/WindowsException'{0x000000008a73de50}> (0x000000008a73de50) thrown at [./src/hotspot/share/prims/jni.cpp, line 615]
Event: 25.422 Thread 0x0000021b16e85800 Exception <a 'java/lang/NoSuchMethodError'{0x000000008decd6f8}: 'long java.lang.invoke.DirectMethodHandle$Holder.invokeStatic(java.lang.Object, java.lang.Object, java.lang.Object)'> (0x000000008decd6f8) thrown at [./src/hotspot/share/interpreter/linkResolver.cpp, line 773]
Event: 25.422 Thread 0x0000021b16e80000 Exception <a 'java/lang/NoSuchMethodError'{0x000000008dd37d58}: 'long java.lang.invoke.DirectMethodHandle$Holder.invokeStatic(java.lang.Object, java.lang.Object, java.lang.Object)'> (0x000000008dd37d58) thrown at [./src/hotspot/share/interpreter/linkResolver.cpp, line 773]

Events (20 events):
Event: 25.926 Executing coalesced safepoint VM operation: RevokeBias done
Event: 25.926 Executing coalesced safepoint VM operation: RevokeBias
Event: 25.926 Executing coalesced safepoint VM operation: RevokeBias done
Event: 25.926 Executing VM operation: RevokeBias done
Event: 25.926 Executing VM operation: RevokeBias
Event: 25.926 Executing coalesced safepoint VM operation: BulkRevokeBias
Event: 25.928 Executing coalesced safepoint VM operation: BulkRevokeBias done
Event: 25.928 Executing coalesced safepoint VM operation: RevokeBias
Event: 25.928 Executing coalesced safepoint VM operation: RevokeBias done
Event: 25.928 Executing coalesced safepoint VM operation: RevokeBias
Event: 25.928 Executing coalesced safepoint VM operation: RevokeBias done
Event: 25.928 Executing coalesced safepoint VM operation: RevokeBias
Event: 25.928 Executing coalesced safepoint VM operation: RevokeBias done
Event: 25.928 Executing coalesced safepoint VM operation: RevokeBias
Event: 25.928 Executing coalesced safepoint VM operation: RevokeBias done
Event: 25.928 Executing VM operation: RevokeBias done
Event: 26.059 Executing VM operation: G1CollectForAllocation
Event: 26.087 Executing VM operation: G1CollectForAllocation done
Event: 26.435 Executing VM operation: G1CollectForAllocation
Event: 26.461 Executing VM operation: G1CollectForAllocation done


Dynamic libraries:
0x00007ff70c4a0000 - 0x00007ff70c4aa000 	C:\Program Files\Android\Android Studio\jre\bin\java.exe
0x00007fffe5850000 - 0x00007fffe5a45000 	C:\WINDOWS\SYSTEM32\ntdll.dll
0x00007fffe3b50000 - 0x00007fffe3c0e000 	C:\WINDOWS\System32\KERNEL32.DLL
0x00007fffe33a0000 - 0x00007fffe3668000 	C:\WINDOWS\System32\KERNELBASE.dll
0x00007fffe3200000 - 0x00007fffe3300000 	C:\WINDOWS\System32\ucrtbase.dll
0x00007fffc1fa0000 - 0x00007fffc1fb7000 	C:\Program Files\Android\Android Studio\jre\bin\VCRUNTIME140.dll
0x00007fffc0960000 - 0x00007fffc0979000 	C:\Program Files\Android\Android Studio\jre\bin\jli.dll
0x00007fffe5030000 - 0x00007fffe51d1000 	C:\WINDOWS\System32\USER32.dll
0x00007fffc4c40000 - 0x00007fffc4eda000 	C:\WINDOWS\WinSxS\amd64_microsoft.windows.common-controls_6595b64144ccf1df_6.0.19041.1110_none_60b5254171f9507e\COMCTL32.dll
0x00007fffe3670000 - 0x00007fffe3692000 	C:\WINDOWS\System32\win32u.dll
0x00007fffe4a60000 - 0x00007fffe4afe000 	C:\WINDOWS\System32\msvcrt.dll
0x00007fffe4b00000 - 0x00007fffe4b2b000 	C:\WINDOWS\System32\GDI32.dll
0x00007fffe2f90000 - 0x00007fffe309d000 	C:\WINDOWS\System32\gdi32full.dll
0x00007fffe3300000 - 0x00007fffe339d000 	C:\WINDOWS\System32\msvcp_win.dll
0x00007fffe4f00000 - 0x00007fffe4f30000 	C:\WINDOWS\System32\IMM32.DLL
0x00007fffaaba0000 - 0x00007fffaac3d000 	C:\Program Files\Android\Android Studio\jre\bin\msvcp140.dll
0x00007fff81cf0000 - 0x00007fff827bf000 	C:\Program Files\Android\Android Studio\jre\bin\server\jvm.dll
0x00007fffe3aa0000 - 0x00007fffe3b4c000 	C:\WINDOWS\System32\ADVAPI32.dll
0x00007fffe4f90000 - 0x00007fffe502b000 	C:\WINDOWS\System32\sechost.dll
0x00007fffe4da0000 - 0x00007fffe4eca000 	C:\WINDOWS\System32\RPCRT4.dll
0x00007fffe4d90000 - 0x00007fffe4d98000 	C:\WINDOWS\System32\PSAPI.DLL
0x00007fffce0d0000 - 0x00007fffce0d9000 	C:\WINDOWS\SYSTEM32\WSOCK32.dll
0x00007fffcdf90000 - 0x00007fffcdfb7000 	C:\WINDOWS\SYSTEM32\WINMM.dll
0x00007fffd0bb0000 - 0x00007fffd0bba000 	C:\WINDOWS\SYSTEM32\VERSION.dll
0x00007fffe49f0000 - 0x00007fffe4a5b000 	C:\WINDOWS\System32\WS2_32.dll
0x00007fffe1810000 - 0x00007fffe1822000 	C:\WINDOWS\SYSTEM32\kernel.appcore.dll
0x00007fffbc670000 - 0x00007fffbc681000 	C:\Program Files\Android\Android Studio\jre\bin\verify.dll
0x00007fffe1470000 - 0x00007fffe1654000 	C:\WINDOWS\SYSTEM32\DBGHELP.DLL
0x00007fffc7b20000 - 0x00007fffc7b4c000 	C:\WINDOWS\SYSTEM32\dbgcore.DLL
0x00007fffe3750000 - 0x00007fffe37d2000 	C:\WINDOWS\System32\bcryptPrimitives.dll
0x00007fffbc640000 - 0x00007fffbc669000 	C:\Program Files\Android\Android Studio\jre\bin\java.dll
0x00007fffbc630000 - 0x00007fffbc63b000 	C:\Program Files\Android\Android Studio\jre\bin\jimage.dll
0x00007fffbbf40000 - 0x00007fffbbf58000 	C:\Program Files\Android\Android Studio\jre\bin\zip.dll
0x00007fffe3c10000 - 0x00007fffe4354000 	C:\WINDOWS\System32\SHELL32.dll
0x00007fffe0bb0000 - 0x00007fffe1344000 	C:\WINDOWS\SYSTEM32\windows.storage.dll
0x00007fffe4680000 - 0x00007fffe49d5000 	C:\WINDOWS\System32\combase.dll
0x00007fffe29b0000 - 0x00007fffe29de000 	C:\WINDOWS\SYSTEM32\Wldp.dll
0x00007fffe44a0000 - 0x00007fffe454d000 	C:\WINDOWS\System32\SHCORE.dll
0x00007fffe4550000 - 0x00007fffe45a5000 	C:\WINDOWS\System32\shlwapi.dll
0x00007fffe2ea0000 - 0x00007fffe2ebf000 	C:\WINDOWS\SYSTEM32\profapi.dll
0x00007fffb7730000 - 0x00007fffb774a000 	C:\Program Files\Android\Android Studio\jre\bin\net.dll
0x00007fffd5200000 - 0x00007fffd530c000 	C:\WINDOWS\SYSTEM32\WINHTTP.dll
0x00007fffe2710000 - 0x00007fffe277a000 	C:\WINDOWS\system32\mswsock.dll
0x00007fffb7680000 - 0x00007fffb7694000 	C:\Program Files\Android\Android Studio\jre\bin\nio.dll
0x00007fffdaf90000 - 0x00007fffdafb7000 	C:\Users\hippo\.gradle\native\8bec1ad78214c89d9ad589b4d07fe93259594b29d510b10fafb7a158f7737e5d\windows-amd64\native-platform.dll
0x00007fffc2070000 - 0x00007fffc21ad000 	C:\Users\hippo\.gradle\native\53dbd7edfb1c66fb8903c78663c9afc45aea4f116125fa6feffd364cf09443e8\windows-amd64\native-platform-file-events.dll
0x00007fffbbf30000 - 0x00007fffbbf3a000 	C:\Program Files\Android\Android Studio\jre\bin\management.dll
0x00007fffb7700000 - 0x00007fffb770c000 	C:\Program Files\Android\Android Studio\jre\bin\management_ext.dll
0x00007fffe2900000 - 0x00007fffe2918000 	C:\WINDOWS\SYSTEM32\CRYPTSP.dll
0x00007fffe2020000 - 0x00007fffe2054000 	C:\WINDOWS\system32\rsaenh.dll
0x00007fffe2f60000 - 0x00007fffe2f87000 	C:\WINDOWS\System32\bcrypt.dll
0x00007fffe2e20000 - 0x00007fffe2e4e000 	C:\WINDOWS\SYSTEM32\USERENV.dll
0x00007fffe2920000 - 0x00007fffe292c000 	C:\WINDOWS\SYSTEM32\CRYPTBASE.dll
0x00007fffe23b0000 - 0x00007fffe23eb000 	C:\WINDOWS\SYSTEM32\IPHLPAPI.DLL
0x00007fffe4ef0000 - 0x00007fffe4ef8000 	C:\WINDOWS\System32\NSI.dll
0x00007fffd75c0000 - 0x00007fffd75d7000 	C:\WINDOWS\SYSTEM32\dhcpcsvc6.DLL
0x00007fffd7620000 - 0x00007fffd763d000 	C:\WINDOWS\SYSTEM32\dhcpcsvc.DLL
0x00007fffe23f0000 - 0x00007fffe24bb000 	C:\WINDOWS\SYSTEM32\DNSAPI.dll
0x00007fff96f00000 - 0x00007fff970a4000 	C:\Program Files\Android\Android Studio\jre\bin\awt.dll
0x00007fffe45b0000 - 0x00007fffe467d000 	C:\WINDOWS\System32\OLEAUT32.dll
0x00007fffe06e0000 - 0x00007fffe070f000 	C:\WINDOWS\SYSTEM32\dwmapi.dll
0x00007fffdd0d0000 - 0x00007fffdd160000 	C:\WINDOWS\SYSTEM32\apphelp.dll
0x00007fffdd210000 - 0x00007fffdd2ae000 	C:\WINDOWS\system32\uxtheme.dll

dbghelp: loaded successfully - version: 4.0.5 - missing functions: none
symbol engine: initialized successfully - sym options: 0x614 - pdb path: .;C:\Program Files\Android\Android Studio\jre\bin;C:\WINDOWS\SYSTEM32;C:\WINDOWS\WinSxS\amd64_microsoft.windows.common-controls_6595b64144ccf1df_6.0.19041.1110_none_60b5254171f9507e;C:\Program Files\Android\Android Studio\jre\bin\server;C:\Users\hippo\.gradle\native\8bec1ad78214c89d9ad589b4d07fe93259594b29d510b10fafb7a158f7737e5d\windows-amd64;C:\Users\hippo\.gradle\native\53dbd7edfb1c66fb8903c78663c9afc45aea4f116125fa6feffd364cf09443e8\windows-amd64

VM Arguments:
jvm_args: --add-opens=java.base/java.util=ALL-UNNAMED --add-opens=java.base/java.lang=ALL-UNNAMED --add-opens=java.base/java.lang.invoke=ALL-UNNAMED --add-opens=java.base/java.util=ALL-UNNAMED --add-opens=java.prefs/java.util.prefs=ALL-UNNAMED --add-opens=java.prefs/java.util.prefs=ALL-UNNAMED --add-opens=java.base/java.nio.charset=ALL-UNNAMED --add-opens=java.base/java.net=ALL-UNNAMED --add-opens=java.base/java.util.concurrent.atomic=ALL-UNNAMED -Xmx2048m -Dfile.encoding=UTF-8 -Duser.country=KR -Duser.language=ko -Duser.variant 
java_command: org.gradle.launcher.daemon.bootstrap.GradleDaemon 7.0.2
java_class_path (initial): C:\Users\hippo\.gradle\wrapper\dists\gradle-7.0.2-bin\857tjihv64xamwrf0h14cai3r\gradle-7.0.2\lib\gradle-launcher-7.0.2.jar
Launcher Type: SUN_STANDARD

[Global flags]
     intx CICompilerCount                          = 4                                         {product} {ergonomic}
     uint ConcGCThreads                            = 2                                         {product} {ergonomic}
     uint G1ConcRefinementThreads                  = 8                                         {product} {ergonomic}
   size_t G1HeapRegionSize                         = 1048576                                   {product} {ergonomic}
    uintx GCDrainStackTargetSize                   = 64                                        {product} {ergonomic}
   size_t InitialHeapSize                          = 134217728                                 {product} {ergonomic}
   size_t MarkStackSize                            = 4194304                                   {product} {ergonomic}
   size_t MaxHeapSize                              = 2147483648                                {product} {command line}
   size_t MaxNewSize                               = 1287651328                                {product} {ergonomic}
   size_t MinHeapDeltaBytes                        = 1048576                                   {product} {ergonomic}
    uintx NonNMethodCodeHeapSize                   = 5836300                                {pd product} {ergonomic}
    uintx NonProfiledCodeHeapSize                  = 122910970                              {pd product} {ergonomic}
    uintx ProfiledCodeHeapSize                     = 122910970                              {pd product} {ergonomic}
    uintx ReservedCodeCacheSize                    = 251658240                              {pd product} {ergonomic}
     bool SegmentedCodeCache                       = true                                      {product} {ergonomic}
     bool UseCompressedClassPointers               = true                                 {lp64_product} {ergonomic}
     bool UseCompressedOops                        = true                                 {lp64_product} {ergonomic}
     bool UseG1GC                                  = true                                      {product} {ergonomic}
     bool UseLargePagesIndividualAllocation        = false                                  {pd product} {ergonomic}

Logging:
Log output configuration:
 #0: stdout all=warning uptime,level,tags
 #1: stderr all=off uptime,level,tags

Environment Variables:
JAVA_HOME=C:\Program Files\Java\jdk-17
PATH=C:\Program Files\Common Files\Oracle\Java\javapath;C:\Program Files\AdoptOpenJDK\jdk-15.0.2.7-hotspot\bin;C:\Program Files (x86)\Intel\iCLS Client\;C:\Program Files\Intel\iCLS Client\;C:\WINDOWS\system32;C:\WINDOWS;C:\WINDOWS\System32\Wbem;C:\WINDOWS\System32\WindowsPowerShell\v1.0\;C:\Program Files (x86)\Intel\Intel(R) Management Engine Components\DAL;C:\Program Files\Intel\Intel(R) Management Engine Components\DAL;C:\Program Files (x86)\Intel\Intel(R) Management Engine Components\IPT;C:\Program Files\Intel\Intel(R) Management Engine Components\IPT;C:\Program Files\Intel\WiFi\bin\;C:\Program Files\Common Files\Intel\WirelessCommon\;C:\WINDOWS\System32\OpenSSH\;C:\Users\hippo\AppData\Roaming\Python\Python38\Scripts;D:\Matlab\R2021a\bin;D:\zz\mingw64\bin;D:\Git_Folder\Git\cmd;C:\Program Files\TortoiseGit\bin;C:\Program Files\Java\jdk-17\bin;C:\Program Files\MySQL\MySQL Shell 8.0\bin\;D:\Anaconda;D:\Anaconda\Library\mingw-w64\bin;D:\Anaconda\Library\usr\bin;D:\Anaconda\Library\bin;D:\Anaconda\Scripts;C:\Users\hippo\AppData\Local\Microsoft\WindowsApps;C:\Users\hippo\AppData\Roaming\Python\Python38\Scripts;D:\Microsoft VS Code\bin
USERNAME=hippo
OS=Windows_NT
PROCESSOR_IDENTIFIER=Intel64 Family 6 Model 142 Stepping 10, GenuineIntel



---------------  S Y S T E M  ---------------

OS: Windows 10 , 64 bit Build 19041 (10.0.19041.1348)
OS uptime: 0 days 1:38 hours

CPU:total 8 (initial active 8) (4 cores per cpu, 2 threads per core) family 6 model 142 stepping 10 microcode 0xb4, cmov, cx8, fxsr, mmx, sse, sse2, sse3, ssse3, sse4.1, sse4.2, popcnt, avx, avx2, aes, clmul, erms, 3dnowpref, lzcnt, ht, tsc, tscinvbit, bmi1, bmi2, adx, fma

Memory: 4k page, system-wide physical 8107M (307M free)
TotalPageFile size 12203M (AvailPageFile size 3M)
current process WorkingSet (physical memory assigned to process): 596M, peak: 596M
current process commit charge ("private bytes"): 706M, peak: 707M

vm_info: OpenJDK 64-Bit Server VM (11.0.10+0-b96-7249189) for windows-amd64 JRE (11.0.10+0-b96-7249189), built on Mar 31 2021 21:44:00 by "builder" with MS VC++ 14.0 (VS2015)

END.
